{"/home/sduball/Documents/school/senior/website/frontend/components/helpers.tsx": {"path":"/home/sduball/Documents/school/senior/website/frontend/components/helpers.tsx","statementMap":{"0":{"start":{"line":7,"column":27},"end":{"line":20,"column":1}},"1":{"start":{"line":9,"column":22},"end":{"line":9,"column":24}},"2":{"start":{"line":12,"column":2},"end":{"line":16,"column":5}},"3":{"start":{"line":13,"column":4},"end":{"line":15,"column":5}},"4":{"start":{"line":14,"column":6},"end":{"line":14,"column":24}},"5":{"start":{"line":19,"column":2},"end":{"line":19,"column":16}},"6":{"start":{"line":29,"column":34},"end":{"line":42,"column":1}},"7":{"start":{"line":31,"column":27},"end":{"line":31,"column":43}},"8":{"start":{"line":34,"column":2},"end":{"line":41,"column":3}},"9":{"start":{"line":35,"column":15},"end":{"line":35,"column":59}},"10":{"start":{"line":36,"column":4},"end":{"line":36,"column":29}},"11":{"start":{"line":38,"column":4},"end":{"line":40,"column":6}},"12":{"start":{"line":47,"column":27},"end":{"line":51,"column":1}},"13":{"start":{"line":48,"column":2},"end":{"line":50,"column":3}},"14":{"start":{"line":49,"column":4},"end":{"line":49,"column":54}}},"fnMap":{"0":{"name":"(anonymous_0)","decl":{"start":{"line":7,"column":27},"end":{"line":7,"column":28}},"loc":{"start":{"line":7,"column":71},"end":{"line":20,"column":1}},"line":7},"1":{"name":"(anonymous_1)","decl":{"start":{"line":12,"column":32},"end":{"line":12,"column":33}},"loc":{"start":{"line":12,"column":48},"end":{"line":16,"column":3}},"line":12},"2":{"name":"(anonymous_2)","decl":{"start":{"line":29,"column":34},"end":{"line":29,"column":35}},"loc":{"start":{"line":29,"column":72},"end":{"line":42,"column":1}},"line":29},"3":{"name":"(anonymous_3)","decl":{"start":{"line":47,"column":27},"end":{"line":47,"column":28}},"loc":{"start":{"line":47,"column":33},"end":{"line":51,"column":1}},"line":47}},"branchMap":{"0":{"loc":{"start":{"line":13,"column":4},"end":{"line":15,"column":5}},"type":"if","locations":[{"start":{"line":13,"column":4},"end":{"line":15,"column":5}},{"start":{"line":13,"column":4},"end":{"line":15,"column":5}}],"line":13},"1":{"loc":{"start":{"line":34,"column":2},"end":{"line":41,"column":3}},"type":"if","locations":[{"start":{"line":34,"column":2},"end":{"line":41,"column":3}},{"start":{"line":34,"column":2},"end":{"line":41,"column":3}}],"line":34},"2":{"loc":{"start":{"line":48,"column":2},"end":{"line":50,"column":3}},"type":"if","locations":[{"start":{"line":48,"column":2},"end":{"line":50,"column":3}},{"start":{"line":48,"column":2},"end":{"line":50,"column":3}}],"line":48}},"s":{"0":171,"1":534,"2":534,"3":1359,"4":516,"5":534,"6":171,"7":54,"8":54,"9":45,"10":45,"11":9,"12":171,"13":3,"14":3,"15":112,"16":0,"17":0},"f":{"0":534,"1":1359,"2":54,"3":3,"4":0,"5":0},"b":{"0":[516,843],"1":[45,9],"2":[3,0]},"_coverageSchema":"1a1c01bbd47fc00a2c39e90264f33305004495a9","hash":"a805e3461cd949f69631afcfee7e729e3f6d916d"}
,"/home/sduball/Documents/school/senior/website/frontend/components/a/RectangleLink.tsx": {"path":"/home/sduball/Documents/school/senior/website/frontend/components/a/RectangleLink.tsx","statementMap":{"0":{"start":{"line":3,"column":22},"end":{"line":24,"column":1}},"1":{"start":{"line":7,"column":31},"end":{"line":7,"column":65}},"2":{"start":{"line":10,"column":20},"end":{"line":10,"column":50}}},"fnMap":{"0":{"name":"(anonymous_0)","decl":{"start":{"line":7,"column":22},"end":{"line":7,"column":23}},"loc":{"start":{"line":7,"column":31},"end":{"line":7,"column":65}},"line":7},"1":{"name":"(anonymous_1)","decl":{"start":{"line":10,"column":11},"end":{"line":10,"column":12}},"loc":{"start":{"line":10,"column":20},"end":{"line":10,"column":50}},"line":10}},"branchMap":{},"s":{"0":6,"1":27,"2":27},"f":{"0":27,"1":27},"b":{},"_coverageSchema":"1a1c01bbd47fc00a2c39e90264f33305004495a9","hash":"77f423c2ceb77f2e2aa23604e0b4f32dce2312ed"}
,"/home/sduball/Documents/school/senior/website/frontend/components/a/RoundedLink.tsx": {"path":"/home/sduball/Documents/school/senior/website/frontend/components/a/RoundedLink.tsx","statementMap":{"0":{"start":{"line":3,"column":20},"end":{"line":26,"column":1}},"1":{"start":{"line":9,"column":31},"end":{"line":9,"column":69}},"2":{"start":{"line":10,"column":20},"end":{"line":10,"column":50}},"3":{"start":{"line":17,"column":17},"end":{"line":17,"column":52}},"4":{"start":{"line":23,"column":19},"end":{"line":23,"column":54}}},"fnMap":{"0":{"name":"(anonymous_0)","decl":{"start":{"line":9,"column":22},"end":{"line":9,"column":23}},"loc":{"start":{"line":9,"column":31},"end":{"line":9,"column":69}},"line":9},"1":{"name":"(anonymous_1)","decl":{"start":{"line":10,"column":11},"end":{"line":10,"column":12}},"loc":{"start":{"line":10,"column":20},"end":{"line":10,"column":50}},"line":10},"2":{"name":"(anonymous_2)","decl":{"start":{"line":17,"column":8},"end":{"line":17,"column":9}},"loc":{"start":{"line":17,"column":17},"end":{"line":17,"column":52}},"line":17},"3":{"name":"(anonymous_3)","decl":{"start":{"line":23,"column":10},"end":{"line":23,"column":11}},"loc":{"start":{"line":23,"column":19},"end":{"line":23,"column":54}},"line":23}},"branchMap":{},"s":{"0":3,"1":3,"2":3,"3":3,"4":3},"f":{"0":3,"1":3,"2":3,"3":3},"b":{},"_coverageSchema":"1a1c01bbd47fc00a2c39e90264f33305004495a9","hash":"244e8cb47e140f56564e2beda87ccd8d36fbd12d"}
,"/home/sduball/Documents/school/senior/website/frontend/components/button/SvgButton.tsx": {"path":"/home/sduball/Documents/school/senior/website/frontend/components/button/SvgButton.tsx","statementMap":{"0":{"start":{"line":5,"column":18},"end":{"line":13,"column":1}},"1":{"start":{"line":11,"column":21},"end":{"line":11,"column":33}},"2":{"start":{"line":12,"column":20},"end":{"line":12,"column":31}},"3":{"start":{"line":27,"column":18},"end":{"line":35,"column":1}},"4":{"start":{"line":28,"column":2},"end":{"line":34,"column":14}}},"fnMap":{"0":{"name":"(anonymous_0)","decl":{"start":{"line":11,"column":12},"end":{"line":11,"column":13}},"loc":{"start":{"line":11,"column":21},"end":{"line":11,"column":33}},"line":11},"1":{"name":"(anonymous_1)","decl":{"start":{"line":12,"column":11},"end":{"line":12,"column":12}},"loc":{"start":{"line":12,"column":20},"end":{"line":12,"column":31}},"line":12},"2":{"name":"(anonymous_2)","decl":{"start":{"line":27,"column":18},"end":{"line":27,"column":19}},"loc":{"start":{"line":28,"column":2},"end":{"line":34,"column":14}},"line":28}},"branchMap":{},"s":{"0":9,"1":33,"2":33,"3":9,"4":33},"f":{"0":33,"1":33,"2":33},"b":{},"_coverageSchema":"1a1c01bbd47fc00a2c39e90264f33305004495a9","hash":"b5af737dea94b0c0b1038ee31198d919594511b7"}
,"/home/sduball/Documents/school/senior/website/frontend/components/composed/DecoratedIntro.tsx": {"path":"/home/sduball/Documents/school/senior/website/frontend/components/composed/DecoratedIntro.tsx","statementMap":{"0":{"start":{"line":8,"column":18},"end":{"line":13,"column":1}},"1":{"start":{"line":15,"column":19},"end":{"line":17,"column":1}},"2":{"start":{"line":18,"column":18},"end":{"line":20,"column":1}},"3":{"start":{"line":34,"column":23},"end":{"line":40,"column":1}},"4":{"start":{"line":35,"column":2},"end":{"line":39,"column":14}}},"fnMap":{"0":{"name":"(anonymous_0)","decl":{"start":{"line":34,"column":23},"end":{"line":34,"column":24}},"loc":{"start":{"line":35,"column":2},"end":{"line":39,"column":14}},"line":35}},"branchMap":{},"s":{"0":6,"1":6,"2":6,"3":6,"4":33},"f":{"0":33},"b":{},"_coverageSchema":"1a1c01bbd47fc00a2c39e90264f33305004495a9","hash":"ac8ee98334620405232968f1d1029057fcea27d2"}
,"/home/sduball/Documents/school/senior/website/frontend/components/composed/Footer.tsx": {"path":"/home/sduball/Documents/school/senior/website/frontend/components/composed/Footer.tsx","statementMap":{"0":{"start":{"line":5,"column":18},"end":{"line":12,"column":1}},"1":{"start":{"line":8,"column":31},"end":{"line":8,"column":69}},"2":{"start":{"line":15,"column":15},"end":{"line":19,"column":1}},"3":{"start":{"line":16,"column":2},"end":{"line":18,"column":14}}},"fnMap":{"0":{"name":"(anonymous_0)","decl":{"start":{"line":8,"column":22},"end":{"line":8,"column":23}},"loc":{"start":{"line":8,"column":31},"end":{"line":8,"column":69}},"line":8},"1":{"name":"(anonymous_1)","decl":{"start":{"line":15,"column":15},"end":{"line":15,"column":16}},"loc":{"start":{"line":16,"column":2},"end":{"line":18,"column":14}},"line":16}},"branchMap":{},"s":{"0":6,"1":9,"2":6,"3":9},"f":{"0":9,"1":9},"b":{},"_coverageSchema":"1a1c01bbd47fc00a2c39e90264f33305004495a9","hash":"eaa098144704a2a24e55a17879bdb796b4b3e6c4"}
,"/home/sduball/Documents/school/senior/website/frontend/components/composed/Header.tsx": {"path":"/home/sduball/Documents/school/senior/website/frontend/components/composed/Header.tsx","statementMap":{"0":{"start":{"line":9,"column":18},"end":{"line":17,"column":1}},"1":{"start":{"line":10,"column":33},"end":{"line":10,"column":71}},"2":{"start":{"line":13,"column":26},"end":{"line":13,"column":57}},"3":{"start":{"line":19,"column":23},"end":{"line":21,"column":1}},"4":{"start":{"line":23,"column":17},"end":{"line":29,"column":1}},"5":{"start":{"line":30,"column":30},"end":{"line":32,"column":1}},"6":{"start":{"line":40,"column":15},"end":{"line":62,"column":1}},"7":{"start":{"line":41,"column":2},"end":{"line":61,"column":14}}},"fnMap":{"0":{"name":"(anonymous_0)","decl":{"start":{"line":10,"column":22},"end":{"line":10,"column":23}},"loc":{"start":{"line":10,"column":33},"end":{"line":10,"column":71}},"line":10},"1":{"name":"(anonymous_1)","decl":{"start":{"line":13,"column":15},"end":{"line":13,"column":16}},"loc":{"start":{"line":13,"column":26},"end":{"line":13,"column":57}},"line":13},"2":{"name":"(anonymous_2)","decl":{"start":{"line":40,"column":15},"end":{"line":40,"column":16}},"loc":{"start":{"line":41,"column":2},"end":{"line":61,"column":14}},"line":41}},"branchMap":{},"s":{"0":6,"1":15,"2":15,"3":6,"4":6,"5":6,"6":6,"7":15},"f":{"0":15,"1":15,"2":15},"b":{},"_coverageSchema":"1a1c01bbd47fc00a2c39e90264f33305004495a9","hash":"fca01748853f1650f929ad4e002f16bd189306e1"}
,"/home/sduball/Documents/school/senior/website/frontend/components/composed/PageBanner.tsx": {"path":"/home/sduball/Documents/school/senior/website/frontend/components/composed/PageBanner.tsx","statementMap":{"0":{"start":{"line":7,"column":18},"end":{"line":19,"column":1}},"1":{"start":{"line":8,"column":31},"end":{"line":8,"column":42}},"2":{"start":{"line":16,"column":32},"end":{"line":16,"column":68}},"3":{"start":{"line":21,"column":25},"end":{"line":26,"column":1}},"4":{"start":{"line":27,"column":19},"end":{"line":35,"column":1}},"5":{"start":{"line":31,"column":32},"end":{"line":31,"column":68}},"6":{"start":{"line":36,"column":12},"end":{"line":44,"column":1}},"7":{"start":{"line":40,"column":32},"end":{"line":40,"column":68}},"8":{"start":{"line":55,"column":19},"end":{"line":62,"column":1}},"9":{"start":{"line":56,"column":2},"end":{"line":61,"column":14}}},"fnMap":{"0":{"name":"(anonymous_0)","decl":{"start":{"line":8,"column":22},"end":{"line":8,"column":23}},"loc":{"start":{"line":8,"column":31},"end":{"line":8,"column":42}},"line":8},"1":{"name":"(anonymous_1)","decl":{"start":{"line":16,"column":23},"end":{"line":16,"column":24}},"loc":{"start":{"line":16,"column":32},"end":{"line":16,"column":68}},"line":16},"2":{"name":"(anonymous_2)","decl":{"start":{"line":31,"column":23},"end":{"line":31,"column":24}},"loc":{"start":{"line":31,"column":32},"end":{"line":31,"column":68}},"line":31},"3":{"name":"(anonymous_3)","decl":{"start":{"line":40,"column":23},"end":{"line":40,"column":24}},"loc":{"start":{"line":40,"column":32},"end":{"line":40,"column":68}},"line":40},"4":{"name":"(anonymous_4)","decl":{"start":{"line":55,"column":19},"end":{"line":55,"column":20}},"loc":{"start":{"line":56,"column":2},"end":{"line":61,"column":14}},"line":56}},"branchMap":{},"s":{"0":3,"1":3,"2":3,"3":3,"4":3,"5":3,"6":3,"7":3,"8":3,"9":3},"f":{"0":3,"1":3,"2":3,"3":3,"4":3},"b":{},"_coverageSchema":"1a1c01bbd47fc00a2c39e90264f33305004495a9","hash":"57b592a5f9b195a76b13fb7eff654ee2193c1820"}
,"/home/sduball/Documents/school/senior/website/frontend/components/context/app/actions.tsx": {"path":"/home/sduball/Documents/school/senior/website/frontend/components/context/app/actions.tsx","statementMap":{"0":{"start":{"line":13,"column":43},"end":{"line":18,"column":1}},"1":{"start":{"line":14,"column":2},"end":{"line":17,"column":4}}},"fnMap":{"0":{"name":"(anonymous_0)","decl":{"start":{"line":13,"column":43},"end":{"line":13,"column":44}},"loc":{"start":{"line":13,"column":49},"end":{"line":18,"column":1}},"line":13}},"branchMap":{},"s":{"0":1,"1":0},"f":{"0":0},"b":{},"_coverageSchema":"1a1c01bbd47fc00a2c39e90264f33305004495a9","hash":"8cef693bd252c83f1b2bff547c650c2f232dffd1"}
,"/home/sduball/Documents/school/senior/website/frontend/components/context/app/context.tsx": {"path":"/home/sduball/Documents/school/senior/website/frontend/components/context/app/context.tsx","statementMap":{"0":{"start":{"line":10,"column":21},"end":{"line":16,"column":1}},"1":{"start":{"line":18,"column":23},"end":{"line":21,"column":16}},"2":{"start":{"line":23,"column":31},"end":{"line":31,"column":1}},"3":{"start":{"line":24,"column":28},"end":{"line":24,"column":67}},"4":{"start":{"line":26,"column":2},"end":{"line":30,"column":4}}},"fnMap":{"0":{"name":"(anonymous_0)","decl":{"start":{"line":15,"column":12},"end":{"line":15,"column":13}},"loc":{"start":{"line":15,"column":33},"end":{"line":15,"column":35}},"line":15},"1":{"name":"(anonymous_1)","decl":{"start":{"line":23,"column":31},"end":{"line":23,"column":32}},"loc":{"start":{"line":23,"column":73},"end":{"line":31,"column":1}},"line":23}},"branchMap":{},"s":{"0":1,"1":1,"2":1,"3":2,"4":2},"f":{"0":0,"1":2},"b":{},"_coverageSchema":"1a1c01bbd47fc00a2c39e90264f33305004495a9","hash":"387072f15453dcd47543edf03b89d16d0d1152d9"}
,"/home/sduball/Documents/school/senior/website/frontend/components/context/app/reducer.tsx": {"path":"/home/sduball/Documents/school/senior/website/frontend/components/context/app/reducer.tsx","statementMap":{"0":{"start":{"line":5,"column":16},"end":{"line":20,"column":1}},"1":{"start":{"line":6,"column":2},"end":{"line":19,"column":3}},"2":{"start":{"line":9,"column":25},"end":{"line":9,"column":42}},"3":{"start":{"line":10,"column":28},"end":{"line":10,"column":45}},"4":{"start":{"line":11,"column":6},"end":{"line":15,"column":8}},"5":{"start":{"line":18,"column":6},"end":{"line":18,"column":19}}},"fnMap":{"0":{"name":"(anonymous_0)","decl":{"start":{"line":5,"column":16},"end":{"line":5,"column":17}},"loc":{"start":{"line":5,"column":59},"end":{"line":20,"column":1}},"line":5}},"branchMap":{"0":{"loc":{"start":{"line":6,"column":2},"end":{"line":19,"column":3}},"type":"switch","locations":[{"start":{"line":8,"column":4},"end":{"line":15,"column":8}},{"start":{"line":17,"column":4},"end":{"line":18,"column":19}}],"line":6}},"s":{"0":1,"1":0,"2":0,"3":0,"4":0,"5":0},"f":{"0":0},"b":{"0":[0,0]},"_coverageSchema":"1a1c01bbd47fc00a2c39e90264f33305004495a9","hash":"5cf88cea0c8a60df78127be9e56dffa7759b9692"}
,"/home/sduball/Documents/school/senior/website/frontend/components/decoration/SvgCircle.tsx": {"path":"/home/sduball/Documents/school/senior/website/frontend/components/decoration/SvgCircle.tsx","statementMap":{"0":{"start":{"line":5,"column":18},"end":{"line":14,"column":1}},"1":{"start":{"line":7,"column":4},"end":{"line":7,"column":70}},"2":{"start":{"line":8,"column":22},"end":{"line":8,"column":54}},"3":{"start":{"line":9,"column":21},"end":{"line":9,"column":53}},"4":{"start":{"line":26,"column":18},"end":{"line":34,"column":1}},"5":{"start":{"line":27,"column":2},"end":{"line":33,"column":14}}},"fnMap":{"0":{"name":"(anonymous_0)","decl":{"start":{"line":6,"column":22},"end":{"line":6,"column":23}},"loc":{"start":{"line":7,"column":4},"end":{"line":7,"column":70}},"line":7},"1":{"name":"(anonymous_1)","decl":{"start":{"line":8,"column":12},"end":{"line":8,"column":13}},"loc":{"start":{"line":8,"column":22},"end":{"line":8,"column":54}},"line":8},"2":{"name":"(anonymous_2)","decl":{"start":{"line":9,"column":11},"end":{"line":9,"column":12}},"loc":{"start":{"line":9,"column":21},"end":{"line":9,"column":53}},"line":9},"3":{"name":"(anonymous_3)","decl":{"start":{"line":26,"column":18},"end":{"line":26,"column":19}},"loc":{"start":{"line":27,"column":2},"end":{"line":33,"column":14}},"line":27}},"branchMap":{"0":{"loc":{"start":{"line":7,"column":4},"end":{"line":7,"column":70}},"type":"cond-expr","locations":[{"start":{"line":7,"column":18},"end":{"line":7,"column":29}},{"start":{"line":7,"column":32},"end":{"line":7,"column":70}}],"line":7},"1":{"loc":{"start":{"line":8,"column":22},"end":{"line":8,"column":54}},"type":"cond-expr","locations":[{"start":{"line":8,"column":35},"end":{"line":8,"column":45}},{"start":{"line":8,"column":48},"end":{"line":8,"column":54}}],"line":8},"2":{"loc":{"start":{"line":9,"column":21},"end":{"line":9,"column":53}},"type":"cond-expr","locations":[{"start":{"line":9,"column":34},"end":{"line":9,"column":44}},{"start":{"line":9,"column":47},"end":{"line":9,"column":53}}],"line":9}},"s":{"0":12,"1":42,"2":42,"3":42,"4":12,"5":42},"f":{"0":42,"1":42,"2":42,"3":42},"b":{"0":[12,30],"1":[39,3],"2":[39,3]},"_coverageSchema":"1a1c01bbd47fc00a2c39e90264f33305004495a9","hash":"33694a43eb613c0d3e8c0c138702e6c2d4aeb14d"}
,"/home/sduball/Documents/school/senior/website/frontend/components/decoration/UnderlineTitle.tsx": {"path":"/home/sduball/Documents/school/senior/website/frontend/components/decoration/UnderlineTitle.tsx","statementMap":{"0":{"start":{"line":5,"column":18},"end":{"line":10,"column":1}},"1":{"start":{"line":12,"column":19},"end":{"line":14,"column":1}},"2":{"start":{"line":16,"column":18},"end":{"line":21,"column":1}},"3":{"start":{"line":19,"column":31},"end":{"line":19,"column":42}},"4":{"start":{"line":30,"column":23},"end":{"line":35,"column":1}},"5":{"start":{"line":31,"column":2},"end":{"line":34,"column":14}}},"fnMap":{"0":{"name":"(anonymous_0)","decl":{"start":{"line":19,"column":22},"end":{"line":19,"column":23}},"loc":{"start":{"line":19,"column":31},"end":{"line":19,"column":42}},"line":19},"1":{"name":"(anonymous_1)","decl":{"start":{"line":30,"column":23},"end":{"line":30,"column":24}},"loc":{"start":{"line":31,"column":2},"end":{"line":34,"column":14}},"line":31}},"branchMap":{},"s":{"0":3,"1":3,"2":3,"3":6,"4":3,"5":6},"f":{"0":6,"1":6},"b":{},"_coverageSchema":"1a1c01bbd47fc00a2c39e90264f33305004495a9","hash":"1ad9102b954fc9db1658859c1de0a1d88be9a29e"}
,"/home/sduball/Documents/school/senior/website/frontend/components/decoration/WaveTransition.tsx": {"path":"/home/sduball/Documents/school/senior/website/frontend/components/decoration/WaveTransition.tsx","statementMap":{"0":{"start":{"line":3,"column":23},"end":{"line":7,"column":1}},"1":{"start":{"line":6,"column":36},"end":{"line":6,"column":45}}},"fnMap":{"0":{"name":"(anonymous_0)","decl":{"start":{"line":6,"column":27},"end":{"line":6,"column":28}},"loc":{"start":{"line":6,"column":36},"end":{"line":6,"column":45}},"line":6}},"branchMap":{},"s":{"0":6,"1":27},"f":{"0":27},"b":{},"_coverageSchema":"1a1c01bbd47fc00a2c39e90264f33305004495a9","hash":"0028f2259ee75c2e3711601f15f816094c117230"}
,"/home/sduball/Documents/school/senior/website/frontend/components/layout/MWC.tsx": {"path":"/home/sduball/Documents/school/senior/website/frontend/components/layout/MWC.tsx","statementMap":{"0":{"start":{"line":3,"column":12},"end":{"line":14,"column":1}},"1":{"start":{"line":11,"column":22},"end":{"line":11,"column":53}},"2":{"start":{"line":12,"column":25},"end":{"line":12,"column":52}},"3":{"start":{"line":13,"column":22},"end":{"line":13,"column":53}}},"fnMap":{"0":{"name":"(anonymous_0)","decl":{"start":{"line":11,"column":13},"end":{"line":11,"column":14}},"loc":{"start":{"line":11,"column":22},"end":{"line":11,"column":53}},"line":11},"1":{"name":"(anonymous_1)","decl":{"start":{"line":12,"column":16},"end":{"line":12,"column":17}},"loc":{"start":{"line":12,"column":25},"end":{"line":12,"column":52}},"line":12},"2":{"name":"(anonymous_2)","decl":{"start":{"line":13,"column":13},"end":{"line":13,"column":14}},"loc":{"start":{"line":13,"column":22},"end":{"line":13,"column":53}},"line":13}},"branchMap":{},"s":{"0":6,"1":33,"2":33,"3":33},"f":{"0":33,"1":33,"2":33},"b":{},"_coverageSchema":"1a1c01bbd47fc00a2c39e90264f33305004495a9","hash":"f01044f646ea2824ccbd6aebc702e0b69bb8314a"}
,"/home/sduball/Documents/school/senior/website/frontend/components/li/BulletListItem.tsx": {"path":"/home/sduball/Documents/school/senior/website/frontend/components/li/BulletListItem.tsx","statementMap":{"0":{"start":{"line":5,"column":18},"end":{"line":11,"column":1}},"1":{"start":{"line":14,"column":15},"end":{"line":22,"column":1}},"2":{"start":{"line":17,"column":31},"end":{"line":17,"column":69}},"3":{"start":{"line":25,"column":16},"end":{"line":30,"column":1}},"4":{"start":{"line":28,"column":20},"end":{"line":28,"column":50}},"5":{"start":{"line":37,"column":23},"end":{"line":42,"column":1}},"6":{"start":{"line":38,"column":2},"end":{"line":41,"column":14}}},"fnMap":{"0":{"name":"(anonymous_0)","decl":{"start":{"line":17,"column":22},"end":{"line":17,"column":23}},"loc":{"start":{"line":17,"column":31},"end":{"line":17,"column":69}},"line":17},"1":{"name":"(anonymous_1)","decl":{"start":{"line":28,"column":11},"end":{"line":28,"column":12}},"loc":{"start":{"line":28,"column":20},"end":{"line":28,"column":50}},"line":28},"2":{"name":"(anonymous_2)","decl":{"start":{"line":37,"column":23},"end":{"line":37,"column":24}},"loc":{"start":{"line":38,"column":2},"end":{"line":41,"column":14}},"line":38}},"branchMap":{},"s":{"0":3,"1":3,"2":3,"3":3,"4":3,"5":3,"6":3},"f":{"0":3,"1":3,"2":3},"b":{},"_coverageSchema":"1a1c01bbd47fc00a2c39e90264f33305004495a9","hash":"77533c07354e79d0b924cc25f2e0aa4d08c9d3c7"}
,"/home/sduball/Documents/school/senior/website/frontend/components/li/CircleNumberListItem.tsx": {"path":"/home/sduball/Documents/school/senior/website/frontend/components/li/CircleNumberListItem.tsx","statementMap":{"0":{"start":{"line":5,"column":18},"end":{"line":11,"column":1}},"1":{"start":{"line":14,"column":15},"end":{"line":22,"column":1}},"2":{"start":{"line":17,"column":31},"end":{"line":17,"column":69}},"3":{"start":{"line":23,"column":15},"end":{"line":28,"column":1}},"4":{"start":{"line":26,"column":20},"end":{"line":26,"column":50}},"5":{"start":{"line":31,"column":16},"end":{"line":36,"column":1}},"6":{"start":{"line":34,"column":20},"end":{"line":34,"column":50}},"7":{"start":{"line":46,"column":29},"end":{"line":53,"column":1}},"8":{"start":{"line":47,"column":2},"end":{"line":52,"column":14}}},"fnMap":{"0":{"name":"(anonymous_0)","decl":{"start":{"line":17,"column":22},"end":{"line":17,"column":23}},"loc":{"start":{"line":17,"column":31},"end":{"line":17,"column":69}},"line":17},"1":{"name":"(anonymous_1)","decl":{"start":{"line":26,"column":11},"end":{"line":26,"column":12}},"loc":{"start":{"line":26,"column":20},"end":{"line":26,"column":50}},"line":26},"2":{"name":"(anonymous_2)","decl":{"start":{"line":34,"column":11},"end":{"line":34,"column":12}},"loc":{"start":{"line":34,"column":20},"end":{"line":34,"column":50}},"line":34},"3":{"name":"(anonymous_3)","decl":{"start":{"line":46,"column":29},"end":{"line":46,"column":30}},"loc":{"start":{"line":47,"column":2},"end":{"line":52,"column":14}},"line":47}},"branchMap":{},"s":{"0":6,"1":6,"2":27,"3":6,"4":27,"5":6,"6":27,"7":6,"8":27},"f":{"0":27,"1":27,"2":27,"3":27},"b":{},"_coverageSchema":"1a1c01bbd47fc00a2c39e90264f33305004495a9","hash":"afbd0e705517a41e65017cd9fccd3e05a98157ce"}
,"/home/sduball/Documents/school/senior/website/frontend/components/styled/lightTheme.tsx": {"path":"/home/sduball/Documents/school/senior/website/frontend/components/styled/lightTheme.tsx","statementMap":{"0":{"start":{"line":3,"column":33},"end":{"line":47,"column":1}}},"fnMap":{},"branchMap":{},"s":{"0":42},"f":{},"b":{},"_coverageSchema":"1a1c01bbd47fc00a2c39e90264f33305004495a9","hash":"12a54548dee7da1b27765b21e3957d424a152142"}
,"/home/sduball/Documents/school/senior/website/frontend/components/svg/brand/LymphedemaCenterLogo.tsx": {"path":"/home/sduball/Documents/school/senior/website/frontend/components/svg/brand/LymphedemaCenterLogo.tsx","statementMap":{"0":{"start":{"line":11,"column":29},"end":{"line":159,"column":1}},"1":{"start":{"line":12,"column":2},"end":{"line":158,"column":8}}},"fnMap":{"0":{"name":"(anonymous_0)","decl":{"start":{"line":11,"column":29},"end":{"line":11,"column":30}},"loc":{"start":{"line":12,"column":2},"end":{"line":158,"column":8}},"line":12}},"branchMap":{"0":{"loc":{"start":{"line":15,"column":6},"end":{"line":19,"column":14}},"type":"cond-expr","locations":[{"start":{"line":16,"column":10},"end":{"line":16,"column":21}},{"start":{"line":17,"column":10},"end":{"line":19,"column":14}}],"line":15},"1":{"loc":{"start":{"line":17,"column":10},"end":{"line":19,"column":14}},"type":"cond-expr","locations":[{"start":{"line":18,"column":10},"end":{"line":18,"column":54}},{"start":{"line":19,"column":10},"end":{"line":19,"column":14}}],"line":17},"2":{"loc":{"start":{"line":22,"column":6},"end":{"line":26,"column":14}},"type":"cond-expr","locations":[{"start":{"line":23,"column":10},"end":{"line":23,"column":22}},{"start":{"line":24,"column":10},"end":{"line":26,"column":14}}],"line":22},"3":{"loc":{"start":{"line":24,"column":10},"end":{"line":26,"column":14}},"type":"cond-expr","locations":[{"start":{"line":25,"column":10},"end":{"line":25,"column":53}},{"start":{"line":26,"column":10},"end":{"line":26,"column":14}}],"line":24}},"s":{"0":9,"1":24},"f":{"0":24},"b":{"0":[3,21],"1":[18,3],"2":[18,6],"3":[3,3]},"_coverageSchema":"1a1c01bbd47fc00a2c39e90264f33305004495a9","hash":"2b023efe9576ee3aaba2b170787ff3b23767f026"}
,"/home/sduball/Documents/school/senior/website/frontend/components/svg/brand/TheUofILogo.tsx": {"path":"/home/sduball/Documents/school/senior/website/frontend/components/svg/brand/TheUofILogo.tsx","statementMap":{"0":{"start":{"line":3,"column":19},"end":{"line":34,"column":1}},"1":{"start":{"line":4,"column":2},"end":{"line":33,"column":8}}},"fnMap":{"0":{"name":"(anonymous_0)","decl":{"start":{"line":3,"column":19},"end":{"line":3,"column":20}},"loc":{"start":{"line":4,"column":2},"end":{"line":33,"column":8}},"line":4}},"branchMap":{},"s":{"0":6,"1":9},"f":{"0":9},"b":{},"_coverageSchema":"1a1c01bbd47fc00a2c39e90264f33305004495a9","hash":"b0a0c8fbaf188f9158f06f0f9b4e1d7479645141"}
,"/home/sduball/Documents/school/senior/website/frontend/components/svg/graphic/LymphaticSystem.tsx": {"path":"/home/sduball/Documents/school/senior/website/frontend/components/svg/graphic/LymphaticSystem.tsx","statementMap":{"0":{"start":{"line":11,"column":24},"end":{"line":1210,"column":1}},"1":{"start":{"line":12,"column":2},"end":{"line":1209,"column":8}}},"fnMap":{"0":{"name":"(anonymous_0)","decl":{"start":{"line":11,"column":24},"end":{"line":11,"column":25}},"loc":{"start":{"line":12,"column":2},"end":{"line":1209,"column":8}},"line":12}},"branchMap":{"0":{"loc":{"start":{"line":15,"column":6},"end":{"line":19,"column":14}},"type":"cond-expr","locations":[{"start":{"line":16,"column":10},"end":{"line":16,"column":21}},{"start":{"line":17,"column":10},"end":{"line":19,"column":14}}],"line":15},"1":{"loc":{"start":{"line":17,"column":10},"end":{"line":19,"column":14}},"type":"cond-expr","locations":[{"start":{"line":18,"column":10},"end":{"line":18,"column":53}},{"start":{"line":19,"column":10},"end":{"line":19,"column":14}}],"line":17},"2":{"loc":{"start":{"line":22,"column":6},"end":{"line":26,"column":14}},"type":"cond-expr","locations":[{"start":{"line":23,"column":10},"end":{"line":23,"column":22}},{"start":{"line":24,"column":10},"end":{"line":26,"column":14}}],"line":22},"3":{"loc":{"start":{"line":24,"column":10},"end":{"line":26,"column":14}},"type":"cond-expr","locations":[{"start":{"line":25,"column":10},"end":{"line":25,"column":52}},{"start":{"line":26,"column":10},"end":{"line":26,"column":14}}],"line":24}},"s":{"0":3,"1":9},"f":{"0":9},"b":{"0":[3,6],"1":[3,3],"2":[3,6],"3":[3,3]},"_coverageSchema":"1a1c01bbd47fc00a2c39e90264f33305004495a9","hash":"6564efc260101007a5b10a2d4f1fd846695b0b2e"}
,"/home/sduball/Documents/school/senior/website/frontend/components/svg/graphic/LymphedemaLeg.tsx": {"path":"/home/sduball/Documents/school/senior/website/frontend/components/svg/graphic/LymphedemaLeg.tsx","statementMap":{"0":{"start":{"line":11,"column":22},"end":{"line":62,"column":1}},"1":{"start":{"line":12,"column":2},"end":{"line":61,"column":8}}},"fnMap":{"0":{"name":"(anonymous_0)","decl":{"start":{"line":11,"column":22},"end":{"line":11,"column":23}},"loc":{"start":{"line":12,"column":2},"end":{"line":61,"column":8}},"line":12}},"branchMap":{"0":{"loc":{"start":{"line":15,"column":6},"end":{"line":19,"column":14}},"type":"cond-expr","locations":[{"start":{"line":16,"column":10},"end":{"line":16,"column":21}},{"start":{"line":17,"column":10},"end":{"line":19,"column":14}}],"line":15},"1":{"loc":{"start":{"line":17,"column":10},"end":{"line":19,"column":14}},"type":"cond-expr","locations":[{"start":{"line":18,"column":10},"end":{"line":18,"column":52}},{"start":{"line":19,"column":10},"end":{"line":19,"column":14}}],"line":17},"2":{"loc":{"start":{"line":22,"column":6},"end":{"line":26,"column":14}},"type":"cond-expr","locations":[{"start":{"line":23,"column":10},"end":{"line":23,"column":22}},{"start":{"line":24,"column":10},"end":{"line":26,"column":14}}],"line":22},"3":{"loc":{"start":{"line":24,"column":10},"end":{"line":26,"column":14}},"type":"cond-expr","locations":[{"start":{"line":25,"column":10},"end":{"line":25,"column":51}},{"start":{"line":26,"column":10},"end":{"line":26,"column":14}}],"line":24}},"s":{"0":3,"1":9},"f":{"0":9},"b":{"0":[3,6],"1":[3,3],"2":[3,6],"3":[3,3]},"_coverageSchema":"1a1c01bbd47fc00a2c39e90264f33305004495a9","hash":"a672ac085d4547215e1db598fa95bc6ba874ed4d"}
,"/home/sduball/Documents/school/senior/website/frontend/components/svg/icon/AvatarIcon.tsx": {"path":"/home/sduball/Documents/school/senior/website/frontend/components/svg/icon/AvatarIcon.tsx","statementMap":{"0":{"start":{"line":11,"column":19},"end":{"line":26,"column":1}},"1":{"start":{"line":12,"column":2},"end":{"line":25,"column":8}}},"fnMap":{"0":{"name":"(anonymous_0)","decl":{"start":{"line":11,"column":19},"end":{"line":11,"column":20}},"loc":{"start":{"line":12,"column":2},"end":{"line":25,"column":8}},"line":12}},"branchMap":{"0":{"loc":{"start":{"line":14,"column":10},"end":{"line":14,"column":47}},"type":"cond-expr","locations":[{"start":{"line":14,"column":24},"end":{"line":14,"column":35}},{"start":{"line":14,"column":38},"end":{"line":14,"column":47}}],"line":14}},"s":{"0":3,"1":6},"f":{"0":6},"b":{"0":[3,3]},"_coverageSchema":"1a1c01bbd47fc00a2c39e90264f33305004495a9","hash":"42e97cc0fa997fde810514949e5e76c9f6619992"}
,"/home/sduball/Documents/school/senior/website/frontend/components/svg/icon/BoldIcon.tsx": {"path":"/home/sduball/Documents/school/senior/website/frontend/components/svg/icon/BoldIcon.tsx","statementMap":{"0":{"start":{"line":11,"column":17},"end":{"line":26,"column":1}},"1":{"start":{"line":12,"column":2},"end":{"line":25,"column":8}}},"fnMap":{"0":{"name":"(anonymous_0)","decl":{"start":{"line":11,"column":17},"end":{"line":11,"column":18}},"loc":{"start":{"line":12,"column":2},"end":{"line":25,"column":8}},"line":12}},"branchMap":{"0":{"loc":{"start":{"line":14,"column":10},"end":{"line":14,"column":47}},"type":"cond-expr","locations":[{"start":{"line":14,"column":24},"end":{"line":14,"column":35}},{"start":{"line":14,"column":38},"end":{"line":14,"column":47}}],"line":14}},"s":{"0":3,"1":6},"f":{"0":6},"b":{"0":[3,3]},"_coverageSchema":"1a1c01bbd47fc00a2c39e90264f33305004495a9","hash":"e9700c16c2f6d89c4c0b74de81f7e3aa84707c88"}
,"/home/sduball/Documents/school/senior/website/frontend/components/svg/icon/CenterAlignIcon.tsx": {"path":"/home/sduball/Documents/school/senior/website/frontend/components/svg/icon/CenterAlignIcon.tsx","statementMap":{"0":{"start":{"line":11,"column":24},"end":{"line":26,"column":1}},"1":{"start":{"line":12,"column":2},"end":{"line":25,"column":8}}},"fnMap":{"0":{"name":"(anonymous_0)","decl":{"start":{"line":11,"column":24},"end":{"line":11,"column":25}},"loc":{"start":{"line":12,"column":2},"end":{"line":25,"column":8}},"line":12}},"branchMap":{"0":{"loc":{"start":{"line":14,"column":10},"end":{"line":14,"column":47}},"type":"cond-expr","locations":[{"start":{"line":14,"column":24},"end":{"line":14,"column":35}},{"start":{"line":14,"column":38},"end":{"line":14,"column":47}}],"line":14}},"s":{"0":3,"1":6},"f":{"0":6},"b":{"0":[3,3]},"_coverageSchema":"1a1c01bbd47fc00a2c39e90264f33305004495a9","hash":"66abd49d6087fb312c12fcbc06fc3da2b8efabe7"}
,"/home/sduball/Documents/school/senior/website/frontend/components/svg/icon/CheckIcon.tsx": {"path":"/home/sduball/Documents/school/senior/website/frontend/components/svg/icon/CheckIcon.tsx","statementMap":{"0":{"start":{"line":11,"column":18},"end":{"line":22,"column":1}},"1":{"start":{"line":12,"column":2},"end":{"line":21,"column":8}}},"fnMap":{"0":{"name":"(anonymous_0)","decl":{"start":{"line":11,"column":18},"end":{"line":11,"column":19}},"loc":{"start":{"line":12,"column":2},"end":{"line":21,"column":8}},"line":12}},"branchMap":{"0":{"loc":{"start":{"line":14,"column":10},"end":{"line":14,"column":47}},"type":"cond-expr","locations":[{"start":{"line":14,"column":24},"end":{"line":14,"column":35}},{"start":{"line":14,"column":38},"end":{"line":14,"column":47}}],"line":14}},"s":{"0":3,"1":6},"f":{"0":6},"b":{"0":[3,3]},"_coverageSchema":"1a1c01bbd47fc00a2c39e90264f33305004495a9","hash":"d53b753c5e99519b06c30abe55f84adba13637b2"}
,"/home/sduball/Documents/school/senior/website/frontend/components/svg/icon/CloseIcon.tsx": {"path":"/home/sduball/Documents/school/senior/website/frontend/components/svg/icon/CloseIcon.tsx","statementMap":{"0":{"start":{"line":11,"column":18},"end":{"line":22,"column":1}},"1":{"start":{"line":12,"column":2},"end":{"line":21,"column":8}}},"fnMap":{"0":{"name":"(anonymous_0)","decl":{"start":{"line":11,"column":18},"end":{"line":11,"column":19}},"loc":{"start":{"line":12,"column":2},"end":{"line":21,"column":8}},"line":12}},"branchMap":{"0":{"loc":{"start":{"line":14,"column":10},"end":{"line":14,"column":47}},"type":"cond-expr","locations":[{"start":{"line":14,"column":24},"end":{"line":14,"column":35}},{"start":{"line":14,"column":38},"end":{"line":14,"column":47}}],"line":14}},"s":{"0":3,"1":6},"f":{"0":6},"b":{"0":[3,3]},"_coverageSchema":"1a1c01bbd47fc00a2c39e90264f33305004495a9","hash":"44fb3629e977c62948539ebc600836f6c6e9f5aa"}
,"/home/sduball/Documents/school/senior/website/frontend/components/svg/icon/CodeIcon.tsx": {"path":"/home/sduball/Documents/school/senior/website/frontend/components/svg/icon/CodeIcon.tsx","statementMap":{"0":{"start":{"line":11,"column":17},"end":{"line":26,"column":1}},"1":{"start":{"line":12,"column":2},"end":{"line":25,"column":8}}},"fnMap":{"0":{"name":"(anonymous_0)","decl":{"start":{"line":11,"column":17},"end":{"line":11,"column":18}},"loc":{"start":{"line":12,"column":2},"end":{"line":25,"column":8}},"line":12}},"branchMap":{"0":{"loc":{"start":{"line":14,"column":10},"end":{"line":14,"column":47}},"type":"cond-expr","locations":[{"start":{"line":14,"column":24},"end":{"line":14,"column":35}},{"start":{"line":14,"column":38},"end":{"line":14,"column":47}}],"line":14}},"s":{"0":3,"1":6},"f":{"0":6},"b":{"0":[3,3]},"_coverageSchema":"1a1c01bbd47fc00a2c39e90264f33305004495a9","hash":"a3a4d32ed3eccff807866d6e0ba0209d5b2ea73a"}
,"/home/sduball/Documents/school/senior/website/frontend/components/svg/icon/CommentCheckIcon.tsx": {"path":"/home/sduball/Documents/school/senior/website/frontend/components/svg/icon/CommentCheckIcon.tsx","statementMap":{"0":{"start":{"line":11,"column":25},"end":{"line":27,"column":1}},"1":{"start":{"line":12,"column":2},"end":{"line":26,"column":8}}},"fnMap":{"0":{"name":"(anonymous_0)","decl":{"start":{"line":11,"column":25},"end":{"line":11,"column":26}},"loc":{"start":{"line":12,"column":2},"end":{"line":26,"column":8}},"line":12}},"branchMap":{"0":{"loc":{"start":{"line":14,"column":10},"end":{"line":14,"column":47}},"type":"cond-expr","locations":[{"start":{"line":14,"column":24},"end":{"line":14,"column":35}},{"start":{"line":14,"column":38},"end":{"line":14,"column":47}}],"line":14}},"s":{"0":3,"1":6},"f":{"0":6},"b":{"0":[3,3]},"_coverageSchema":"1a1c01bbd47fc00a2c39e90264f33305004495a9","hash":"599b13aa474f49e167a70743e145ca3a7c95ff72"}
,"/home/sduball/Documents/school/senior/website/frontend/components/svg/icon/CommentIcon.tsx": {"path":"/home/sduball/Documents/school/senior/website/frontend/components/svg/icon/CommentIcon.tsx","statementMap":{"0":{"start":{"line":11,"column":19},"end":{"line":26,"column":1}},"1":{"start":{"line":12,"column":2},"end":{"line":25,"column":8}}},"fnMap":{"0":{"name":"(anonymous_0)","decl":{"start":{"line":11,"column":19},"end":{"line":11,"column":20}},"loc":{"start":{"line":12,"column":2},"end":{"line":25,"column":8}},"line":12}},"branchMap":{"0":{"loc":{"start":{"line":14,"column":10},"end":{"line":14,"column":47}},"type":"cond-expr","locations":[{"start":{"line":14,"column":24},"end":{"line":14,"column":35}},{"start":{"line":14,"column":38},"end":{"line":14,"column":47}}],"line":14}},"s":{"0":3,"1":6},"f":{"0":6},"b":{"0":[3,3]},"_coverageSchema":"1a1c01bbd47fc00a2c39e90264f33305004495a9","hash":"b94ef803cec6eecb065107f39786e6fc2bc0582d"}
,"/home/sduball/Documents/school/senior/website/frontend/components/svg/icon/DeltaIcon.tsx": {"path":"/home/sduball/Documents/school/senior/website/frontend/components/svg/icon/DeltaIcon.tsx","statementMap":{"0":{"start":{"line":11,"column":18},"end":{"line":26,"column":1}},"1":{"start":{"line":12,"column":2},"end":{"line":25,"column":8}}},"fnMap":{"0":{"name":"(anonymous_0)","decl":{"start":{"line":11,"column":18},"end":{"line":11,"column":19}},"loc":{"start":{"line":12,"column":2},"end":{"line":25,"column":8}},"line":12}},"branchMap":{"0":{"loc":{"start":{"line":14,"column":10},"end":{"line":14,"column":47}},"type":"cond-expr","locations":[{"start":{"line":14,"column":24},"end":{"line":14,"column":35}},{"start":{"line":14,"column":38},"end":{"line":14,"column":47}}],"line":14}},"s":{"0":3,"1":6},"f":{"0":6},"b":{"0":[3,3]},"_coverageSchema":"1a1c01bbd47fc00a2c39e90264f33305004495a9","hash":"f8bf7a2e879481b06bd90aafd08d0073d0532e5e"}
,"/home/sduball/Documents/school/senior/website/frontend/components/svg/icon/DialogIcon.tsx": {"path":"/home/sduball/Documents/school/senior/website/frontend/components/svg/icon/DialogIcon.tsx","statementMap":{"0":{"start":{"line":11,"column":19},"end":{"line":36,"column":1}},"1":{"start":{"line":12,"column":2},"end":{"line":35,"column":8}}},"fnMap":{"0":{"name":"(anonymous_0)","decl":{"start":{"line":11,"column":19},"end":{"line":11,"column":20}},"loc":{"start":{"line":12,"column":2},"end":{"line":35,"column":8}},"line":12}},"branchMap":{"0":{"loc":{"start":{"line":14,"column":10},"end":{"line":14,"column":47}},"type":"cond-expr","locations":[{"start":{"line":14,"column":24},"end":{"line":14,"column":35}},{"start":{"line":14,"column":38},"end":{"line":14,"column":47}}],"line":14}},"s":{"0":6,"1":12},"f":{"0":12},"b":{"0":[3,9]},"_coverageSchema":"1a1c01bbd47fc00a2c39e90264f33305004495a9","hash":"81bb386dfac04e69fddee3c6878b9a28c7eab198"}
,"/home/sduball/Documents/school/senior/website/frontend/components/svg/icon/EditIcon.tsx": {"path":"/home/sduball/Documents/school/senior/website/frontend/components/svg/icon/EditIcon.tsx","statementMap":{"0":{"start":{"line":11,"column":19},"end":{"line":26,"column":1}},"1":{"start":{"line":12,"column":2},"end":{"line":25,"column":8}}},"fnMap":{"0":{"name":"(anonymous_0)","decl":{"start":{"line":11,"column":19},"end":{"line":11,"column":20}},"loc":{"start":{"line":12,"column":2},"end":{"line":25,"column":8}},"line":12}},"branchMap":{"0":{"loc":{"start":{"line":14,"column":10},"end":{"line":14,"column":47}},"type":"cond-expr","locations":[{"start":{"line":14,"column":24},"end":{"line":14,"column":35}},{"start":{"line":14,"column":38},"end":{"line":14,"column":47}}],"line":14}},"s":{"0":3,"1":6},"f":{"0":6},"b":{"0":[3,3]},"_coverageSchema":"1a1c01bbd47fc00a2c39e90264f33305004495a9","hash":"6697d050ce37f40a0cb5faa5acc8c7810bb0cd02"}
,"/home/sduball/Documents/school/senior/website/frontend/components/svg/icon/EllipsisIcon.tsx": {"path":"/home/sduball/Documents/school/senior/website/frontend/components/svg/icon/EllipsisIcon.tsx","statementMap":{"0":{"start":{"line":11,"column":21},"end":{"line":26,"column":1}},"1":{"start":{"line":12,"column":2},"end":{"line":25,"column":8}}},"fnMap":{"0":{"name":"(anonymous_0)","decl":{"start":{"line":11,"column":21},"end":{"line":11,"column":22}},"loc":{"start":{"line":12,"column":2},"end":{"line":25,"column":8}},"line":12}},"branchMap":{"0":{"loc":{"start":{"line":14,"column":10},"end":{"line":14,"column":47}},"type":"cond-expr","locations":[{"start":{"line":14,"column":24},"end":{"line":14,"column":35}},{"start":{"line":14,"column":38},"end":{"line":14,"column":47}}],"line":14}},"s":{"0":3,"1":6},"f":{"0":6},"b":{"0":[3,3]},"_coverageSchema":"1a1c01bbd47fc00a2c39e90264f33305004495a9","hash":"f365569a2b9a5d28c385fe1c4df89082dfba262b"}
,"/home/sduball/Documents/school/senior/website/frontend/components/svg/icon/EmailCardIcon.tsx": {"path":"/home/sduball/Documents/school/senior/website/frontend/components/svg/icon/EmailCardIcon.tsx","statementMap":{"0":{"start":{"line":11,"column":22},"end":{"line":26,"column":1}},"1":{"start":{"line":12,"column":2},"end":{"line":25,"column":8}}},"fnMap":{"0":{"name":"(anonymous_0)","decl":{"start":{"line":11,"column":22},"end":{"line":11,"column":23}},"loc":{"start":{"line":12,"column":2},"end":{"line":25,"column":8}},"line":12}},"branchMap":{"0":{"loc":{"start":{"line":14,"column":10},"end":{"line":14,"column":47}},"type":"cond-expr","locations":[{"start":{"line":14,"column":24},"end":{"line":14,"column":35}},{"start":{"line":14,"column":38},"end":{"line":14,"column":47}}],"line":14}},"s":{"0":3,"1":6},"f":{"0":6},"b":{"0":[3,3]},"_coverageSchema":"1a1c01bbd47fc00a2c39e90264f33305004495a9","hash":"5bde82a45a3847fec5665a438bf19f11f6ece47b"}
,"/home/sduball/Documents/school/senior/website/frontend/components/svg/icon/EmailIcon.tsx": {"path":"/home/sduball/Documents/school/senior/website/frontend/components/svg/icon/EmailIcon.tsx","statementMap":{"0":{"start":{"line":11,"column":18},"end":{"line":26,"column":1}},"1":{"start":{"line":12,"column":2},"end":{"line":25,"column":8}}},"fnMap":{"0":{"name":"(anonymous_0)","decl":{"start":{"line":11,"column":18},"end":{"line":11,"column":19}},"loc":{"start":{"line":12,"column":2},"end":{"line":25,"column":8}},"line":12}},"branchMap":{"0":{"loc":{"start":{"line":14,"column":10},"end":{"line":14,"column":47}},"type":"cond-expr","locations":[{"start":{"line":14,"column":24},"end":{"line":14,"column":35}},{"start":{"line":14,"column":38},"end":{"line":14,"column":47}}],"line":14}},"s":{"0":3,"1":6},"f":{"0":6},"b":{"0":[3,3]},"_coverageSchema":"1a1c01bbd47fc00a2c39e90264f33305004495a9","hash":"3dd801a5a2e88422b698867ac8fe4ab88c2cb415"}
,"/home/sduball/Documents/school/senior/website/frontend/components/svg/icon/ErrorIcon.tsx": {"path":"/home/sduball/Documents/school/senior/website/frontend/components/svg/icon/ErrorIcon.tsx","statementMap":{"0":{"start":{"line":11,"column":18},"end":{"line":26,"column":1}},"1":{"start":{"line":12,"column":2},"end":{"line":25,"column":8}}},"fnMap":{"0":{"name":"(anonymous_0)","decl":{"start":{"line":11,"column":18},"end":{"line":11,"column":19}},"loc":{"start":{"line":12,"column":2},"end":{"line":25,"column":8}},"line":12}},"branchMap":{"0":{"loc":{"start":{"line":14,"column":10},"end":{"line":14,"column":47}},"type":"cond-expr","locations":[{"start":{"line":14,"column":24},"end":{"line":14,"column":35}},{"start":{"line":14,"column":38},"end":{"line":14,"column":47}}],"line":14}},"s":{"0":3,"1":6},"f":{"0":6},"b":{"0":[3,3]},"_coverageSchema":"1a1c01bbd47fc00a2c39e90264f33305004495a9","hash":"5aa8071b496ed6f440271f7ab1d55cda35e55cf0"}
,"/home/sduball/Documents/school/senior/website/frontend/components/svg/icon/FingerprintIcon.tsx": {"path":"/home/sduball/Documents/school/senior/website/frontend/components/svg/icon/FingerprintIcon.tsx","statementMap":{"0":{"start":{"line":11,"column":24},"end":{"line":26,"column":1}},"1":{"start":{"line":12,"column":2},"end":{"line":25,"column":8}}},"fnMap":{"0":{"name":"(anonymous_0)","decl":{"start":{"line":11,"column":24},"end":{"line":11,"column":25}},"loc":{"start":{"line":12,"column":2},"end":{"line":25,"column":8}},"line":12}},"branchMap":{"0":{"loc":{"start":{"line":14,"column":10},"end":{"line":14,"column":47}},"type":"cond-expr","locations":[{"start":{"line":14,"column":24},"end":{"line":14,"column":35}},{"start":{"line":14,"column":38},"end":{"line":14,"column":47}}],"line":14}},"s":{"0":3,"1":6},"f":{"0":6},"b":{"0":[3,3]},"_coverageSchema":"1a1c01bbd47fc00a2c39e90264f33305004495a9","hash":"1fc6fa6518e5c968e1dabc98a9161242199b552b"}
,"/home/sduball/Documents/school/senior/website/frontend/components/svg/icon/FirstNameIcon.tsx": {"path":"/home/sduball/Documents/school/senior/website/frontend/components/svg/icon/FirstNameIcon.tsx","statementMap":{"0":{"start":{"line":11,"column":22},"end":{"line":23,"column":1}},"1":{"start":{"line":12,"column":2},"end":{"line":22,"column":8}}},"fnMap":{"0":{"name":"(anonymous_0)","decl":{"start":{"line":11,"column":22},"end":{"line":11,"column":23}},"loc":{"start":{"line":12,"column":2},"end":{"line":22,"column":8}},"line":12}},"branchMap":{"0":{"loc":{"start":{"line":14,"column":10},"end":{"line":14,"column":47}},"type":"cond-expr","locations":[{"start":{"line":14,"column":24},"end":{"line":14,"column":35}},{"start":{"line":14,"column":38},"end":{"line":14,"column":47}}],"line":14}},"s":{"0":3,"1":6},"f":{"0":6},"b":{"0":[3,3]},"_coverageSchema":"1a1c01bbd47fc00a2c39e90264f33305004495a9","hash":"c3d81bb4aaef055102db69b9b3918de8d0d8b4ba"}
,"/home/sduball/Documents/school/senior/website/frontend/components/svg/icon/ForumPostIcon.tsx": {"path":"/home/sduball/Documents/school/senior/website/frontend/components/svg/icon/ForumPostIcon.tsx","statementMap":{"0":{"start":{"line":11,"column":22},"end":{"line":26,"column":1}},"1":{"start":{"line":12,"column":2},"end":{"line":25,"column":8}}},"fnMap":{"0":{"name":"(anonymous_0)","decl":{"start":{"line":11,"column":22},"end":{"line":11,"column":23}},"loc":{"start":{"line":12,"column":2},"end":{"line":25,"column":8}},"line":12}},"branchMap":{"0":{"loc":{"start":{"line":14,"column":10},"end":{"line":14,"column":47}},"type":"cond-expr","locations":[{"start":{"line":14,"column":24},"end":{"line":14,"column":35}},{"start":{"line":14,"column":38},"end":{"line":14,"column":47}}],"line":14}},"s":{"0":3,"1":6},"f":{"0":6},"b":{"0":[3,3]},"_coverageSchema":"1a1c01bbd47fc00a2c39e90264f33305004495a9","hash":"261eba6fa0f4108ab0fd196fb4fd86f5845135c8"}
,"/home/sduball/Documents/school/senior/website/frontend/components/svg/icon/HamburgerIcon.tsx": {"path":"/home/sduball/Documents/school/senior/website/frontend/components/svg/icon/HamburgerIcon.tsx","statementMap":{"0":{"start":{"line":11,"column":22},"end":{"line":26,"column":1}},"1":{"start":{"line":12,"column":2},"end":{"line":25,"column":8}}},"fnMap":{"0":{"name":"(anonymous_0)","decl":{"start":{"line":11,"column":22},"end":{"line":11,"column":23}},"loc":{"start":{"line":12,"column":2},"end":{"line":25,"column":8}},"line":12}},"branchMap":{"0":{"loc":{"start":{"line":14,"column":10},"end":{"line":14,"column":47}},"type":"cond-expr","locations":[{"start":{"line":14,"column":24},"end":{"line":14,"column":35}},{"start":{"line":14,"column":38},"end":{"line":14,"column":47}}],"line":14}},"s":{"0":12,"1":39},"f":{"0":39},"b":{"0":[3,36]},"_coverageSchema":"1a1c01bbd47fc00a2c39e90264f33305004495a9","hash":"adf2fcdea64371a6151934dd2c78b9df832f1753"}
,"/home/sduball/Documents/school/senior/website/frontend/components/svg/icon/Header1Icon.tsx": {"path":"/home/sduball/Documents/school/senior/website/frontend/components/svg/icon/Header1Icon.tsx","statementMap":{"0":{"start":{"line":11,"column":20},"end":{"line":26,"column":1}},"1":{"start":{"line":12,"column":2},"end":{"line":25,"column":8}}},"fnMap":{"0":{"name":"(anonymous_0)","decl":{"start":{"line":11,"column":20},"end":{"line":11,"column":21}},"loc":{"start":{"line":12,"column":2},"end":{"line":25,"column":8}},"line":12}},"branchMap":{"0":{"loc":{"start":{"line":14,"column":10},"end":{"line":14,"column":47}},"type":"cond-expr","locations":[{"start":{"line":14,"column":24},"end":{"line":14,"column":35}},{"start":{"line":14,"column":38},"end":{"line":14,"column":47}}],"line":14}},"s":{"0":3,"1":6},"f":{"0":6},"b":{"0":[3,3]},"_coverageSchema":"1a1c01bbd47fc00a2c39e90264f33305004495a9","hash":"a5294515d161824d59a237c26433b84545c9b87a"}
,"/home/sduball/Documents/school/senior/website/frontend/components/svg/icon/Header2Icon.tsx": {"path":"/home/sduball/Documents/school/senior/website/frontend/components/svg/icon/Header2Icon.tsx","statementMap":{"0":{"start":{"line":11,"column":20},"end":{"line":26,"column":1}},"1":{"start":{"line":12,"column":2},"end":{"line":25,"column":8}}},"fnMap":{"0":{"name":"(anonymous_0)","decl":{"start":{"line":11,"column":20},"end":{"line":11,"column":21}},"loc":{"start":{"line":12,"column":2},"end":{"line":25,"column":8}},"line":12}},"branchMap":{"0":{"loc":{"start":{"line":14,"column":10},"end":{"line":14,"column":47}},"type":"cond-expr","locations":[{"start":{"line":14,"column":24},"end":{"line":14,"column":35}},{"start":{"line":14,"column":38},"end":{"line":14,"column":47}}],"line":14}},"s":{"0":3,"1":6},"f":{"0":6},"b":{"0":[3,3]},"_coverageSchema":"1a1c01bbd47fc00a2c39e90264f33305004495a9","hash":"198efbbc356a3e25ddf50b1eb31be280d283ed60"}
,"/home/sduball/Documents/school/senior/website/frontend/components/svg/icon/ImageIcon.tsx": {"path":"/home/sduball/Documents/school/senior/website/frontend/components/svg/icon/ImageIcon.tsx","statementMap":{"0":{"start":{"line":11,"column":18},"end":{"line":26,"column":1}},"1":{"start":{"line":12,"column":2},"end":{"line":25,"column":8}}},"fnMap":{"0":{"name":"(anonymous_0)","decl":{"start":{"line":11,"column":18},"end":{"line":11,"column":19}},"loc":{"start":{"line":12,"column":2},"end":{"line":25,"column":8}},"line":12}},"branchMap":{"0":{"loc":{"start":{"line":14,"column":10},"end":{"line":14,"column":47}},"type":"cond-expr","locations":[{"start":{"line":14,"column":24},"end":{"line":14,"column":35}},{"start":{"line":14,"column":38},"end":{"line":14,"column":47}}],"line":14}},"s":{"0":3,"1":6},"f":{"0":6},"b":{"0":[3,3]},"_coverageSchema":"1a1c01bbd47fc00a2c39e90264f33305004495a9","hash":"97096513d75ffb3f41ef4b81d87e5a668385a07f"}
,"/home/sduball/Documents/school/senior/website/frontend/components/svg/icon/InfoIcon.tsx": {"path":"/home/sduball/Documents/school/senior/website/frontend/components/svg/icon/InfoIcon.tsx","statementMap":{"0":{"start":{"line":11,"column":17},"end":{"line":26,"column":1}},"1":{"start":{"line":12,"column":2},"end":{"line":25,"column":8}}},"fnMap":{"0":{"name":"(anonymous_0)","decl":{"start":{"line":11,"column":17},"end":{"line":11,"column":18}},"loc":{"start":{"line":12,"column":2},"end":{"line":25,"column":8}},"line":12}},"branchMap":{"0":{"loc":{"start":{"line":14,"column":10},"end":{"line":14,"column":47}},"type":"cond-expr","locations":[{"start":{"line":14,"column":24},"end":{"line":14,"column":35}},{"start":{"line":14,"column":38},"end":{"line":14,"column":47}}],"line":14}},"s":{"0":3,"1":6},"f":{"0":6},"b":{"0":[3,3]},"_coverageSchema":"1a1c01bbd47fc00a2c39e90264f33305004495a9","hash":"f91a3b159a3baf5e363f12200f17fe19494b9d23"}
,"/home/sduball/Documents/school/senior/website/frontend/components/svg/icon/ItalicIcon.tsx": {"path":"/home/sduball/Documents/school/senior/website/frontend/components/svg/icon/ItalicIcon.tsx","statementMap":{"0":{"start":{"line":11,"column":19},"end":{"line":22,"column":1}},"1":{"start":{"line":12,"column":2},"end":{"line":21,"column":8}}},"fnMap":{"0":{"name":"(anonymous_0)","decl":{"start":{"line":11,"column":19},"end":{"line":11,"column":20}},"loc":{"start":{"line":12,"column":2},"end":{"line":21,"column":8}},"line":12}},"branchMap":{"0":{"loc":{"start":{"line":14,"column":10},"end":{"line":14,"column":47}},"type":"cond-expr","locations":[{"start":{"line":14,"column":24},"end":{"line":14,"column":35}},{"start":{"line":14,"column":38},"end":{"line":14,"column":47}}],"line":14}},"s":{"0":3,"1":6},"f":{"0":6},"b":{"0":[3,3]},"_coverageSchema":"1a1c01bbd47fc00a2c39e90264f33305004495a9","hash":"97265ba75479738a8e4cb13842fce5545ac36492"}
,"/home/sduball/Documents/school/senior/website/frontend/components/svg/icon/LastNameIcon.tsx": {"path":"/home/sduball/Documents/school/senior/website/frontend/components/svg/icon/LastNameIcon.tsx","statementMap":{"0":{"start":{"line":11,"column":21},"end":{"line":26,"column":1}},"1":{"start":{"line":12,"column":2},"end":{"line":25,"column":8}}},"fnMap":{"0":{"name":"(anonymous_0)","decl":{"start":{"line":11,"column":21},"end":{"line":11,"column":22}},"loc":{"start":{"line":12,"column":2},"end":{"line":25,"column":8}},"line":12}},"branchMap":{"0":{"loc":{"start":{"line":14,"column":10},"end":{"line":14,"column":47}},"type":"cond-expr","locations":[{"start":{"line":14,"column":24},"end":{"line":14,"column":35}},{"start":{"line":14,"column":38},"end":{"line":14,"column":47}}],"line":14}},"s":{"0":3,"1":6},"f":{"0":6},"b":{"0":[3,3]},"_coverageSchema":"1a1c01bbd47fc00a2c39e90264f33305004495a9","hash":"79092f0b3bec35982779c0dfd531e04868ddace2"}
,"/home/sduball/Documents/school/senior/website/frontend/components/svg/icon/LightbulbIcon.tsx": {"path":"/home/sduball/Documents/school/senior/website/frontend/components/svg/icon/LightbulbIcon.tsx","statementMap":{"0":{"start":{"line":11,"column":19},"end":{"line":66,"column":1}},"1":{"start":{"line":12,"column":2},"end":{"line":65,"column":8}}},"fnMap":{"0":{"name":"(anonymous_0)","decl":{"start":{"line":11,"column":19},"end":{"line":11,"column":20}},"loc":{"start":{"line":12,"column":2},"end":{"line":65,"column":8}},"line":12}},"branchMap":{"0":{"loc":{"start":{"line":14,"column":10},"end":{"line":14,"column":47}},"type":"cond-expr","locations":[{"start":{"line":14,"column":24},"end":{"line":14,"column":35}},{"start":{"line":14,"column":38},"end":{"line":14,"column":47}}],"line":14}},"s":{"0":15,"1":24},"f":{"0":24},"b":{"0":[3,21]},"_coverageSchema":"1a1c01bbd47fc00a2c39e90264f33305004495a9","hash":"9f3f1c80b807832818a3a24df8f73de40c77a7a5"}
,"/home/sduball/Documents/school/senior/website/frontend/components/svg/icon/LogPostIcon.tsx": {"path":"/home/sduball/Documents/school/senior/website/frontend/components/svg/icon/LogPostIcon.tsx","statementMap":{"0":{"start":{"line":11,"column":20},"end":{"line":26,"column":1}},"1":{"start":{"line":12,"column":2},"end":{"line":25,"column":8}}},"fnMap":{"0":{"name":"(anonymous_0)","decl":{"start":{"line":11,"column":20},"end":{"line":11,"column":21}},"loc":{"start":{"line":12,"column":2},"end":{"line":25,"column":8}},"line":12}},"branchMap":{"0":{"loc":{"start":{"line":14,"column":10},"end":{"line":14,"column":47}},"type":"cond-expr","locations":[{"start":{"line":14,"column":24},"end":{"line":14,"column":35}},{"start":{"line":14,"column":38},"end":{"line":14,"column":47}}],"line":14}},"s":{"0":3,"1":6},"f":{"0":6},"b":{"0":[3,3]},"_coverageSchema":"1a1c01bbd47fc00a2c39e90264f33305004495a9","hash":"4a3193120b7414d56bb4ec4cf6ebf1ceae833c36"}
,"/home/sduball/Documents/school/senior/website/frontend/components/svg/icon/NameCardIcon.tsx": {"path":"/home/sduball/Documents/school/senior/website/frontend/components/svg/icon/NameCardIcon.tsx","statementMap":{"0":{"start":{"line":11,"column":21},"end":{"line":26,"column":1}},"1":{"start":{"line":12,"column":2},"end":{"line":25,"column":8}}},"fnMap":{"0":{"name":"(anonymous_0)","decl":{"start":{"line":11,"column":21},"end":{"line":11,"column":22}},"loc":{"start":{"line":12,"column":2},"end":{"line":25,"column":8}},"line":12}},"branchMap":{"0":{"loc":{"start":{"line":14,"column":10},"end":{"line":14,"column":47}},"type":"cond-expr","locations":[{"start":{"line":14,"column":24},"end":{"line":14,"column":35}},{"start":{"line":14,"column":38},"end":{"line":14,"column":47}}],"line":14}},"s":{"0":3,"1":6},"f":{"0":6},"b":{"0":[3,3]},"_coverageSchema":"1a1c01bbd47fc00a2c39e90264f33305004495a9","hash":"7e70a72b55c504c67e51c818658c362bed580108"}
,"/home/sduball/Documents/school/senior/website/frontend/components/svg/icon/NextIcon.tsx": {"path":"/home/sduball/Documents/school/senior/website/frontend/components/svg/icon/NextIcon.tsx","statementMap":{"0":{"start":{"line":11,"column":17},"end":{"line":22,"column":1}},"1":{"start":{"line":12,"column":2},"end":{"line":21,"column":8}}},"fnMap":{"0":{"name":"(anonymous_0)","decl":{"start":{"line":11,"column":17},"end":{"line":11,"column":18}},"loc":{"start":{"line":12,"column":2},"end":{"line":21,"column":8}},"line":12}},"branchMap":{"0":{"loc":{"start":{"line":14,"column":10},"end":{"line":14,"column":47}},"type":"cond-expr","locations":[{"start":{"line":14,"column":24},"end":{"line":14,"column":35}},{"start":{"line":14,"column":38},"end":{"line":14,"column":47}}],"line":14}},"s":{"0":3,"1":6},"f":{"0":6},"b":{"0":[3,3]},"_coverageSchema":"1a1c01bbd47fc00a2c39e90264f33305004495a9","hash":"8f2f96f7a2566c41900968462e43c9efc39414e0"}
,"/home/sduball/Documents/school/senior/website/frontend/components/svg/icon/NotebookIcon.tsx": {"path":"/home/sduball/Documents/school/senior/website/frontend/components/svg/icon/NotebookIcon.tsx","statementMap":{"0":{"start":{"line":11,"column":21},"end":{"line":31,"column":1}},"1":{"start":{"line":12,"column":2},"end":{"line":30,"column":8}}},"fnMap":{"0":{"name":"(anonymous_0)","decl":{"start":{"line":11,"column":21},"end":{"line":11,"column":22}},"loc":{"start":{"line":12,"column":2},"end":{"line":30,"column":8}},"line":12}},"branchMap":{"0":{"loc":{"start":{"line":14,"column":10},"end":{"line":14,"column":47}},"type":"cond-expr","locations":[{"start":{"line":14,"column":24},"end":{"line":14,"column":35}},{"start":{"line":14,"column":38},"end":{"line":14,"column":47}}],"line":14}},"s":{"0":6,"1":12},"f":{"0":12},"b":{"0":[3,9]},"_coverageSchema":"1a1c01bbd47fc00a2c39e90264f33305004495a9","hash":"3c22fd5aa1fd2a781770230ab05845a13299132d"}
,"/home/sduball/Documents/school/senior/website/frontend/components/svg/icon/PasswordCardIcon.tsx": {"path":"/home/sduball/Documents/school/senior/website/frontend/components/svg/icon/PasswordCardIcon.tsx","statementMap":{"0":{"start":{"line":11,"column":25},"end":{"line":26,"column":1}},"1":{"start":{"line":12,"column":2},"end":{"line":25,"column":8}}},"fnMap":{"0":{"name":"(anonymous_0)","decl":{"start":{"line":11,"column":25},"end":{"line":11,"column":26}},"loc":{"start":{"line":12,"column":2},"end":{"line":25,"column":8}},"line":12}},"branchMap":{"0":{"loc":{"start":{"line":14,"column":10},"end":{"line":14,"column":47}},"type":"cond-expr","locations":[{"start":{"line":14,"column":24},"end":{"line":14,"column":35}},{"start":{"line":14,"column":38},"end":{"line":14,"column":47}}],"line":14}},"s":{"0":3,"1":6},"f":{"0":6},"b":{"0":[3,3]},"_coverageSchema":"1a1c01bbd47fc00a2c39e90264f33305004495a9","hash":"766f6e9ed62952631a9ce5259365e9950a2f9a25"}
,"/home/sduball/Documents/school/senior/website/frontend/components/svg/icon/PreviousIcon.tsx": {"path":"/home/sduball/Documents/school/senior/website/frontend/components/svg/icon/PreviousIcon.tsx","statementMap":{"0":{"start":{"line":11,"column":21},"end":{"line":22,"column":1}},"1":{"start":{"line":12,"column":2},"end":{"line":21,"column":8}}},"fnMap":{"0":{"name":"(anonymous_0)","decl":{"start":{"line":11,"column":21},"end":{"line":11,"column":22}},"loc":{"start":{"line":12,"column":2},"end":{"line":21,"column":8}},"line":12}},"branchMap":{"0":{"loc":{"start":{"line":14,"column":10},"end":{"line":14,"column":47}},"type":"cond-expr","locations":[{"start":{"line":14,"column":24},"end":{"line":14,"column":35}},{"start":{"line":14,"column":38},"end":{"line":14,"column":47}}],"line":14}},"s":{"0":3,"1":6},"f":{"0":6},"b":{"0":[3,3]},"_coverageSchema":"1a1c01bbd47fc00a2c39e90264f33305004495a9","hash":"825d0088fdd3dca0368db02bb15617290db8d0e4"}
,"/home/sduball/Documents/school/senior/website/frontend/components/svg/icon/ResetIcon.tsx": {"path":"/home/sduball/Documents/school/senior/website/frontend/components/svg/icon/ResetIcon.tsx","statementMap":{"0":{"start":{"line":11,"column":18},"end":{"line":22,"column":1}},"1":{"start":{"line":12,"column":2},"end":{"line":21,"column":8}}},"fnMap":{"0":{"name":"(anonymous_0)","decl":{"start":{"line":11,"column":18},"end":{"line":11,"column":19}},"loc":{"start":{"line":12,"column":2},"end":{"line":21,"column":8}},"line":12}},"branchMap":{"0":{"loc":{"start":{"line":14,"column":10},"end":{"line":14,"column":47}},"type":"cond-expr","locations":[{"start":{"line":14,"column":24},"end":{"line":14,"column":35}},{"start":{"line":14,"column":38},"end":{"line":14,"column":47}}],"line":14}},"s":{"0":3,"1":6},"f":{"0":6},"b":{"0":[3,3]},"_coverageSchema":"1a1c01bbd47fc00a2c39e90264f33305004495a9","hash":"cb0566c3dc26f1230c03ad27190ba53235aae055"}
,"/home/sduball/Documents/school/senior/website/frontend/components/svg/icon/SaveIcon.tsx": {"path":"/home/sduball/Documents/school/senior/website/frontend/components/svg/icon/SaveIcon.tsx","statementMap":{"0":{"start":{"line":11,"column":17},"end":{"line":26,"column":1}},"1":{"start":{"line":12,"column":2},"end":{"line":25,"column":8}}},"fnMap":{"0":{"name":"(anonymous_0)","decl":{"start":{"line":11,"column":17},"end":{"line":11,"column":18}},"loc":{"start":{"line":12,"column":2},"end":{"line":25,"column":8}},"line":12}},"branchMap":{"0":{"loc":{"start":{"line":14,"column":10},"end":{"line":14,"column":47}},"type":"cond-expr","locations":[{"start":{"line":14,"column":24},"end":{"line":14,"column":35}},{"start":{"line":14,"column":38},"end":{"line":14,"column":47}}],"line":14}},"s":{"0":3,"1":6},"f":{"0":6},"b":{"0":[3,3]},"_coverageSchema":"1a1c01bbd47fc00a2c39e90264f33305004495a9","hash":"9811c52a17905b7bf8a54bbc6840d6752a5b67bf"}
,"/home/sduball/Documents/school/senior/website/frontend/components/svg/icon/SearchIcon.tsx": {"path":"/home/sduball/Documents/school/senior/website/frontend/components/svg/icon/SearchIcon.tsx","statementMap":{"0":{"start":{"line":11,"column":19},"end":{"line":26,"column":1}},"1":{"start":{"line":12,"column":2},"end":{"line":25,"column":8}}},"fnMap":{"0":{"name":"(anonymous_0)","decl":{"start":{"line":11,"column":19},"end":{"line":11,"column":20}},"loc":{"start":{"line":12,"column":2},"end":{"line":25,"column":8}},"line":12}},"branchMap":{"0":{"loc":{"start":{"line":14,"column":10},"end":{"line":14,"column":47}},"type":"cond-expr","locations":[{"start":{"line":14,"column":24},"end":{"line":14,"column":35}},{"start":{"line":14,"column":38},"end":{"line":14,"column":47}}],"line":14}},"s":{"0":3,"1":6},"f":{"0":6},"b":{"0":[3,3]},"_coverageSchema":"1a1c01bbd47fc00a2c39e90264f33305004495a9","hash":"7de56a3dd62afaeefd51ed69a1a5d16f03801881"}
,"/home/sduball/Documents/school/senior/website/frontend/components/svg/icon/SendIcon.tsx": {"path":"/home/sduball/Documents/school/senior/website/frontend/components/svg/icon/SendIcon.tsx","statementMap":{"0":{"start":{"line":11,"column":17},"end":{"line":22,"column":1}},"1":{"start":{"line":12,"column":2},"end":{"line":21,"column":8}}},"fnMap":{"0":{"name":"(anonymous_0)","decl":{"start":{"line":11,"column":17},"end":{"line":11,"column":18}},"loc":{"start":{"line":12,"column":2},"end":{"line":21,"column":8}},"line":12}},"branchMap":{"0":{"loc":{"start":{"line":14,"column":10},"end":{"line":14,"column":47}},"type":"cond-expr","locations":[{"start":{"line":14,"column":24},"end":{"line":14,"column":35}},{"start":{"line":14,"column":38},"end":{"line":14,"column":47}}],"line":14}},"s":{"0":3,"1":6},"f":{"0":6},"b":{"0":[3,3]},"_coverageSchema":"1a1c01bbd47fc00a2c39e90264f33305004495a9","hash":"1db23269a4716622514ee382ac110d341ca9720a"}
,"/home/sduball/Documents/school/senior/website/frontend/components/svg/icon/SettingsIcon.tsx": {"path":"/home/sduball/Documents/school/senior/website/frontend/components/svg/icon/SettingsIcon.tsx","statementMap":{"0":{"start":{"line":11,"column":21},"end":{"line":26,"column":1}},"1":{"start":{"line":12,"column":2},"end":{"line":25,"column":8}}},"fnMap":{"0":{"name":"(anonymous_0)","decl":{"start":{"line":11,"column":21},"end":{"line":11,"column":22}},"loc":{"start":{"line":12,"column":2},"end":{"line":25,"column":8}},"line":12}},"branchMap":{"0":{"loc":{"start":{"line":14,"column":10},"end":{"line":14,"column":47}},"type":"cond-expr","locations":[{"start":{"line":14,"column":24},"end":{"line":14,"column":35}},{"start":{"line":14,"column":38},"end":{"line":14,"column":47}}],"line":14}},"s":{"0":3,"1":6},"f":{"0":6},"b":{"0":[3,3]},"_coverageSchema":"1a1c01bbd47fc00a2c39e90264f33305004495a9","hash":"5c19eb026bb1e7f863a53d8a6f7c5b964c6f7f4e"}
,"/home/sduball/Documents/school/senior/website/frontend/components/svg/icon/ShieldIcon.tsx": {"path":"/home/sduball/Documents/school/senior/website/frontend/components/svg/icon/ShieldIcon.tsx","statementMap":{"0":{"start":{"line":11,"column":19},"end":{"line":31,"column":1}},"1":{"start":{"line":12,"column":2},"end":{"line":30,"column":8}}},"fnMap":{"0":{"name":"(anonymous_0)","decl":{"start":{"line":11,"column":19},"end":{"line":11,"column":20}},"loc":{"start":{"line":12,"column":2},"end":{"line":30,"column":8}},"line":12}},"branchMap":{"0":{"loc":{"start":{"line":14,"column":10},"end":{"line":14,"column":47}},"type":"cond-expr","locations":[{"start":{"line":14,"column":24},"end":{"line":14,"column":35}},{"start":{"line":14,"column":38},"end":{"line":14,"column":47}}],"line":14}},"s":{"0":6,"1":12},"f":{"0":12},"b":{"0":[3,9]},"_coverageSchema":"1a1c01bbd47fc00a2c39e90264f33305004495a9","hash":"2776b9969ac15b5d20b2ee637f5a3fde06f78298"}
,"/home/sduball/Documents/school/senior/website/frontend/components/svg/icon/SignInIcon.tsx": {"path":"/home/sduball/Documents/school/senior/website/frontend/components/svg/icon/SignInIcon.tsx","statementMap":{"0":{"start":{"line":11,"column":19},"end":{"line":26,"column":1}},"1":{"start":{"line":12,"column":2},"end":{"line":25,"column":8}}},"fnMap":{"0":{"name":"(anonymous_0)","decl":{"start":{"line":11,"column":19},"end":{"line":11,"column":20}},"loc":{"start":{"line":12,"column":2},"end":{"line":25,"column":8}},"line":12}},"branchMap":{"0":{"loc":{"start":{"line":14,"column":10},"end":{"line":14,"column":47}},"type":"cond-expr","locations":[{"start":{"line":14,"column":24},"end":{"line":14,"column":35}},{"start":{"line":14,"column":38},"end":{"line":14,"column":47}}],"line":14}},"s":{"0":3,"1":6},"f":{"0":6},"b":{"0":[3,3]},"_coverageSchema":"1a1c01bbd47fc00a2c39e90264f33305004495a9","hash":"03698adee2027d170db6844ecbf7b617a1987c4b"}
,"/home/sduball/Documents/school/senior/website/frontend/components/svg/icon/SignOutIcon.tsx": {"path":"/home/sduball/Documents/school/senior/website/frontend/components/svg/icon/SignOutIcon.tsx","statementMap":{"0":{"start":{"line":11,"column":20},"end":{"line":26,"column":1}},"1":{"start":{"line":12,"column":2},"end":{"line":25,"column":8}}},"fnMap":{"0":{"name":"(anonymous_0)","decl":{"start":{"line":11,"column":20},"end":{"line":11,"column":21}},"loc":{"start":{"line":12,"column":2},"end":{"line":25,"column":8}},"line":12}},"branchMap":{"0":{"loc":{"start":{"line":14,"column":10},"end":{"line":14,"column":47}},"type":"cond-expr","locations":[{"start":{"line":14,"column":24},"end":{"line":14,"column":35}},{"start":{"line":14,"column":38},"end":{"line":14,"column":47}}],"line":14}},"s":{"0":3,"1":6},"f":{"0":6},"b":{"0":[3,3]},"_coverageSchema":"1a1c01bbd47fc00a2c39e90264f33305004495a9","hash":"4c7544574749efc27e08468b0d13135837fe07b4"}
,"/home/sduball/Documents/school/senior/website/frontend/components/svg/icon/SignUpIcon.tsx": {"path":"/home/sduball/Documents/school/senior/website/frontend/components/svg/icon/SignUpIcon.tsx","statementMap":{"0":{"start":{"line":11,"column":19},"end":{"line":26,"column":1}},"1":{"start":{"line":12,"column":2},"end":{"line":25,"column":8}}},"fnMap":{"0":{"name":"(anonymous_0)","decl":{"start":{"line":11,"column":19},"end":{"line":11,"column":20}},"loc":{"start":{"line":12,"column":2},"end":{"line":25,"column":8}},"line":12}},"branchMap":{"0":{"loc":{"start":{"line":14,"column":10},"end":{"line":14,"column":47}},"type":"cond-expr","locations":[{"start":{"line":14,"column":24},"end":{"line":14,"column":35}},{"start":{"line":14,"column":38},"end":{"line":14,"column":47}}],"line":14}},"s":{"0":3,"1":6},"f":{"0":6},"b":{"0":[3,3]},"_coverageSchema":"1a1c01bbd47fc00a2c39e90264f33305004495a9","hash":"2c8c6d6877ac099efc2a17956894cfa34b1cc830"}
,"/home/sduball/Documents/school/senior/website/frontend/components/svg/icon/SuccessIcon.tsx": {"path":"/home/sduball/Documents/school/senior/website/frontend/components/svg/icon/SuccessIcon.tsx","statementMap":{"0":{"start":{"line":11,"column":20},"end":{"line":26,"column":1}},"1":{"start":{"line":12,"column":2},"end":{"line":25,"column":8}}},"fnMap":{"0":{"name":"(anonymous_0)","decl":{"start":{"line":11,"column":20},"end":{"line":11,"column":21}},"loc":{"start":{"line":12,"column":2},"end":{"line":25,"column":8}},"line":12}},"branchMap":{"0":{"loc":{"start":{"line":14,"column":10},"end":{"line":14,"column":47}},"type":"cond-expr","locations":[{"start":{"line":14,"column":24},"end":{"line":14,"column":35}},{"start":{"line":14,"column":38},"end":{"line":14,"column":47}}],"line":14}},"s":{"0":3,"1":6},"f":{"0":6},"b":{"0":[3,3]},"_coverageSchema":"1a1c01bbd47fc00a2c39e90264f33305004495a9","hash":"927b4086dd113fbafd4cf49218c5ff0a15a271fd"}
,"/home/sduball/Documents/school/senior/website/frontend/components/svg/icon/TargetIcon.tsx": {"path":"/home/sduball/Documents/school/senior/website/frontend/components/svg/icon/TargetIcon.tsx","statementMap":{"0":{"start":{"line":11,"column":19},"end":{"line":31,"column":1}},"1":{"start":{"line":12,"column":2},"end":{"line":30,"column":8}}},"fnMap":{"0":{"name":"(anonymous_0)","decl":{"start":{"line":11,"column":19},"end":{"line":11,"column":20}},"loc":{"start":{"line":12,"column":2},"end":{"line":30,"column":8}},"line":12}},"branchMap":{"0":{"loc":{"start":{"line":14,"column":10},"end":{"line":14,"column":47}},"type":"cond-expr","locations":[{"start":{"line":14,"column":24},"end":{"line":14,"column":35}},{"start":{"line":14,"column":38},"end":{"line":14,"column":47}}],"line":14}},"s":{"0":6,"1":12},"f":{"0":12},"b":{"0":[3,9]},"_coverageSchema":"1a1c01bbd47fc00a2c39e90264f33305004495a9","hash":"2b004b4b8d8c0e7979fecc7a9ce1946b1fe5e4f7"}
,"/home/sduball/Documents/school/senior/website/frontend/components/svg/icon/TitleIcon.tsx": {"path":"/home/sduball/Documents/school/senior/website/frontend/components/svg/icon/TitleIcon.tsx","statementMap":{"0":{"start":{"line":11,"column":18},"end":{"line":22,"column":1}},"1":{"start":{"line":12,"column":2},"end":{"line":21,"column":8}}},"fnMap":{"0":{"name":"(anonymous_0)","decl":{"start":{"line":11,"column":18},"end":{"line":11,"column":19}},"loc":{"start":{"line":12,"column":2},"end":{"line":21,"column":8}},"line":12}},"branchMap":{"0":{"loc":{"start":{"line":14,"column":10},"end":{"line":14,"column":47}},"type":"cond-expr","locations":[{"start":{"line":14,"column":24},"end":{"line":14,"column":35}},{"start":{"line":14,"column":38},"end":{"line":14,"column":47}}],"line":14}},"s":{"0":3,"1":6},"f":{"0":6},"b":{"0":[3,3]},"_coverageSchema":"1a1c01bbd47fc00a2c39e90264f33305004495a9","hash":"1425a402e58d2a89a733d39d9ec14113d89f920d"}
,"/home/sduball/Documents/school/senior/website/frontend/components/svg/icon/UnderlineIcon.tsx": {"path":"/home/sduball/Documents/school/senior/website/frontend/components/svg/icon/UnderlineIcon.tsx","statementMap":{"0":{"start":{"line":11,"column":22},"end":{"line":22,"column":1}},"1":{"start":{"line":12,"column":2},"end":{"line":21,"column":8}}},"fnMap":{"0":{"name":"(anonymous_0)","decl":{"start":{"line":11,"column":22},"end":{"line":11,"column":23}},"loc":{"start":{"line":12,"column":2},"end":{"line":21,"column":8}},"line":12}},"branchMap":{"0":{"loc":{"start":{"line":14,"column":10},"end":{"line":14,"column":47}},"type":"cond-expr","locations":[{"start":{"line":14,"column":24},"end":{"line":14,"column":35}},{"start":{"line":14,"column":38},"end":{"line":14,"column":47}}],"line":14}},"s":{"0":3,"1":6},"f":{"0":6},"b":{"0":[3,3]},"_coverageSchema":"1a1c01bbd47fc00a2c39e90264f33305004495a9","hash":"dfea0b7bb99b06b2a43d8123b2fdd672b5b0daf4"}
,"/home/sduball/Documents/school/senior/website/frontend/components/text/H1.tsx": {"path":"/home/sduball/Documents/school/senior/website/frontend/components/text/H1.tsx","statementMap":{"0":{"start":{"line":3,"column":11},"end":{"line":8,"column":1}},"1":{"start":{"line":6,"column":20},"end":{"line":6,"column":50}}},"fnMap":{"0":{"name":"(anonymous_0)","decl":{"start":{"line":6,"column":11},"end":{"line":6,"column":12}},"loc":{"start":{"line":6,"column":20},"end":{"line":6,"column":50}},"line":6}},"branchMap":{},"s":{"0":12,"1":42},"f":{"0":42},"b":{},"_coverageSchema":"1a1c01bbd47fc00a2c39e90264f33305004495a9","hash":"2e2e254d6f338ca7535d1bcce28ad99a4fe2ad13"}
,"/home/sduball/Documents/school/senior/website/frontend/components/text/P.tsx": {"path":"/home/sduball/Documents/school/senior/website/frontend/components/text/P.tsx","statementMap":{"0":{"start":{"line":3,"column":10},"end":{"line":8,"column":1}},"1":{"start":{"line":6,"column":20},"end":{"line":6,"column":50}}},"fnMap":{"0":{"name":"(anonymous_0)","decl":{"start":{"line":6,"column":11},"end":{"line":6,"column":12}},"loc":{"start":{"line":6,"column":20},"end":{"line":6,"column":50}},"line":6}},"branchMap":{},"s":{"0":6,"1":33},"f":{"0":33},"b":{},"_coverageSchema":"1a1c01bbd47fc00a2c39e90264f33305004495a9","hash":"293e9475be13dc14ec3d0a798c4a5767f3259105"}
,"/home/sduball/Documents/school/senior/website/frontend/pages/_app.tsx": {"path":"/home/sduball/Documents/school/senior/website/frontend/pages/_app.tsx","statementMap":{"0":{"start":{"line":13,"column":22},"end":{"line":17,"column":1}},"1":{"start":{"line":19,"column":20},"end":{"line":22,"column":1}},"2":{"start":{"line":23,"column":20},"end":{"line":25,"column":1}},"3":{"start":{"line":29,"column":37},"end":{"line":29,"column":47}},"4":{"start":{"line":30,"column":4},"end":{"line":39,"column":6}}},"fnMap":{"0":{"name":"(anonymous_0)","decl":{"start":{"line":28,"column":2},"end":{"line":28,"column":3}},"loc":{"start":{"line":28,"column":11},"end":{"line":40,"column":3}},"line":28},"1":{"name":"(anonymous_1)","decl":{"start":{"line":32,"column":39},"end":{"line":32,"column":40}},"loc":{"start":{"line":32,"column":45},"end":{"line":32,"column":47}},"line":32},"2":{"name":"(anonymous_2)","decl":{"start":{"line":34,"column":41},"end":{"line":34,"column":42}},"loc":{"start":{"line":34,"column":47},"end":{"line":34,"column":49}},"line":34}},"branchMap":{},"s":{"0":3,"1":3,"2":3,"3":6,"4":6,"5":null,"6":null},"f":{"0":6,"1":2,"2":0,"3":null},"b":{},"_coverageSchema":"1a1c01bbd47fc00a2c39e90264f33305004495a9","hash":"1d3369bbfde70d7fc369ae0ff85e8c0c6cb0145b"}
,"/home/sduball/Documents/school/senior/website/frontend/pages/index.tsx": {"path":"/home/sduball/Documents/school/senior/website/frontend/pages/index.tsx","statementMap":{"0":{"start":{"line":17,"column":18},"end":{"line":17,"column":30}},"1":{"start":{"line":20,"column":16},"end":{"line":25,"column":1}},"2":{"start":{"line":26,"column":28},"end":{"line":28,"column":1}},"3":{"start":{"line":32,"column":17},"end":{"line":32,"column":30}},"4":{"start":{"line":33,"column":21},"end":{"line":35,"column":1}},"5":{"start":{"line":37,"column":20},"end":{"line":43,"column":1}},"6":{"start":{"line":47,"column":25},"end":{"line":49,"column":1}},"7":{"start":{"line":48,"column":33},"end":{"line":48,"column":68}},"8":{"start":{"line":50,"column":29},"end":{"line":50,"column":46}},"9":{"start":{"line":54,"column":32},"end":{"line":56,"column":1}},"10":{"start":{"line":55,"column":33},"end":{"line":55,"column":69}},"11":{"start":{"line":57,"column":36},"end":{"line":57,"column":53}},"12":{"start":{"line":61,"column":27},"end":{"line":63,"column":1}},"13":{"start":{"line":62,"column":33},"end":{"line":62,"column":67}},"14":{"start":{"line":64,"column":31},"end":{"line":64,"column":48}},"15":{"start":{"line":68,"column":23},"end":{"line":70,"column":1}},"16":{"start":{"line":69,"column":33},"end":{"line":69,"column":69}},"17":{"start":{"line":71,"column":27},"end":{"line":71,"column":44}},"18":{"start":{"line":73,"column":17},"end":{"line":174,"column":1}},"19":{"start":{"line":74,"column":16},"end":{"line":74,"column":40}},"20":{"start":{"line":76,"column":2},"end":{"line":173,"column":4}}},"fnMap":{"0":{"name":"(anonymous_0)","decl":{"start":{"line":48,"column":22},"end":{"line":48,"column":23}},"loc":{"start":{"line":48,"column":33},"end":{"line":48,"column":68}},"line":48},"1":{"name":"(anonymous_1)","decl":{"start":{"line":55,"column":22},"end":{"line":55,"column":23}},"loc":{"start":{"line":55,"column":33},"end":{"line":55,"column":69}},"line":55},"2":{"name":"(anonymous_2)","decl":{"start":{"line":62,"column":22},"end":{"line":62,"column":23}},"loc":{"start":{"line":62,"column":33},"end":{"line":62,"column":67}},"line":62},"3":{"name":"(anonymous_3)","decl":{"start":{"line":69,"column":22},"end":{"line":69,"column":23}},"loc":{"start":{"line":69,"column":33},"end":{"line":69,"column":69}},"line":69},"4":{"name":"(anonymous_4)","decl":{"start":{"line":73,"column":17},"end":{"line":73,"column":18}},"loc":{"start":{"line":73,"column":23},"end":{"line":174,"column":1}},"line":73}},"branchMap":{},"s":{"0":3,"1":3,"2":3,"3":3,"4":3,"5":3,"6":3,"7":6,"8":3,"9":3,"10":6,"11":3,"12":3,"13":6,"14":3,"15":3,"16":6,"17":3,"18":3,"19":6,"20":6},"f":{"0":6,"1":6,"2":6,"3":6,"4":6},"b":{},"_coverageSchema":"1a1c01bbd47fc00a2c39e90264f33305004495a9","hash":"212e299a6cc563cd47966bedb3d2224e6d3c0a50"}
}
