TN:
SF:components/helpers.tsx
FN:7,(anonymous_0)
FN:12,(anonymous_1)
FN:29,(anonymous_2)
FN:47,(anonymous_3)
FNF:6
FNH:4
FNDA:534,(anonymous_0)
FNDA:1359,(anonymous_1)
FNDA:54,(anonymous_2)
FNDA:3,(anonymous_3)
DA:7,171
DA:9,534
DA:12,534
DA:13,1359
DA:14,516
DA:19,534
DA:29,171
DA:31,54
DA:34,54
DA:35,45
DA:36,45
DA:38,9
DA:47,171
DA:48,3
DA:49,3
LF:15
LH:15
BRDA:13,0,0,516
BRDA:13,0,1,843
BRDA:34,1,0,45
BRDA:34,1,1,9
BRDA:48,2,0,3
BRDA:48,2,1,0
BRF:6
BRH:5
end_of_record
TN:
SF:components/a/RectangleLink.tsx
FN:7,(anonymous_0)
FN:10,(anonymous_1)
FNF:2
FNH:2
FNDA:27,(anonymous_0)
FNDA:27,(anonymous_1)
DA:3,6
DA:7,27
DA:10,27
LF:3
LH:3
BRF:0
BRH:0
end_of_record
TN:
SF:components/a/RoundedLink.tsx
FN:9,(anonymous_0)
FN:10,(anonymous_1)
FN:17,(anonymous_2)
FN:23,(anonymous_3)
FNF:4
FNH:4
FNDA:3,(anonymous_0)
FNDA:3,(anonymous_1)
FNDA:3,(anonymous_2)
FNDA:3,(anonymous_3)
DA:3,3
DA:9,3
DA:10,3
DA:17,3
DA:23,3
LF:5
LH:5
BRF:0
BRH:0
end_of_record
TN:
SF:components/button/SvgButton.tsx
FN:11,(anonymous_0)
FN:12,(anonymous_1)
FN:27,(anonymous_2)
FNF:3
FNH:3
FNDA:33,(anonymous_0)
FNDA:33,(anonymous_1)
FNDA:33,(anonymous_2)
DA:5,9
DA:11,33
DA:12,33
DA:27,9
DA:28,33
LF:5
LH:5
BRF:0
BRH:0
end_of_record
TN:
SF:components/composed/DecoratedIntro.tsx
FN:34,(anonymous_0)
FNF:1
FNH:1
FNDA:33,(anonymous_0)
DA:8,6
DA:15,6
DA:18,6
DA:34,6
DA:35,33
LF:5
LH:5
BRF:0
BRH:0
end_of_record
TN:
SF:components/composed/Footer.tsx
FN:8,(anonymous_0)
FN:15,(anonymous_1)
FNF:2
FNH:2
FNDA:9,(anonymous_0)
FNDA:9,(anonymous_1)
DA:5,6
DA:8,9
DA:15,6
DA:16,9
LF:4
LH:4
BRF:0
BRH:0
end_of_record
TN:
SF:components/composed/Header.tsx
FN:10,(anonymous_0)
FN:13,(anonymous_1)
FN:40,(anonymous_2)
FNF:3
FNH:3
FNDA:15,(anonymous_0)
FNDA:15,(anonymous_1)
FNDA:15,(anonymous_2)
DA:9,6
DA:10,15
DA:13,15
DA:19,6
DA:23,6
DA:30,6
DA:40,6
DA:41,15
LF:8
LH:8
BRF:0
BRH:0
end_of_record
TN:
SF:components/composed/PageBanner.tsx
FN:8,(anonymous_0)
FN:16,(anonymous_1)
FN:31,(anonymous_2)
FN:40,(anonymous_3)
FN:55,(anonymous_4)
FNF:5
FNH:5
FNDA:3,(anonymous_0)
FNDA:3,(anonymous_1)
FNDA:3,(anonymous_2)
FNDA:3,(anonymous_3)
FNDA:3,(anonymous_4)
DA:7,3
DA:8,3
DA:16,3
DA:21,3
DA:27,3
DA:31,3
DA:36,3
DA:40,3
DA:55,3
DA:56,3
LF:10
LH:10
BRF:0
BRH:0
end_of_record
TN:
SF:components/context/app/actions.tsx
FN:13,(anonymous_0)
FNF:1
FNH:0
FNDA:0,(anonymous_0)
DA:13,1
DA:14,0
LF:2
LH:1
BRF:0
BRH:0
end_of_record
TN:
SF:components/context/app/context.tsx
FN:15,(anonymous_0)
FN:23,(anonymous_1)
FNF:2
FNH:1
FNDA:0,(anonymous_0)
FNDA:2,(anonymous_1)
DA:10,1
DA:18,1
DA:23,1
DA:24,2
DA:26,2
LF:5
LH:5
BRF:0
BRH:0
end_of_record
TN:
SF:components/context/app/reducer.tsx
FN:5,(anonymous_0)
FNF:1
FNH:0
FNDA:0,(anonymous_0)
DA:5,1
DA:6,0
DA:9,0
DA:10,0
DA:11,0
DA:18,0
LF:6
LH:1
BRDA:6,0,0,0
BRDA:6,0,1,0
BRF:2
BRH:0
end_of_record
TN:
SF:components/decoration/SvgCircle.tsx
FN:6,(anonymous_0)
FN:8,(anonymous_1)
FN:9,(anonymous_2)
FN:26,(anonymous_3)
FNF:4
FNH:4
FNDA:42,(anonymous_0)
FNDA:42,(anonymous_1)
FNDA:42,(anonymous_2)
FNDA:42,(anonymous_3)
DA:5,12
DA:7,42
DA:8,42
DA:9,42
DA:26,12
DA:27,42
LF:6
LH:6
BRDA:7,0,0,12
BRDA:7,0,1,30
BRDA:8,1,0,39
BRDA:8,1,1,3
BRDA:9,2,0,39
BRDA:9,2,1,3
BRF:6
BRH:6
end_of_record
TN:
SF:components/decoration/UnderlineTitle.tsx
FN:19,(anonymous_0)
FN:30,(anonymous_1)
FNF:2
FNH:2
FNDA:6,(anonymous_0)
FNDA:6,(anonymous_1)
DA:5,3
DA:12,3
DA:16,3
DA:19,6
DA:30,3
DA:31,6
LF:6
LH:6
BRF:0
BRH:0
end_of_record
TN:
SF:components/decoration/WaveTransition.tsx
FN:6,(anonymous_0)
FNF:1
FNH:1
FNDA:27,(anonymous_0)
DA:3,6
DA:6,27
LF:2
LH:2
BRF:0
BRH:0
end_of_record
TN:
SF:components/layout/MWC.tsx
FN:11,(anonymous_0)
FN:12,(anonymous_1)
FN:13,(anonymous_2)
FNF:3
FNH:3
FNDA:33,(anonymous_0)
FNDA:33,(anonymous_1)
FNDA:33,(anonymous_2)
DA:3,6
DA:11,33
DA:12,33
DA:13,33
LF:4
LH:4
BRF:0
BRH:0
end_of_record
TN:
SF:components/li/BulletListItem.tsx
FN:17,(anonymous_0)
FN:28,(anonymous_1)
FN:37,(anonymous_2)
FNF:3
FNH:3
FNDA:3,(anonymous_0)
FNDA:3,(anonymous_1)
FNDA:3,(anonymous_2)
DA:5,3
DA:14,3
DA:17,3
DA:25,3
DA:28,3
DA:37,3
DA:38,3
LF:7
LH:7
BRF:0
BRH:0
end_of_record
TN:
SF:components/li/CircleNumberListItem.tsx
FN:17,(anonymous_0)
FN:26,(anonymous_1)
FN:34,(anonymous_2)
FN:46,(anonymous_3)
FNF:4
FNH:4
FNDA:27,(anonymous_0)
FNDA:27,(anonymous_1)
FNDA:27,(anonymous_2)
FNDA:27,(anonymous_3)
DA:5,6
DA:14,6
DA:17,27
DA:23,6
DA:26,27
DA:31,6
DA:34,27
DA:46,6
DA:47,27
LF:9
LH:9
BRF:0
BRH:0
end_of_record
TN:
SF:components/styled/lightTheme.tsx
FNF:0
FNH:0
DA:3,42
LF:1
LH:1
BRF:0
BRH:0
end_of_record
TN:
SF:components/svg/brand/LymphedemaCenterLogo.tsx
FN:11,(anonymous_0)
FNF:1
FNH:1
FNDA:24,(anonymous_0)
DA:11,9
DA:12,24
LF:2
LH:2
BRDA:15,0,0,3
BRDA:15,0,1,21
BRDA:17,1,0,18
BRDA:17,1,1,3
BRDA:22,2,0,18
BRDA:22,2,1,6
BRDA:24,3,0,3
BRDA:24,3,1,3
BRF:8
BRH:8
end_of_record
TN:
SF:components/svg/brand/TheUofILogo.tsx
FN:3,(anonymous_0)
FNF:1
FNH:1
FNDA:9,(anonymous_0)
DA:3,6
DA:4,9
LF:2
LH:2
BRF:0
BRH:0
end_of_record
TN:
SF:components/svg/graphic/LymphaticSystem.tsx
FN:11,(anonymous_0)
FNF:1
FNH:1
FNDA:9,(anonymous_0)
DA:11,3
DA:12,9
LF:2
LH:2
BRDA:15,0,0,3
BRDA:15,0,1,6
BRDA:17,1,0,3
BRDA:17,1,1,3
BRDA:22,2,0,3
BRDA:22,2,1,6
BRDA:24,3,0,3
BRDA:24,3,1,3
BRF:8
BRH:8
end_of_record
TN:
SF:components/svg/graphic/LymphedemaLeg.tsx
FN:11,(anonymous_0)
FNF:1
FNH:1
FNDA:9,(anonymous_0)
DA:11,3
DA:12,9
LF:2
LH:2
BRDA:15,0,0,3
BRDA:15,0,1,6
BRDA:17,1,0,3
BRDA:17,1,1,3
BRDA:22,2,0,3
BRDA:22,2,1,6
BRDA:24,3,0,3
BRDA:24,3,1,3
BRF:8
BRH:8
end_of_record
TN:
SF:components/svg/icon/AvatarIcon.tsx
FN:11,(anonymous_0)
FNF:1
FNH:1
FNDA:6,(anonymous_0)
DA:11,3
DA:12,6
LF:2
LH:2
BRDA:14,0,0,3
BRDA:14,0,1,3
BRF:2
BRH:2
end_of_record
TN:
SF:components/svg/icon/BoldIcon.tsx
FN:11,(anonymous_0)
FNF:1
FNH:1
FNDA:6,(anonymous_0)
DA:11,3
DA:12,6
LF:2
LH:2
BRDA:14,0,0,3
BRDA:14,0,1,3
BRF:2
BRH:2
end_of_record
TN:
SF:components/svg/icon/CenterAlignIcon.tsx
FN:11,(anonymous_0)
FNF:1
FNH:1
FNDA:6,(anonymous_0)
DA:11,3
DA:12,6
LF:2
LH:2
BRDA:14,0,0,3
BRDA:14,0,1,3
BRF:2
BRH:2
end_of_record
TN:
SF:components/svg/icon/CheckIcon.tsx
FN:11,(anonymous_0)
FNF:1
FNH:1
FNDA:6,(anonymous_0)
DA:11,3
DA:12,6
LF:2
LH:2
BRDA:14,0,0,3
BRDA:14,0,1,3
BRF:2
BRH:2
end_of_record
TN:
SF:components/svg/icon/CloseIcon.tsx
FN:11,(anonymous_0)
FNF:1
FNH:1
FNDA:6,(anonymous_0)
DA:11,3
DA:12,6
LF:2
LH:2
BRDA:14,0,0,3
BRDA:14,0,1,3
BRF:2
BRH:2
end_of_record
TN:
SF:components/svg/icon/CodeIcon.tsx
FN:11,(anonymous_0)
FNF:1
FNH:1
FNDA:6,(anonymous_0)
DA:11,3
DA:12,6
LF:2
LH:2
BRDA:14,0,0,3
BRDA:14,0,1,3
BRF:2
BRH:2
end_of_record
TN:
SF:components/svg/icon/CommentCheckIcon.tsx
FN:11,(anonymous_0)
FNF:1
FNH:1
FNDA:6,(anonymous_0)
DA:11,3
DA:12,6
LF:2
LH:2
BRDA:14,0,0,3
BRDA:14,0,1,3
BRF:2
BRH:2
end_of_record
TN:
SF:components/svg/icon/CommentIcon.tsx
FN:11,(anonymous_0)
FNF:1
FNH:1
FNDA:6,(anonymous_0)
DA:11,3
DA:12,6
LF:2
LH:2
BRDA:14,0,0,3
BRDA:14,0,1,3
BRF:2
BRH:2
end_of_record
TN:
SF:components/svg/icon/DeltaIcon.tsx
FN:11,(anonymous_0)
FNF:1
FNH:1
FNDA:6,(anonymous_0)
DA:11,3
DA:12,6
LF:2
LH:2
BRDA:14,0,0,3
BRDA:14,0,1,3
BRF:2
BRH:2
end_of_record
TN:
SF:components/svg/icon/DialogIcon.tsx
FN:11,(anonymous_0)
FNF:1
FNH:1
FNDA:12,(anonymous_0)
DA:11,6
DA:12,12
LF:2
LH:2
BRDA:14,0,0,3
BRDA:14,0,1,9
BRF:2
BRH:2
end_of_record
TN:
SF:components/svg/icon/EditIcon.tsx
FN:11,(anonymous_0)
FNF:1
FNH:1
FNDA:6,(anonymous_0)
DA:11,3
DA:12,6
LF:2
LH:2
BRDA:14,0,0,3
BRDA:14,0,1,3
BRF:2
BRH:2
end_of_record
TN:
SF:components/svg/icon/EllipsisIcon.tsx
FN:11,(anonymous_0)
FNF:1
FNH:1
FNDA:6,(anonymous_0)
DA:11,3
DA:12,6
LF:2
LH:2
BRDA:14,0,0,3
BRDA:14,0,1,3
BRF:2
BRH:2
end_of_record
TN:
SF:components/svg/icon/EmailCardIcon.tsx
FN:11,(anonymous_0)
FNF:1
FNH:1
FNDA:6,(anonymous_0)
DA:11,3
DA:12,6
LF:2
LH:2
BRDA:14,0,0,3
BRDA:14,0,1,3
BRF:2
BRH:2
end_of_record
TN:
SF:components/svg/icon/EmailIcon.tsx
FN:11,(anonymous_0)
FNF:1
FNH:1
FNDA:6,(anonymous_0)
DA:11,3
DA:12,6
LF:2
LH:2
BRDA:14,0,0,3
BRDA:14,0,1,3
BRF:2
BRH:2
end_of_record
TN:
SF:components/svg/icon/ErrorIcon.tsx
FN:11,(anonymous_0)
FNF:1
FNH:1
FNDA:6,(anonymous_0)
DA:11,3
DA:12,6
LF:2
LH:2
BRDA:14,0,0,3
BRDA:14,0,1,3
BRF:2
BRH:2
end_of_record
TN:
SF:components/svg/icon/FingerprintIcon.tsx
FN:11,(anonymous_0)
FNF:1
FNH:1
FNDA:6,(anonymous_0)
DA:11,3
DA:12,6
LF:2
LH:2
BRDA:14,0,0,3
BRDA:14,0,1,3
BRF:2
BRH:2
end_of_record
TN:
SF:components/svg/icon/FirstNameIcon.tsx
FN:11,(anonymous_0)
FNF:1
FNH:1
FNDA:6,(anonymous_0)
DA:11,3
DA:12,6
LF:2
LH:2
BRDA:14,0,0,3
BRDA:14,0,1,3
BRF:2
BRH:2
end_of_record
TN:
SF:components/svg/icon/ForumPostIcon.tsx
FN:11,(anonymous_0)
FNF:1
FNH:1
FNDA:6,(anonymous_0)
DA:11,3
DA:12,6
LF:2
LH:2
BRDA:14,0,0,3
BRDA:14,0,1,3
BRF:2
BRH:2
end_of_record
TN:
SF:components/svg/icon/HamburgerIcon.tsx
FN:11,(anonymous_0)
FNF:1
FNH:1
FNDA:39,(anonymous_0)
DA:11,12
DA:12,39
LF:2
LH:2
BRDA:14,0,0,3
BRDA:14,0,1,36
BRF:2
BRH:2
end_of_record
TN:
SF:components/svg/icon/Header1Icon.tsx
FN:11,(anonymous_0)
FNF:1
FNH:1
FNDA:6,(anonymous_0)
DA:11,3
DA:12,6
LF:2
LH:2
BRDA:14,0,0,3
BRDA:14,0,1,3
BRF:2
BRH:2
end_of_record
TN:
SF:components/svg/icon/Header2Icon.tsx
FN:11,(anonymous_0)
FNF:1
FNH:1
FNDA:6,(anonymous_0)
DA:11,3
DA:12,6
LF:2
LH:2
BRDA:14,0,0,3
BRDA:14,0,1,3
BRF:2
BRH:2
end_of_record
TN:
SF:components/svg/icon/ImageIcon.tsx
FN:11,(anonymous_0)
FNF:1
FNH:1
FNDA:6,(anonymous_0)
DA:11,3
DA:12,6
LF:2
LH:2
BRDA:14,0,0,3
BRDA:14,0,1,3
BRF:2
BRH:2
end_of_record
TN:
SF:components/svg/icon/InfoIcon.tsx
FN:11,(anonymous_0)
FNF:1
FNH:1
FNDA:6,(anonymous_0)
DA:11,3
DA:12,6
LF:2
LH:2
BRDA:14,0,0,3
BRDA:14,0,1,3
BRF:2
BRH:2
end_of_record
TN:
SF:components/svg/icon/ItalicIcon.tsx
FN:11,(anonymous_0)
FNF:1
FNH:1
FNDA:6,(anonymous_0)
DA:11,3
DA:12,6
LF:2
LH:2
BRDA:14,0,0,3
BRDA:14,0,1,3
BRF:2
BRH:2
end_of_record
TN:
SF:components/svg/icon/LastNameIcon.tsx
FN:11,(anonymous_0)
FNF:1
FNH:1
FNDA:6,(anonymous_0)
DA:11,3
DA:12,6
LF:2
LH:2
BRDA:14,0,0,3
BRDA:14,0,1,3
BRF:2
BRH:2
end_of_record
TN:
SF:components/svg/icon/LightbulbIcon.tsx
FN:11,(anonymous_0)
FNF:1
FNH:1
FNDA:24,(anonymous_0)
DA:11,15
DA:12,24
LF:2
LH:2
BRDA:14,0,0,3
BRDA:14,0,1,21
BRF:2
BRH:2
end_of_record
TN:
SF:components/svg/icon/LogPostIcon.tsx
FN:11,(anonymous_0)
FNF:1
FNH:1
FNDA:6,(anonymous_0)
DA:11,3
DA:12,6
LF:2
LH:2
BRDA:14,0,0,3
BRDA:14,0,1,3
BRF:2
BRH:2
end_of_record
TN:
SF:components/svg/icon/NameCardIcon.tsx
FN:11,(anonymous_0)
FNF:1
FNH:1
FNDA:6,(anonymous_0)
DA:11,3
DA:12,6
LF:2
LH:2
BRDA:14,0,0,3
BRDA:14,0,1,3
BRF:2
BRH:2
end_of_record
TN:
SF:components/svg/icon/NextIcon.tsx
FN:11,(anonymous_0)
FNF:1
FNH:1
FNDA:6,(anonymous_0)
DA:11,3
DA:12,6
LF:2
LH:2
BRDA:14,0,0,3
BRDA:14,0,1,3
BRF:2
BRH:2
end_of_record
TN:
SF:components/svg/icon/NotebookIcon.tsx
FN:11,(anonymous_0)
FNF:1
FNH:1
FNDA:12,(anonymous_0)
DA:11,6
DA:12,12
LF:2
LH:2
BRDA:14,0,0,3
BRDA:14,0,1,9
BRF:2
BRH:2
end_of_record
TN:
SF:components/svg/icon/PasswordCardIcon.tsx
FN:11,(anonymous_0)
FNF:1
FNH:1
FNDA:6,(anonymous_0)
DA:11,3
DA:12,6
LF:2
LH:2
BRDA:14,0,0,3
BRDA:14,0,1,3
BRF:2
BRH:2
end_of_record
TN:
SF:components/svg/icon/PreviousIcon.tsx
FN:11,(anonymous_0)
FNF:1
FNH:1
FNDA:6,(anonymous_0)
DA:11,3
DA:12,6
LF:2
LH:2
BRDA:14,0,0,3
BRDA:14,0,1,3
BRF:2
BRH:2
end_of_record
TN:
SF:components/svg/icon/ResetIcon.tsx
FN:11,(anonymous_0)
FNF:1
FNH:1
FNDA:6,(anonymous_0)
DA:11,3
DA:12,6
LF:2
LH:2
BRDA:14,0,0,3
BRDA:14,0,1,3
BRF:2
BRH:2
end_of_record
TN:
SF:components/svg/icon/SaveIcon.tsx
FN:11,(anonymous_0)
FNF:1
FNH:1
FNDA:6,(anonymous_0)
DA:11,3
DA:12,6
LF:2
LH:2
BRDA:14,0,0,3
BRDA:14,0,1,3
BRF:2
BRH:2
end_of_record
TN:
SF:components/svg/icon/SearchIcon.tsx
FN:11,(anonymous_0)
FNF:1
FNH:1
FNDA:6,(anonymous_0)
DA:11,3
DA:12,6
LF:2
LH:2
BRDA:14,0,0,3
BRDA:14,0,1,3
BRF:2
BRH:2
end_of_record
TN:
SF:components/svg/icon/SendIcon.tsx
FN:11,(anonymous_0)
FNF:1
FNH:1
FNDA:6,(anonymous_0)
DA:11,3
DA:12,6
LF:2
LH:2
BRDA:14,0,0,3
BRDA:14,0,1,3
BRF:2
BRH:2
end_of_record
TN:
SF:components/svg/icon/SettingsIcon.tsx
FN:11,(anonymous_0)
FNF:1
FNH:1
FNDA:6,(anonymous_0)
DA:11,3
DA:12,6
LF:2
LH:2
BRDA:14,0,0,3
BRDA:14,0,1,3
BRF:2
BRH:2
end_of_record
TN:
SF:components/svg/icon/ShieldIcon.tsx
FN:11,(anonymous_0)
FNF:1
FNH:1
FNDA:12,(anonymous_0)
DA:11,6
DA:12,12
LF:2
LH:2
BRDA:14,0,0,3
BRDA:14,0,1,9
BRF:2
BRH:2
end_of_record
TN:
SF:components/svg/icon/SignInIcon.tsx
FN:11,(anonymous_0)
FNF:1
FNH:1
FNDA:6,(anonymous_0)
DA:11,3
DA:12,6
LF:2
LH:2
BRDA:14,0,0,3
BRDA:14,0,1,3
BRF:2
BRH:2
end_of_record
TN:
SF:components/svg/icon/SignOutIcon.tsx
FN:11,(anonymous_0)
FNF:1
FNH:1
FNDA:6,(anonymous_0)
DA:11,3
DA:12,6
LF:2
LH:2
BRDA:14,0,0,3
BRDA:14,0,1,3
BRF:2
BRH:2
end_of_record
TN:
SF:components/svg/icon/SignUpIcon.tsx
FN:11,(anonymous_0)
FNF:1
FNH:1
FNDA:6,(anonymous_0)
DA:11,3
DA:12,6
LF:2
LH:2
BRDA:14,0,0,3
BRDA:14,0,1,3
BRF:2
BRH:2
end_of_record
TN:
SF:components/svg/icon/SuccessIcon.tsx
FN:11,(anonymous_0)
FNF:1
FNH:1
FNDA:6,(anonymous_0)
DA:11,3
DA:12,6
LF:2
LH:2
BRDA:14,0,0,3
BRDA:14,0,1,3
BRF:2
BRH:2
end_of_record
TN:
SF:components/svg/icon/TargetIcon.tsx
FN:11,(anonymous_0)
FNF:1
FNH:1
FNDA:12,(anonymous_0)
DA:11,6
DA:12,12
LF:2
LH:2
BRDA:14,0,0,3
BRDA:14,0,1,9
BRF:2
BRH:2
end_of_record
TN:
SF:components/svg/icon/TitleIcon.tsx
FN:11,(anonymous_0)
FNF:1
FNH:1
FNDA:6,(anonymous_0)
DA:11,3
DA:12,6
LF:2
LH:2
BRDA:14,0,0,3
BRDA:14,0,1,3
BRF:2
BRH:2
end_of_record
TN:
SF:components/svg/icon/UnderlineIcon.tsx
FN:11,(anonymous_0)
FNF:1
FNH:1
FNDA:6,(anonymous_0)
DA:11,3
DA:12,6
LF:2
LH:2
BRDA:14,0,0,3
BRDA:14,0,1,3
BRF:2
BRH:2
end_of_record
TN:
SF:components/text/H1.tsx
FN:6,(anonymous_0)
FNF:1
FNH:1
FNDA:42,(anonymous_0)
DA:3,12
DA:6,42
LF:2
LH:2
BRF:0
BRH:0
end_of_record
TN:
SF:components/text/P.tsx
FN:6,(anonymous_0)
FNF:1
FNH:1
FNDA:33,(anonymous_0)
DA:3,6
DA:6,33
LF:2
LH:2
BRF:0
BRH:0
end_of_record
TN:
SF:pages/_app.tsx
FN:28,(anonymous_0)
FN:32,(anonymous_1)
FN:34,(anonymous_2)
FNF:4
FNH:2
FNDA:6,(anonymous_0)
FNDA:2,(anonymous_1)
FNDA:0,(anonymous_2)
DA:13,3
DA:19,3
DA:23,3
DA:29,6
DA:30,6
LF:5
LH:5
BRF:0
BRH:0
end_of_record
TN:
SF:pages/index.tsx
FN:48,(anonymous_0)
FN:55,(anonymous_1)
FN:62,(anonymous_2)
FN:69,(anonymous_3)
FN:73,(anonymous_4)
FNF:5
FNH:5
FNDA:6,(anonymous_0)
FNDA:6,(anonymous_1)
FNDA:6,(anonymous_2)
FNDA:6,(anonymous_3)
FNDA:6,(anonymous_4)
DA:17,3
DA:20,3
DA:26,3
DA:32,3
DA:33,3
DA:37,3
DA:47,3
DA:48,6
DA:50,3
DA:54,3
DA:55,6
DA:57,3
DA:61,3
DA:62,6
DA:64,3
DA:68,3
DA:69,6
DA:71,3
DA:73,3
DA:74,6
DA:76,6
LF:21
LH:21
BRF:0
BRH:0
end_of_record
