{"/home/sduball/Documents/school/senior/website/frontend/components/helpers.tsx": {"path":"/home/sduball/Documents/school/senior/website/frontend/components/helpers.tsx","statementMap":{"0":{"start":{"line":7,"column":27},"end":{"line":20,"column":1}},"1":{"start":{"line":9,"column":22},"end":{"line":9,"column":24}},"2":{"start":{"line":12,"column":2},"end":{"line":16,"column":5}},"3":{"start":{"line":13,"column":4},"end":{"line":15,"column":5}},"4":{"start":{"line":14,"column":6},"end":{"line":14,"column":24}},"5":{"start":{"line":19,"column":2},"end":{"line":19,"column":16}},"6":{"start":{"line":29,"column":34},"end":{"line":42,"column":1}},"7":{"start":{"line":31,"column":27},"end":{"line":31,"column":43}},"8":{"start":{"line":34,"column":2},"end":{"line":41,"column":3}},"9":{"start":{"line":35,"column":15},"end":{"line":35,"column":59}},"10":{"start":{"line":36,"column":4},"end":{"line":36,"column":29}},"11":{"start":{"line":38,"column":4},"end":{"line":40,"column":6}}},"fnMap":{"0":{"name":"(anonymous_0)","decl":{"start":{"line":7,"column":27},"end":{"line":7,"column":28}},"loc":{"start":{"line":7,"column":71},"end":{"line":20,"column":1}},"line":7},"1":{"name":"(anonymous_1)","decl":{"start":{"line":12,"column":32},"end":{"line":12,"column":33}},"loc":{"start":{"line":12,"column":48},"end":{"line":16,"column":3}},"line":12},"2":{"name":"(anonymous_2)","decl":{"start":{"line":29,"column":34},"end":{"line":29,"column":35}},"loc":{"start":{"line":29,"column":72},"end":{"line":42,"column":1}},"line":29}},"branchMap":{"0":{"loc":{"start":{"line":13,"column":4},"end":{"line":15,"column":5}},"type":"if","locations":[{"start":{"line":13,"column":4},"end":{"line":15,"column":5}},{"start":{"line":13,"column":4},"end":{"line":15,"column":5}}],"line":13},"1":{"loc":{"start":{"line":34,"column":2},"end":{"line":41,"column":3}},"type":"if","locations":[{"start":{"line":34,"column":2},"end":{"line":41,"column":3}},{"start":{"line":34,"column":2},"end":{"line":41,"column":3}}],"line":34}},"s":{"0":52,"1":108,"2":108,"3":280,"4":116,"5":108,"6":52,"7":10,"8":10,"9":7,"10":7,"11":3},"f":{"0":108,"1":280,"2":10},"b":{"0":[116,164],"1":[7,3]},"_coverageSchema":"1a1c01bbd47fc00a2c39e90264f33305004495a9","hash":"b5559ed7c2161b7d165475b23e1df397892d1f74"}
,"/home/sduball/Documents/school/senior/website/frontend/components/a/RectangleLink.tsx": {"path":"/home/sduball/Documents/school/senior/website/frontend/components/a/RectangleLink.tsx","statementMap":{"0":{"start":{"line":4,"column":18},"end":{"line":25,"column":1}},"1":{"start":{"line":8,"column":31},"end":{"line":8,"column":65}},"2":{"start":{"line":11,"column":20},"end":{"line":11,"column":50}},"3":{"start":{"line":27,"column":22},"end":{"line":29,"column":1}},"4":{"start":{"line":28,"column":2},"end":{"line":28,"column":52}}},"fnMap":{"0":{"name":"(anonymous_0)","decl":{"start":{"line":8,"column":22},"end":{"line":8,"column":23}},"loc":{"start":{"line":8,"column":31},"end":{"line":8,"column":65}},"line":8},"1":{"name":"(anonymous_1)","decl":{"start":{"line":11,"column":11},"end":{"line":11,"column":12}},"loc":{"start":{"line":11,"column":20},"end":{"line":11,"column":50}},"line":11},"2":{"name":"(anonymous_2)","decl":{"start":{"line":27,"column":22},"end":{"line":27,"column":23}},"loc":{"start":{"line":28,"column":2},"end":{"line":28,"column":52}},"line":28}},"branchMap":{},"s":{"0":1,"1":1,"2":1,"3":1,"4":1},"f":{"0":1,"1":1,"2":1},"b":{},"_coverageSchema":"1a1c01bbd47fc00a2c39e90264f33305004495a9","hash":"9f28a4ca9a8e95edcb96f464250476ce14da566d"}
,"/home/sduball/Documents/school/senior/website/frontend/components/button/SvgButton.tsx": {"path":"/home/sduball/Documents/school/senior/website/frontend/components/button/SvgButton.tsx","statementMap":{"0":{"start":{"line":5,"column":18},"end":{"line":13,"column":1}},"1":{"start":{"line":11,"column":21},"end":{"line":11,"column":33}},"2":{"start":{"line":12,"column":20},"end":{"line":12,"column":31}},"3":{"start":{"line":27,"column":18},"end":{"line":35,"column":1}},"4":{"start":{"line":28,"column":2},"end":{"line":34,"column":14}}},"fnMap":{"0":{"name":"(anonymous_0)","decl":{"start":{"line":11,"column":12},"end":{"line":11,"column":13}},"loc":{"start":{"line":11,"column":21},"end":{"line":11,"column":33}},"line":11},"1":{"name":"(anonymous_1)","decl":{"start":{"line":12,"column":11},"end":{"line":12,"column":12}},"loc":{"start":{"line":12,"column":20},"end":{"line":12,"column":31}},"line":12},"2":{"name":"(anonymous_2)","decl":{"start":{"line":27,"column":18},"end":{"line":27,"column":19}},"loc":{"start":{"line":28,"column":2},"end":{"line":34,"column":14}},"line":28}},"branchMap":{},"s":{"0":2,"1":3,"2":3,"3":2,"4":3},"f":{"0":3,"1":3,"2":3},"b":{},"_coverageSchema":"1a1c01bbd47fc00a2c39e90264f33305004495a9","hash":"b5af737dea94b0c0b1038ee31198d919594511b7"}
,"/home/sduball/Documents/school/senior/website/frontend/components/composed/DecoratedIntro.tsx": {"path":"/home/sduball/Documents/school/senior/website/frontend/components/composed/DecoratedIntro.tsx","statementMap":{"0":{"start":{"line":8,"column":18},"end":{"line":13,"column":1}},"1":{"start":{"line":15,"column":19},"end":{"line":17,"column":1}},"2":{"start":{"line":18,"column":18},"end":{"line":20,"column":1}},"3":{"start":{"line":34,"column":23},"end":{"line":40,"column":1}},"4":{"start":{"line":35,"column":2},"end":{"line":39,"column":14}}},"fnMap":{"0":{"name":"(anonymous_0)","decl":{"start":{"line":34,"column":23},"end":{"line":34,"column":24}},"loc":{"start":{"line":35,"column":2},"end":{"line":39,"column":14}},"line":35}},"branchMap":{},"s":{"0":1,"1":1,"2":1,"3":1,"4":1},"f":{"0":1},"b":{},"_coverageSchema":"1a1c01bbd47fc00a2c39e90264f33305004495a9","hash":"ac8ee98334620405232968f1d1029057fcea27d2"}
,"/home/sduball/Documents/school/senior/website/frontend/components/composed/Footer.tsx": {"path":"/home/sduball/Documents/school/senior/website/frontend/components/composed/Footer.tsx","statementMap":{"0":{"start":{"line":5,"column":18},"end":{"line":12,"column":1}},"1":{"start":{"line":8,"column":31},"end":{"line":8,"column":69}},"2":{"start":{"line":15,"column":15},"end":{"line":19,"column":1}},"3":{"start":{"line":16,"column":2},"end":{"line":18,"column":14}}},"fnMap":{"0":{"name":"(anonymous_0)","decl":{"start":{"line":8,"column":22},"end":{"line":8,"column":23}},"loc":{"start":{"line":8,"column":31},"end":{"line":8,"column":69}},"line":8},"1":{"name":"(anonymous_1)","decl":{"start":{"line":15,"column":15},"end":{"line":15,"column":16}},"loc":{"start":{"line":16,"column":2},"end":{"line":18,"column":14}},"line":16}},"branchMap":{},"s":{"0":1,"1":1,"2":1,"3":1},"f":{"0":1,"1":1},"b":{},"_coverageSchema":"1a1c01bbd47fc00a2c39e90264f33305004495a9","hash":"eaa098144704a2a24e55a17879bdb796b4b3e6c4"}
,"/home/sduball/Documents/school/senior/website/frontend/components/composed/Header.tsx": {"path":"/home/sduball/Documents/school/senior/website/frontend/components/composed/Header.tsx","statementMap":{"0":{"start":{"line":8,"column":18},"end":{"line":16,"column":1}},"1":{"start":{"line":9,"column":31},"end":{"line":9,"column":69}},"2":{"start":{"line":12,"column":24},"end":{"line":12,"column":55}},"3":{"start":{"line":18,"column":23},"end":{"line":20,"column":1}},"4":{"start":{"line":22,"column":17},"end":{"line":26,"column":1}},"5":{"start":{"line":27,"column":30},"end":{"line":29,"column":1}},"6":{"start":{"line":37,"column":15},"end":{"line":59,"column":1}},"7":{"start":{"line":38,"column":2},"end":{"line":58,"column":14}}},"fnMap":{"0":{"name":"(anonymous_0)","decl":{"start":{"line":9,"column":22},"end":{"line":9,"column":23}},"loc":{"start":{"line":9,"column":31},"end":{"line":9,"column":69}},"line":9},"1":{"name":"(anonymous_1)","decl":{"start":{"line":12,"column":15},"end":{"line":12,"column":16}},"loc":{"start":{"line":12,"column":24},"end":{"line":12,"column":55}},"line":12},"2":{"name":"(anonymous_2)","decl":{"start":{"line":37,"column":15},"end":{"line":37,"column":16}},"loc":{"start":{"line":38,"column":2},"end":{"line":58,"column":14}},"line":38}},"branchMap":{},"s":{"0":1,"1":1,"2":1,"3":1,"4":1,"5":1,"6":1,"7":1},"f":{"0":1,"1":1,"2":1},"b":{},"_coverageSchema":"1a1c01bbd47fc00a2c39e90264f33305004495a9","hash":"35a3eb08c87847c96640b5a10d110542b0088c43"}
,"/home/sduball/Documents/school/senior/website/frontend/components/decoration/SvgCircle.tsx": {"path":"/home/sduball/Documents/school/senior/website/frontend/components/decoration/SvgCircle.tsx","statementMap":{"0":{"start":{"line":5,"column":18},"end":{"line":14,"column":1}},"1":{"start":{"line":7,"column":4},"end":{"line":7,"column":70}},"2":{"start":{"line":8,"column":22},"end":{"line":8,"column":54}},"3":{"start":{"line":9,"column":21},"end":{"line":9,"column":53}},"4":{"start":{"line":26,"column":18},"end":{"line":34,"column":1}},"5":{"start":{"line":27,"column":2},"end":{"line":33,"column":14}}},"fnMap":{"0":{"name":"(anonymous_0)","decl":{"start":{"line":6,"column":22},"end":{"line":6,"column":23}},"loc":{"start":{"line":7,"column":4},"end":{"line":7,"column":70}},"line":7},"1":{"name":"(anonymous_1)","decl":{"start":{"line":8,"column":12},"end":{"line":8,"column":13}},"loc":{"start":{"line":8,"column":22},"end":{"line":8,"column":54}},"line":8},"2":{"name":"(anonymous_2)","decl":{"start":{"line":9,"column":11},"end":{"line":9,"column":12}},"loc":{"start":{"line":9,"column":21},"end":{"line":9,"column":53}},"line":9},"3":{"name":"(anonymous_3)","decl":{"start":{"line":26,"column":18},"end":{"line":26,"column":19}},"loc":{"start":{"line":27,"column":2},"end":{"line":33,"column":14}},"line":27}},"branchMap":{"0":{"loc":{"start":{"line":7,"column":4},"end":{"line":7,"column":70}},"type":"cond-expr","locations":[{"start":{"line":7,"column":18},"end":{"line":7,"column":29}},{"start":{"line":7,"column":32},"end":{"line":7,"column":70}}],"line":7},"1":{"loc":{"start":{"line":8,"column":22},"end":{"line":8,"column":54}},"type":"cond-expr","locations":[{"start":{"line":8,"column":35},"end":{"line":8,"column":45}},{"start":{"line":8,"column":48},"end":{"line":8,"column":54}}],"line":8},"2":{"loc":{"start":{"line":9,"column":21},"end":{"line":9,"column":53}},"type":"cond-expr","locations":[{"start":{"line":9,"column":34},"end":{"line":9,"column":44}},{"start":{"line":9,"column":47},"end":{"line":9,"column":53}}],"line":9}},"s":{"0":2,"1":2,"2":2,"3":2,"4":2,"5":2},"f":{"0":2,"1":2,"2":2,"3":2},"b":{"0":[1,1],"1":[1,1],"2":[1,1]},"_coverageSchema":"1a1c01bbd47fc00a2c39e90264f33305004495a9","hash":"33694a43eb613c0d3e8c0c138702e6c2d4aeb14d"}
,"/home/sduball/Documents/school/senior/website/frontend/components/decoration/WaveTransition.tsx": {"path":"/home/sduball/Documents/school/senior/website/frontend/components/decoration/WaveTransition.tsx","statementMap":{"0":{"start":{"line":3,"column":23},"end":{"line":7,"column":1}},"1":{"start":{"line":6,"column":36},"end":{"line":6,"column":45}}},"fnMap":{"0":{"name":"(anonymous_0)","decl":{"start":{"line":6,"column":27},"end":{"line":6,"column":28}},"loc":{"start":{"line":6,"column":36},"end":{"line":6,"column":45}},"line":6}},"branchMap":{},"s":{"0":1,"1":1},"f":{"0":1},"b":{},"_coverageSchema":"1a1c01bbd47fc00a2c39e90264f33305004495a9","hash":"0028f2259ee75c2e3711601f15f816094c117230"}
,"/home/sduball/Documents/school/senior/website/frontend/components/layout/MWC.tsx": {"path":"/home/sduball/Documents/school/senior/website/frontend/components/layout/MWC.tsx","statementMap":{"0":{"start":{"line":3,"column":12},"end":{"line":14,"column":1}},"1":{"start":{"line":11,"column":22},"end":{"line":11,"column":53}},"2":{"start":{"line":12,"column":25},"end":{"line":12,"column":52}},"3":{"start":{"line":13,"column":22},"end":{"line":13,"column":53}}},"fnMap":{"0":{"name":"(anonymous_0)","decl":{"start":{"line":11,"column":13},"end":{"line":11,"column":14}},"loc":{"start":{"line":11,"column":22},"end":{"line":11,"column":53}},"line":11},"1":{"name":"(anonymous_1)","decl":{"start":{"line":12,"column":16},"end":{"line":12,"column":17}},"loc":{"start":{"line":12,"column":25},"end":{"line":12,"column":52}},"line":12},"2":{"name":"(anonymous_2)","decl":{"start":{"line":13,"column":13},"end":{"line":13,"column":14}},"loc":{"start":{"line":13,"column":22},"end":{"line":13,"column":53}},"line":13}},"branchMap":{},"s":{"0":1,"1":1,"2":1,"3":1},"f":{"0":1,"1":1,"2":1},"b":{},"_coverageSchema":"1a1c01bbd47fc00a2c39e90264f33305004495a9","hash":"f01044f646ea2824ccbd6aebc702e0b69bb8314a"}
,"/home/sduball/Documents/school/senior/website/frontend/components/li/CircleNumberListItem.tsx": {"path":"/home/sduball/Documents/school/senior/website/frontend/components/li/CircleNumberListItem.tsx","statementMap":{"0":{"start":{"line":5,"column":18},"end":{"line":11,"column":1}},"1":{"start":{"line":14,"column":15},"end":{"line":22,"column":1}},"2":{"start":{"line":17,"column":31},"end":{"line":17,"column":69}},"3":{"start":{"line":23,"column":15},"end":{"line":28,"column":1}},"4":{"start":{"line":26,"column":20},"end":{"line":26,"column":50}},"5":{"start":{"line":31,"column":16},"end":{"line":36,"column":1}},"6":{"start":{"line":34,"column":20},"end":{"line":34,"column":50}},"7":{"start":{"line":46,"column":29},"end":{"line":53,"column":1}},"8":{"start":{"line":47,"column":2},"end":{"line":52,"column":14}}},"fnMap":{"0":{"name":"(anonymous_0)","decl":{"start":{"line":17,"column":22},"end":{"line":17,"column":23}},"loc":{"start":{"line":17,"column":31},"end":{"line":17,"column":69}},"line":17},"1":{"name":"(anonymous_1)","decl":{"start":{"line":26,"column":11},"end":{"line":26,"column":12}},"loc":{"start":{"line":26,"column":20},"end":{"line":26,"column":50}},"line":26},"2":{"name":"(anonymous_2)","decl":{"start":{"line":34,"column":11},"end":{"line":34,"column":12}},"loc":{"start":{"line":34,"column":20},"end":{"line":34,"column":50}},"line":34},"3":{"name":"(anonymous_3)","decl":{"start":{"line":46,"column":29},"end":{"line":46,"column":30}},"loc":{"start":{"line":47,"column":2},"end":{"line":52,"column":14}},"line":47}},"branchMap":{},"s":{"0":1,"1":1,"2":1,"3":1,"4":1,"5":1,"6":1,"7":1,"8":1},"f":{"0":1,"1":1,"2":1,"3":1},"b":{},"_coverageSchema":"1a1c01bbd47fc00a2c39e90264f33305004495a9","hash":"afbd0e705517a41e65017cd9fccd3e05a98157ce"}
,"/home/sduball/Documents/school/senior/website/frontend/components/styled/lightTheme.tsx": {"path":"/home/sduball/Documents/school/senior/website/frontend/components/styled/lightTheme.tsx","statementMap":{"0":{"start":{"line":3,"column":33},"end":{"line":43,"column":1}}},"fnMap":{},"branchMap":{},"s":{"0":9},"f":{},"b":{},"_coverageSchema":"1a1c01bbd47fc00a2c39e90264f33305004495a9","hash":"170a2f1b1d545afd7964bd806334c134dc4b9c94"}
,"/home/sduball/Documents/school/senior/website/frontend/components/svg/brand/LymphedemaCenterLogo.tsx": {"path":"/home/sduball/Documents/school/senior/website/frontend/components/svg/brand/LymphedemaCenterLogo.tsx","statementMap":{"0":{"start":{"line":11,"column":29},"end":{"line":159,"column":1}},"1":{"start":{"line":12,"column":2},"end":{"line":158,"column":8}}},"fnMap":{"0":{"name":"(anonymous_0)","decl":{"start":{"line":11,"column":29},"end":{"line":11,"column":30}},"loc":{"start":{"line":12,"column":2},"end":{"line":158,"column":8}},"line":12}},"branchMap":{"0":{"loc":{"start":{"line":15,"column":6},"end":{"line":19,"column":14}},"type":"cond-expr","locations":[{"start":{"line":16,"column":10},"end":{"line":16,"column":21}},{"start":{"line":17,"column":10},"end":{"line":19,"column":14}}],"line":15},"1":{"loc":{"start":{"line":17,"column":10},"end":{"line":19,"column":14}},"type":"cond-expr","locations":[{"start":{"line":18,"column":10},"end":{"line":18,"column":54}},{"start":{"line":19,"column":10},"end":{"line":19,"column":14}}],"line":17},"2":{"loc":{"start":{"line":22,"column":6},"end":{"line":26,"column":14}},"type":"cond-expr","locations":[{"start":{"line":23,"column":10},"end":{"line":23,"column":22}},{"start":{"line":24,"column":10},"end":{"line":26,"column":14}}],"line":22},"3":{"loc":{"start":{"line":24,"column":10},"end":{"line":26,"column":14}},"type":"cond-expr","locations":[{"start":{"line":25,"column":10},"end":{"line":25,"column":53}},{"start":{"line":26,"column":10},"end":{"line":26,"column":14}}],"line":24}},"s":{"0":2,"1":4},"f":{"0":4},"b":{"0":[1,3],"1":[2,1],"2":[2,2],"3":[1,1]},"_coverageSchema":"1a1c01bbd47fc00a2c39e90264f33305004495a9","hash":"2b023efe9576ee3aaba2b170787ff3b23767f026"}
,"/home/sduball/Documents/school/senior/website/frontend/components/svg/brand/TheUofILogo.tsx": {"path":"/home/sduball/Documents/school/senior/website/frontend/components/svg/brand/TheUofILogo.tsx","statementMap":{"0":{"start":{"line":3,"column":19},"end":{"line":34,"column":1}},"1":{"start":{"line":4,"column":2},"end":{"line":33,"column":8}}},"fnMap":{"0":{"name":"(anonymous_0)","decl":{"start":{"line":3,"column":19},"end":{"line":3,"column":20}},"loc":{"start":{"line":4,"column":2},"end":{"line":33,"column":8}},"line":4}},"branchMap":{},"s":{"0":1,"1":1},"f":{"0":1},"b":{},"_coverageSchema":"1a1c01bbd47fc00a2c39e90264f33305004495a9","hash":"b0a0c8fbaf188f9158f06f0f9b4e1d7479645141"}
,"/home/sduball/Documents/school/senior/website/frontend/components/svg/icon/AvatarIcon.tsx": {"path":"/home/sduball/Documents/school/senior/website/frontend/components/svg/icon/AvatarIcon.tsx","statementMap":{"0":{"start":{"line":11,"column":19},"end":{"line":26,"column":1}},"1":{"start":{"line":12,"column":2},"end":{"line":25,"column":8}}},"fnMap":{"0":{"name":"(anonymous_0)","decl":{"start":{"line":11,"column":19},"end":{"line":11,"column":20}},"loc":{"start":{"line":12,"column":2},"end":{"line":25,"column":8}},"line":12}},"branchMap":{"0":{"loc":{"start":{"line":14,"column":10},"end":{"line":14,"column":47}},"type":"cond-expr","locations":[{"start":{"line":14,"column":24},"end":{"line":14,"column":35}},{"start":{"line":14,"column":38},"end":{"line":14,"column":47}}],"line":14}},"s":{"0":1,"1":2},"f":{"0":2},"b":{"0":[1,1]},"_coverageSchema":"1a1c01bbd47fc00a2c39e90264f33305004495a9","hash":"42e97cc0fa997fde810514949e5e76c9f6619992"}
,"/home/sduball/Documents/school/senior/website/frontend/components/svg/icon/BoldIcon.tsx": {"path":"/home/sduball/Documents/school/senior/website/frontend/components/svg/icon/BoldIcon.tsx","statementMap":{"0":{"start":{"line":11,"column":17},"end":{"line":26,"column":1}},"1":{"start":{"line":12,"column":2},"end":{"line":25,"column":8}}},"fnMap":{"0":{"name":"(anonymous_0)","decl":{"start":{"line":11,"column":17},"end":{"line":11,"column":18}},"loc":{"start":{"line":12,"column":2},"end":{"line":25,"column":8}},"line":12}},"branchMap":{"0":{"loc":{"start":{"line":14,"column":10},"end":{"line":14,"column":47}},"type":"cond-expr","locations":[{"start":{"line":14,"column":24},"end":{"line":14,"column":35}},{"start":{"line":14,"column":38},"end":{"line":14,"column":47}}],"line":14}},"s":{"0":1,"1":2},"f":{"0":2},"b":{"0":[1,1]},"_coverageSchema":"1a1c01bbd47fc00a2c39e90264f33305004495a9","hash":"e9700c16c2f6d89c4c0b74de81f7e3aa84707c88"}
,"/home/sduball/Documents/school/senior/website/frontend/components/svg/icon/CenterAlignIcon.tsx": {"path":"/home/sduball/Documents/school/senior/website/frontend/components/svg/icon/CenterAlignIcon.tsx","statementMap":{"0":{"start":{"line":11,"column":24},"end":{"line":26,"column":1}},"1":{"start":{"line":12,"column":2},"end":{"line":25,"column":8}}},"fnMap":{"0":{"name":"(anonymous_0)","decl":{"start":{"line":11,"column":24},"end":{"line":11,"column":25}},"loc":{"start":{"line":12,"column":2},"end":{"line":25,"column":8}},"line":12}},"branchMap":{"0":{"loc":{"start":{"line":14,"column":10},"end":{"line":14,"column":47}},"type":"cond-expr","locations":[{"start":{"line":14,"column":24},"end":{"line":14,"column":35}},{"start":{"line":14,"column":38},"end":{"line":14,"column":47}}],"line":14}},"s":{"0":1,"1":2},"f":{"0":2},"b":{"0":[1,1]},"_coverageSchema":"1a1c01bbd47fc00a2c39e90264f33305004495a9","hash":"66abd49d6087fb312c12fcbc06fc3da2b8efabe7"}
,"/home/sduball/Documents/school/senior/website/frontend/components/svg/icon/CheckIcon.tsx": {"path":"/home/sduball/Documents/school/senior/website/frontend/components/svg/icon/CheckIcon.tsx","statementMap":{"0":{"start":{"line":11,"column":18},"end":{"line":22,"column":1}},"1":{"start":{"line":12,"column":2},"end":{"line":21,"column":8}}},"fnMap":{"0":{"name":"(anonymous_0)","decl":{"start":{"line":11,"column":18},"end":{"line":11,"column":19}},"loc":{"start":{"line":12,"column":2},"end":{"line":21,"column":8}},"line":12}},"branchMap":{"0":{"loc":{"start":{"line":14,"column":10},"end":{"line":14,"column":47}},"type":"cond-expr","locations":[{"start":{"line":14,"column":24},"end":{"line":14,"column":35}},{"start":{"line":14,"column":38},"end":{"line":14,"column":47}}],"line":14}},"s":{"0":1,"1":2},"f":{"0":2},"b":{"0":[1,1]},"_coverageSchema":"1a1c01bbd47fc00a2c39e90264f33305004495a9","hash":"d53b753c5e99519b06c30abe55f84adba13637b2"}
,"/home/sduball/Documents/school/senior/website/frontend/components/svg/icon/CloseIcon.tsx": {"path":"/home/sduball/Documents/school/senior/website/frontend/components/svg/icon/CloseIcon.tsx","statementMap":{"0":{"start":{"line":11,"column":18},"end":{"line":22,"column":1}},"1":{"start":{"line":12,"column":2},"end":{"line":21,"column":8}}},"fnMap":{"0":{"name":"(anonymous_0)","decl":{"start":{"line":11,"column":18},"end":{"line":11,"column":19}},"loc":{"start":{"line":12,"column":2},"end":{"line":21,"column":8}},"line":12}},"branchMap":{"0":{"loc":{"start":{"line":14,"column":10},"end":{"line":14,"column":47}},"type":"cond-expr","locations":[{"start":{"line":14,"column":24},"end":{"line":14,"column":35}},{"start":{"line":14,"column":38},"end":{"line":14,"column":47}}],"line":14}},"s":{"0":1,"1":2},"f":{"0":2},"b":{"0":[1,1]},"_coverageSchema":"1a1c01bbd47fc00a2c39e90264f33305004495a9","hash":"44fb3629e977c62948539ebc600836f6c6e9f5aa"}
,"/home/sduball/Documents/school/senior/website/frontend/components/svg/icon/CodeIcon.tsx": {"path":"/home/sduball/Documents/school/senior/website/frontend/components/svg/icon/CodeIcon.tsx","statementMap":{"0":{"start":{"line":11,"column":17},"end":{"line":26,"column":1}},"1":{"start":{"line":12,"column":2},"end":{"line":25,"column":8}}},"fnMap":{"0":{"name":"(anonymous_0)","decl":{"start":{"line":11,"column":17},"end":{"line":11,"column":18}},"loc":{"start":{"line":12,"column":2},"end":{"line":25,"column":8}},"line":12}},"branchMap":{"0":{"loc":{"start":{"line":14,"column":10},"end":{"line":14,"column":47}},"type":"cond-expr","locations":[{"start":{"line":14,"column":24},"end":{"line":14,"column":35}},{"start":{"line":14,"column":38},"end":{"line":14,"column":47}}],"line":14}},"s":{"0":1,"1":2},"f":{"0":2},"b":{"0":[1,1]},"_coverageSchema":"1a1c01bbd47fc00a2c39e90264f33305004495a9","hash":"a3a4d32ed3eccff807866d6e0ba0209d5b2ea73a"}
,"/home/sduball/Documents/school/senior/website/frontend/components/svg/icon/CommentCheckIcon.tsx": {"path":"/home/sduball/Documents/school/senior/website/frontend/components/svg/icon/CommentCheckIcon.tsx","statementMap":{"0":{"start":{"line":11,"column":25},"end":{"line":27,"column":1}},"1":{"start":{"line":12,"column":2},"end":{"line":26,"column":8}}},"fnMap":{"0":{"name":"(anonymous_0)","decl":{"start":{"line":11,"column":25},"end":{"line":11,"column":26}},"loc":{"start":{"line":12,"column":2},"end":{"line":26,"column":8}},"line":12}},"branchMap":{"0":{"loc":{"start":{"line":14,"column":10},"end":{"line":14,"column":47}},"type":"cond-expr","locations":[{"start":{"line":14,"column":24},"end":{"line":14,"column":35}},{"start":{"line":14,"column":38},"end":{"line":14,"column":47}}],"line":14}},"s":{"0":1,"1":2},"f":{"0":2},"b":{"0":[1,1]},"_coverageSchema":"1a1c01bbd47fc00a2c39e90264f33305004495a9","hash":"599b13aa474f49e167a70743e145ca3a7c95ff72"}
,"/home/sduball/Documents/school/senior/website/frontend/components/svg/icon/CommentIcon.tsx": {"path":"/home/sduball/Documents/school/senior/website/frontend/components/svg/icon/CommentIcon.tsx","statementMap":{"0":{"start":{"line":11,"column":19},"end":{"line":26,"column":1}},"1":{"start":{"line":12,"column":2},"end":{"line":25,"column":8}}},"fnMap":{"0":{"name":"(anonymous_0)","decl":{"start":{"line":11,"column":19},"end":{"line":11,"column":20}},"loc":{"start":{"line":12,"column":2},"end":{"line":25,"column":8}},"line":12}},"branchMap":{"0":{"loc":{"start":{"line":14,"column":10},"end":{"line":14,"column":47}},"type":"cond-expr","locations":[{"start":{"line":14,"column":24},"end":{"line":14,"column":35}},{"start":{"line":14,"column":38},"end":{"line":14,"column":47}}],"line":14}},"s":{"0":1,"1":2},"f":{"0":2},"b":{"0":[1,1]},"_coverageSchema":"1a1c01bbd47fc00a2c39e90264f33305004495a9","hash":"b94ef803cec6eecb065107f39786e6fc2bc0582d"}
,"/home/sduball/Documents/school/senior/website/frontend/components/svg/icon/DeltaIcon.tsx": {"path":"/home/sduball/Documents/school/senior/website/frontend/components/svg/icon/DeltaIcon.tsx","statementMap":{"0":{"start":{"line":11,"column":18},"end":{"line":26,"column":1}},"1":{"start":{"line":12,"column":2},"end":{"line":25,"column":8}}},"fnMap":{"0":{"name":"(anonymous_0)","decl":{"start":{"line":11,"column":18},"end":{"line":11,"column":19}},"loc":{"start":{"line":12,"column":2},"end":{"line":25,"column":8}},"line":12}},"branchMap":{"0":{"loc":{"start":{"line":14,"column":10},"end":{"line":14,"column":47}},"type":"cond-expr","locations":[{"start":{"line":14,"column":24},"end":{"line":14,"column":35}},{"start":{"line":14,"column":38},"end":{"line":14,"column":47}}],"line":14}},"s":{"0":1,"1":2},"f":{"0":2},"b":{"0":[1,1]},"_coverageSchema":"1a1c01bbd47fc00a2c39e90264f33305004495a9","hash":"f8bf7a2e879481b06bd90aafd08d0073d0532e5e"}
,"/home/sduball/Documents/school/senior/website/frontend/components/svg/icon/DialogIcon.tsx": {"path":"/home/sduball/Documents/school/senior/website/frontend/components/svg/icon/DialogIcon.tsx","statementMap":{"0":{"start":{"line":11,"column":19},"end":{"line":36,"column":1}},"1":{"start":{"line":12,"column":2},"end":{"line":35,"column":8}}},"fnMap":{"0":{"name":"(anonymous_0)","decl":{"start":{"line":11,"column":19},"end":{"line":11,"column":20}},"loc":{"start":{"line":12,"column":2},"end":{"line":35,"column":8}},"line":12}},"branchMap":{"0":{"loc":{"start":{"line":14,"column":10},"end":{"line":14,"column":47}},"type":"cond-expr","locations":[{"start":{"line":14,"column":24},"end":{"line":14,"column":35}},{"start":{"line":14,"column":38},"end":{"line":14,"column":47}}],"line":14}},"s":{"0":1,"1":2},"f":{"0":2},"b":{"0":[1,1]},"_coverageSchema":"1a1c01bbd47fc00a2c39e90264f33305004495a9","hash":"81bb386dfac04e69fddee3c6878b9a28c7eab198"}
,"/home/sduball/Documents/school/senior/website/frontend/components/svg/icon/EditIcon.tsx": {"path":"/home/sduball/Documents/school/senior/website/frontend/components/svg/icon/EditIcon.tsx","statementMap":{"0":{"start":{"line":11,"column":19},"end":{"line":26,"column":1}},"1":{"start":{"line":12,"column":2},"end":{"line":25,"column":8}}},"fnMap":{"0":{"name":"(anonymous_0)","decl":{"start":{"line":11,"column":19},"end":{"line":11,"column":20}},"loc":{"start":{"line":12,"column":2},"end":{"line":25,"column":8}},"line":12}},"branchMap":{"0":{"loc":{"start":{"line":14,"column":10},"end":{"line":14,"column":47}},"type":"cond-expr","locations":[{"start":{"line":14,"column":24},"end":{"line":14,"column":35}},{"start":{"line":14,"column":38},"end":{"line":14,"column":47}}],"line":14}},"s":{"0":1,"1":2},"f":{"0":2},"b":{"0":[1,1]},"_coverageSchema":"1a1c01bbd47fc00a2c39e90264f33305004495a9","hash":"6697d050ce37f40a0cb5faa5acc8c7810bb0cd02"}
,"/home/sduball/Documents/school/senior/website/frontend/components/svg/icon/EllipsisIcon.tsx": {"path":"/home/sduball/Documents/school/senior/website/frontend/components/svg/icon/EllipsisIcon.tsx","statementMap":{"0":{"start":{"line":11,"column":21},"end":{"line":26,"column":1}},"1":{"start":{"line":12,"column":2},"end":{"line":25,"column":8}}},"fnMap":{"0":{"name":"(anonymous_0)","decl":{"start":{"line":11,"column":21},"end":{"line":11,"column":22}},"loc":{"start":{"line":12,"column":2},"end":{"line":25,"column":8}},"line":12}},"branchMap":{"0":{"loc":{"start":{"line":14,"column":10},"end":{"line":14,"column":47}},"type":"cond-expr","locations":[{"start":{"line":14,"column":24},"end":{"line":14,"column":35}},{"start":{"line":14,"column":38},"end":{"line":14,"column":47}}],"line":14}},"s":{"0":1,"1":2},"f":{"0":2},"b":{"0":[1,1]},"_coverageSchema":"1a1c01bbd47fc00a2c39e90264f33305004495a9","hash":"f365569a2b9a5d28c385fe1c4df89082dfba262b"}
,"/home/sduball/Documents/school/senior/website/frontend/components/svg/icon/EmailCardIcon.tsx": {"path":"/home/sduball/Documents/school/senior/website/frontend/components/svg/icon/EmailCardIcon.tsx","statementMap":{"0":{"start":{"line":11,"column":22},"end":{"line":26,"column":1}},"1":{"start":{"line":12,"column":2},"end":{"line":25,"column":8}}},"fnMap":{"0":{"name":"(anonymous_0)","decl":{"start":{"line":11,"column":22},"end":{"line":11,"column":23}},"loc":{"start":{"line":12,"column":2},"end":{"line":25,"column":8}},"line":12}},"branchMap":{"0":{"loc":{"start":{"line":14,"column":10},"end":{"line":14,"column":47}},"type":"cond-expr","locations":[{"start":{"line":14,"column":24},"end":{"line":14,"column":35}},{"start":{"line":14,"column":38},"end":{"line":14,"column":47}}],"line":14}},"s":{"0":1,"1":2},"f":{"0":2},"b":{"0":[1,1]},"_coverageSchema":"1a1c01bbd47fc00a2c39e90264f33305004495a9","hash":"5bde82a45a3847fec5665a438bf19f11f6ece47b"}
,"/home/sduball/Documents/school/senior/website/frontend/components/svg/icon/EmailIcon.tsx": {"path":"/home/sduball/Documents/school/senior/website/frontend/components/svg/icon/EmailIcon.tsx","statementMap":{"0":{"start":{"line":11,"column":18},"end":{"line":26,"column":1}},"1":{"start":{"line":12,"column":2},"end":{"line":25,"column":8}}},"fnMap":{"0":{"name":"(anonymous_0)","decl":{"start":{"line":11,"column":18},"end":{"line":11,"column":19}},"loc":{"start":{"line":12,"column":2},"end":{"line":25,"column":8}},"line":12}},"branchMap":{"0":{"loc":{"start":{"line":14,"column":10},"end":{"line":14,"column":47}},"type":"cond-expr","locations":[{"start":{"line":14,"column":24},"end":{"line":14,"column":35}},{"start":{"line":14,"column":38},"end":{"line":14,"column":47}}],"line":14}},"s":{"0":1,"1":2},"f":{"0":2},"b":{"0":[1,1]},"_coverageSchema":"1a1c01bbd47fc00a2c39e90264f33305004495a9","hash":"3dd801a5a2e88422b698867ac8fe4ab88c2cb415"}
,"/home/sduball/Documents/school/senior/website/frontend/components/svg/icon/ErrorIcon.tsx": {"path":"/home/sduball/Documents/school/senior/website/frontend/components/svg/icon/ErrorIcon.tsx","statementMap":{"0":{"start":{"line":11,"column":18},"end":{"line":26,"column":1}},"1":{"start":{"line":12,"column":2},"end":{"line":25,"column":8}}},"fnMap":{"0":{"name":"(anonymous_0)","decl":{"start":{"line":11,"column":18},"end":{"line":11,"column":19}},"loc":{"start":{"line":12,"column":2},"end":{"line":25,"column":8}},"line":12}},"branchMap":{"0":{"loc":{"start":{"line":14,"column":10},"end":{"line":14,"column":47}},"type":"cond-expr","locations":[{"start":{"line":14,"column":24},"end":{"line":14,"column":35}},{"start":{"line":14,"column":38},"end":{"line":14,"column":47}}],"line":14}},"s":{"0":1,"1":2},"f":{"0":2},"b":{"0":[1,1]},"_coverageSchema":"1a1c01bbd47fc00a2c39e90264f33305004495a9","hash":"5aa8071b496ed6f440271f7ab1d55cda35e55cf0"}
,"/home/sduball/Documents/school/senior/website/frontend/components/svg/icon/FingerprintIcon.tsx": {"path":"/home/sduball/Documents/school/senior/website/frontend/components/svg/icon/FingerprintIcon.tsx","statementMap":{"0":{"start":{"line":11,"column":24},"end":{"line":26,"column":1}},"1":{"start":{"line":12,"column":2},"end":{"line":25,"column":8}}},"fnMap":{"0":{"name":"(anonymous_0)","decl":{"start":{"line":11,"column":24},"end":{"line":11,"column":25}},"loc":{"start":{"line":12,"column":2},"end":{"line":25,"column":8}},"line":12}},"branchMap":{"0":{"loc":{"start":{"line":14,"column":10},"end":{"line":14,"column":47}},"type":"cond-expr","locations":[{"start":{"line":14,"column":24},"end":{"line":14,"column":35}},{"start":{"line":14,"column":38},"end":{"line":14,"column":47}}],"line":14}},"s":{"0":1,"1":2},"f":{"0":2},"b":{"0":[1,1]},"_coverageSchema":"1a1c01bbd47fc00a2c39e90264f33305004495a9","hash":"1fc6fa6518e5c968e1dabc98a9161242199b552b"}
,"/home/sduball/Documents/school/senior/website/frontend/components/svg/icon/FirstNameIcon.tsx": {"path":"/home/sduball/Documents/school/senior/website/frontend/components/svg/icon/FirstNameIcon.tsx","statementMap":{"0":{"start":{"line":11,"column":22},"end":{"line":23,"column":1}},"1":{"start":{"line":12,"column":2},"end":{"line":22,"column":8}}},"fnMap":{"0":{"name":"(anonymous_0)","decl":{"start":{"line":11,"column":22},"end":{"line":11,"column":23}},"loc":{"start":{"line":12,"column":2},"end":{"line":22,"column":8}},"line":12}},"branchMap":{"0":{"loc":{"start":{"line":14,"column":10},"end":{"line":14,"column":47}},"type":"cond-expr","locations":[{"start":{"line":14,"column":24},"end":{"line":14,"column":35}},{"start":{"line":14,"column":38},"end":{"line":14,"column":47}}],"line":14}},"s":{"0":1,"1":2},"f":{"0":2},"b":{"0":[1,1]},"_coverageSchema":"1a1c01bbd47fc00a2c39e90264f33305004495a9","hash":"c3d81bb4aaef055102db69b9b3918de8d0d8b4ba"}
,"/home/sduball/Documents/school/senior/website/frontend/components/svg/icon/ForumPostIcon.tsx": {"path":"/home/sduball/Documents/school/senior/website/frontend/components/svg/icon/ForumPostIcon.tsx","statementMap":{"0":{"start":{"line":11,"column":22},"end":{"line":26,"column":1}},"1":{"start":{"line":12,"column":2},"end":{"line":25,"column":8}}},"fnMap":{"0":{"name":"(anonymous_0)","decl":{"start":{"line":11,"column":22},"end":{"line":11,"column":23}},"loc":{"start":{"line":12,"column":2},"end":{"line":25,"column":8}},"line":12}},"branchMap":{"0":{"loc":{"start":{"line":14,"column":10},"end":{"line":14,"column":47}},"type":"cond-expr","locations":[{"start":{"line":14,"column":24},"end":{"line":14,"column":35}},{"start":{"line":14,"column":38},"end":{"line":14,"column":47}}],"line":14}},"s":{"0":1,"1":2},"f":{"0":2},"b":{"0":[1,1]},"_coverageSchema":"1a1c01bbd47fc00a2c39e90264f33305004495a9","hash":"261eba6fa0f4108ab0fd196fb4fd86f5845135c8"}
,"/home/sduball/Documents/school/senior/website/frontend/components/svg/icon/HamburgerIcon.tsx": {"path":"/home/sduball/Documents/school/senior/website/frontend/components/svg/icon/HamburgerIcon.tsx","statementMap":{"0":{"start":{"line":11,"column":22},"end":{"line":26,"column":1}},"1":{"start":{"line":12,"column":2},"end":{"line":25,"column":8}}},"fnMap":{"0":{"name":"(anonymous_0)","decl":{"start":{"line":11,"column":22},"end":{"line":11,"column":23}},"loc":{"start":{"line":12,"column":2},"end":{"line":25,"column":8}},"line":12}},"branchMap":{"0":{"loc":{"start":{"line":14,"column":10},"end":{"line":14,"column":47}},"type":"cond-expr","locations":[{"start":{"line":14,"column":24},"end":{"line":14,"column":35}},{"start":{"line":14,"column":38},"end":{"line":14,"column":47}}],"line":14}},"s":{"0":3,"1":5},"f":{"0":5},"b":{"0":[1,4]},"_coverageSchema":"1a1c01bbd47fc00a2c39e90264f33305004495a9","hash":"adf2fcdea64371a6151934dd2c78b9df832f1753"}
,"/home/sduball/Documents/school/senior/website/frontend/components/svg/icon/Header1Icon.tsx": {"path":"/home/sduball/Documents/school/senior/website/frontend/components/svg/icon/Header1Icon.tsx","statementMap":{"0":{"start":{"line":11,"column":20},"end":{"line":26,"column":1}},"1":{"start":{"line":12,"column":2},"end":{"line":25,"column":8}}},"fnMap":{"0":{"name":"(anonymous_0)","decl":{"start":{"line":11,"column":20},"end":{"line":11,"column":21}},"loc":{"start":{"line":12,"column":2},"end":{"line":25,"column":8}},"line":12}},"branchMap":{"0":{"loc":{"start":{"line":14,"column":10},"end":{"line":14,"column":47}},"type":"cond-expr","locations":[{"start":{"line":14,"column":24},"end":{"line":14,"column":35}},{"start":{"line":14,"column":38},"end":{"line":14,"column":47}}],"line":14}},"s":{"0":1,"1":2},"f":{"0":2},"b":{"0":[1,1]},"_coverageSchema":"1a1c01bbd47fc00a2c39e90264f33305004495a9","hash":"a5294515d161824d59a237c26433b84545c9b87a"}
,"/home/sduball/Documents/school/senior/website/frontend/components/svg/icon/Header2Icon.tsx": {"path":"/home/sduball/Documents/school/senior/website/frontend/components/svg/icon/Header2Icon.tsx","statementMap":{"0":{"start":{"line":11,"column":20},"end":{"line":26,"column":1}},"1":{"start":{"line":12,"column":2},"end":{"line":25,"column":8}}},"fnMap":{"0":{"name":"(anonymous_0)","decl":{"start":{"line":11,"column":20},"end":{"line":11,"column":21}},"loc":{"start":{"line":12,"column":2},"end":{"line":25,"column":8}},"line":12}},"branchMap":{"0":{"loc":{"start":{"line":14,"column":10},"end":{"line":14,"column":47}},"type":"cond-expr","locations":[{"start":{"line":14,"column":24},"end":{"line":14,"column":35}},{"start":{"line":14,"column":38},"end":{"line":14,"column":47}}],"line":14}},"s":{"0":1,"1":2},"f":{"0":2},"b":{"0":[1,1]},"_coverageSchema":"1a1c01bbd47fc00a2c39e90264f33305004495a9","hash":"198efbbc356a3e25ddf50b1eb31be280d283ed60"}
,"/home/sduball/Documents/school/senior/website/frontend/components/svg/icon/ImageIcon.tsx": {"path":"/home/sduball/Documents/school/senior/website/frontend/components/svg/icon/ImageIcon.tsx","statementMap":{"0":{"start":{"line":11,"column":18},"end":{"line":26,"column":1}},"1":{"start":{"line":12,"column":2},"end":{"line":25,"column":8}}},"fnMap":{"0":{"name":"(anonymous_0)","decl":{"start":{"line":11,"column":18},"end":{"line":11,"column":19}},"loc":{"start":{"line":12,"column":2},"end":{"line":25,"column":8}},"line":12}},"branchMap":{"0":{"loc":{"start":{"line":14,"column":10},"end":{"line":14,"column":47}},"type":"cond-expr","locations":[{"start":{"line":14,"column":24},"end":{"line":14,"column":35}},{"start":{"line":14,"column":38},"end":{"line":14,"column":47}}],"line":14}},"s":{"0":1,"1":2},"f":{"0":2},"b":{"0":[1,1]},"_coverageSchema":"1a1c01bbd47fc00a2c39e90264f33305004495a9","hash":"97096513d75ffb3f41ef4b81d87e5a668385a07f"}
,"/home/sduball/Documents/school/senior/website/frontend/components/svg/icon/InfoIcon.tsx": {"path":"/home/sduball/Documents/school/senior/website/frontend/components/svg/icon/InfoIcon.tsx","statementMap":{"0":{"start":{"line":11,"column":17},"end":{"line":26,"column":1}},"1":{"start":{"line":12,"column":2},"end":{"line":25,"column":8}}},"fnMap":{"0":{"name":"(anonymous_0)","decl":{"start":{"line":11,"column":17},"end":{"line":11,"column":18}},"loc":{"start":{"line":12,"column":2},"end":{"line":25,"column":8}},"line":12}},"branchMap":{"0":{"loc":{"start":{"line":14,"column":10},"end":{"line":14,"column":47}},"type":"cond-expr","locations":[{"start":{"line":14,"column":24},"end":{"line":14,"column":35}},{"start":{"line":14,"column":38},"end":{"line":14,"column":47}}],"line":14}},"s":{"0":1,"1":2},"f":{"0":2},"b":{"0":[1,1]},"_coverageSchema":"1a1c01bbd47fc00a2c39e90264f33305004495a9","hash":"f91a3b159a3baf5e363f12200f17fe19494b9d23"}
,"/home/sduball/Documents/school/senior/website/frontend/components/svg/icon/ItalicIcon.tsx": {"path":"/home/sduball/Documents/school/senior/website/frontend/components/svg/icon/ItalicIcon.tsx","statementMap":{"0":{"start":{"line":11,"column":19},"end":{"line":22,"column":1}},"1":{"start":{"line":12,"column":2},"end":{"line":21,"column":8}}},"fnMap":{"0":{"name":"(anonymous_0)","decl":{"start":{"line":11,"column":19},"end":{"line":11,"column":20}},"loc":{"start":{"line":12,"column":2},"end":{"line":21,"column":8}},"line":12}},"branchMap":{"0":{"loc":{"start":{"line":14,"column":10},"end":{"line":14,"column":47}},"type":"cond-expr","locations":[{"start":{"line":14,"column":24},"end":{"line":14,"column":35}},{"start":{"line":14,"column":38},"end":{"line":14,"column":47}}],"line":14}},"s":{"0":1,"1":2},"f":{"0":2},"b":{"0":[1,1]},"_coverageSchema":"1a1c01bbd47fc00a2c39e90264f33305004495a9","hash":"97265ba75479738a8e4cb13842fce5545ac36492"}
,"/home/sduball/Documents/school/senior/website/frontend/components/svg/icon/LastNameIcon.tsx": {"path":"/home/sduball/Documents/school/senior/website/frontend/components/svg/icon/LastNameIcon.tsx","statementMap":{"0":{"start":{"line":11,"column":21},"end":{"line":26,"column":1}},"1":{"start":{"line":12,"column":2},"end":{"line":25,"column":8}}},"fnMap":{"0":{"name":"(anonymous_0)","decl":{"start":{"line":11,"column":21},"end":{"line":11,"column":22}},"loc":{"start":{"line":12,"column":2},"end":{"line":25,"column":8}},"line":12}},"branchMap":{"0":{"loc":{"start":{"line":14,"column":10},"end":{"line":14,"column":47}},"type":"cond-expr","locations":[{"start":{"line":14,"column":24},"end":{"line":14,"column":35}},{"start":{"line":14,"column":38},"end":{"line":14,"column":47}}],"line":14}},"s":{"0":1,"1":2},"f":{"0":2},"b":{"0":[1,1]},"_coverageSchema":"1a1c01bbd47fc00a2c39e90264f33305004495a9","hash":"79092f0b3bec35982779c0dfd531e04868ddace2"}
,"/home/sduball/Documents/school/senior/website/frontend/components/svg/icon/LightbulbIcon.tsx": {"path":"/home/sduball/Documents/school/senior/website/frontend/components/svg/icon/LightbulbIcon.tsx","statementMap":{"0":{"start":{"line":11,"column":19},"end":{"line":66,"column":1}},"1":{"start":{"line":12,"column":2},"end":{"line":65,"column":8}}},"fnMap":{"0":{"name":"(anonymous_0)","decl":{"start":{"line":11,"column":19},"end":{"line":11,"column":20}},"loc":{"start":{"line":12,"column":2},"end":{"line":65,"column":8}},"line":12}},"branchMap":{"0":{"loc":{"start":{"line":14,"column":10},"end":{"line":14,"column":47}},"type":"cond-expr","locations":[{"start":{"line":14,"column":24},"end":{"line":14,"column":35}},{"start":{"line":14,"column":38},"end":{"line":14,"column":47}}],"line":14}},"s":{"0":3,"1":4},"f":{"0":4},"b":{"0":[1,3]},"_coverageSchema":"1a1c01bbd47fc00a2c39e90264f33305004495a9","hash":"9f3f1c80b807832818a3a24df8f73de40c77a7a5"}
,"/home/sduball/Documents/school/senior/website/frontend/components/svg/icon/LogPostIcon.tsx": {"path":"/home/sduball/Documents/school/senior/website/frontend/components/svg/icon/LogPostIcon.tsx","statementMap":{"0":{"start":{"line":11,"column":20},"end":{"line":26,"column":1}},"1":{"start":{"line":12,"column":2},"end":{"line":25,"column":8}}},"fnMap":{"0":{"name":"(anonymous_0)","decl":{"start":{"line":11,"column":20},"end":{"line":11,"column":21}},"loc":{"start":{"line":12,"column":2},"end":{"line":25,"column":8}},"line":12}},"branchMap":{"0":{"loc":{"start":{"line":14,"column":10},"end":{"line":14,"column":47}},"type":"cond-expr","locations":[{"start":{"line":14,"column":24},"end":{"line":14,"column":35}},{"start":{"line":14,"column":38},"end":{"line":14,"column":47}}],"line":14}},"s":{"0":1,"1":2},"f":{"0":2},"b":{"0":[1,1]},"_coverageSchema":"1a1c01bbd47fc00a2c39e90264f33305004495a9","hash":"4a3193120b7414d56bb4ec4cf6ebf1ceae833c36"}
,"/home/sduball/Documents/school/senior/website/frontend/components/svg/icon/NameCardIcon.tsx": {"path":"/home/sduball/Documents/school/senior/website/frontend/components/svg/icon/NameCardIcon.tsx","statementMap":{"0":{"start":{"line":11,"column":21},"end":{"line":26,"column":1}},"1":{"start":{"line":12,"column":2},"end":{"line":25,"column":8}}},"fnMap":{"0":{"name":"(anonymous_0)","decl":{"start":{"line":11,"column":21},"end":{"line":11,"column":22}},"loc":{"start":{"line":12,"column":2},"end":{"line":25,"column":8}},"line":12}},"branchMap":{"0":{"loc":{"start":{"line":14,"column":10},"end":{"line":14,"column":47}},"type":"cond-expr","locations":[{"start":{"line":14,"column":24},"end":{"line":14,"column":35}},{"start":{"line":14,"column":38},"end":{"line":14,"column":47}}],"line":14}},"s":{"0":1,"1":2},"f":{"0":2},"b":{"0":[1,1]},"_coverageSchema":"1a1c01bbd47fc00a2c39e90264f33305004495a9","hash":"7e70a72b55c504c67e51c818658c362bed580108"}
,"/home/sduball/Documents/school/senior/website/frontend/components/svg/icon/NextIcon.tsx": {"path":"/home/sduball/Documents/school/senior/website/frontend/components/svg/icon/NextIcon.tsx","statementMap":{"0":{"start":{"line":11,"column":17},"end":{"line":22,"column":1}},"1":{"start":{"line":12,"column":2},"end":{"line":21,"column":8}}},"fnMap":{"0":{"name":"(anonymous_0)","decl":{"start":{"line":11,"column":17},"end":{"line":11,"column":18}},"loc":{"start":{"line":12,"column":2},"end":{"line":21,"column":8}},"line":12}},"branchMap":{"0":{"loc":{"start":{"line":14,"column":10},"end":{"line":14,"column":47}},"type":"cond-expr","locations":[{"start":{"line":14,"column":24},"end":{"line":14,"column":35}},{"start":{"line":14,"column":38},"end":{"line":14,"column":47}}],"line":14}},"s":{"0":1,"1":2},"f":{"0":2},"b":{"0":[1,1]},"_coverageSchema":"1a1c01bbd47fc00a2c39e90264f33305004495a9","hash":"8f2f96f7a2566c41900968462e43c9efc39414e0"}
,"/home/sduball/Documents/school/senior/website/frontend/components/svg/icon/NotebookIcon.tsx": {"path":"/home/sduball/Documents/school/senior/website/frontend/components/svg/icon/NotebookIcon.tsx","statementMap":{"0":{"start":{"line":11,"column":21},"end":{"line":31,"column":1}},"1":{"start":{"line":12,"column":2},"end":{"line":30,"column":8}}},"fnMap":{"0":{"name":"(anonymous_0)","decl":{"start":{"line":11,"column":21},"end":{"line":11,"column":22}},"loc":{"start":{"line":12,"column":2},"end":{"line":30,"column":8}},"line":12}},"branchMap":{"0":{"loc":{"start":{"line":14,"column":10},"end":{"line":14,"column":47}},"type":"cond-expr","locations":[{"start":{"line":14,"column":24},"end":{"line":14,"column":35}},{"start":{"line":14,"column":38},"end":{"line":14,"column":47}}],"line":14}},"s":{"0":1,"1":2},"f":{"0":2},"b":{"0":[1,1]},"_coverageSchema":"1a1c01bbd47fc00a2c39e90264f33305004495a9","hash":"3c22fd5aa1fd2a781770230ab05845a13299132d"}
,"/home/sduball/Documents/school/senior/website/frontend/components/svg/icon/PasswordCardIcon.tsx": {"path":"/home/sduball/Documents/school/senior/website/frontend/components/svg/icon/PasswordCardIcon.tsx","statementMap":{"0":{"start":{"line":11,"column":25},"end":{"line":26,"column":1}},"1":{"start":{"line":12,"column":2},"end":{"line":25,"column":8}}},"fnMap":{"0":{"name":"(anonymous_0)","decl":{"start":{"line":11,"column":25},"end":{"line":11,"column":26}},"loc":{"start":{"line":12,"column":2},"end":{"line":25,"column":8}},"line":12}},"branchMap":{"0":{"loc":{"start":{"line":14,"column":10},"end":{"line":14,"column":47}},"type":"cond-expr","locations":[{"start":{"line":14,"column":24},"end":{"line":14,"column":35}},{"start":{"line":14,"column":38},"end":{"line":14,"column":47}}],"line":14}},"s":{"0":1,"1":2},"f":{"0":2},"b":{"0":[1,1]},"_coverageSchema":"1a1c01bbd47fc00a2c39e90264f33305004495a9","hash":"766f6e9ed62952631a9ce5259365e9950a2f9a25"}
,"/home/sduball/Documents/school/senior/website/frontend/components/svg/icon/PreviousIcon.tsx": {"path":"/home/sduball/Documents/school/senior/website/frontend/components/svg/icon/PreviousIcon.tsx","statementMap":{"0":{"start":{"line":11,"column":21},"end":{"line":22,"column":1}},"1":{"start":{"line":12,"column":2},"end":{"line":21,"column":8}}},"fnMap":{"0":{"name":"(anonymous_0)","decl":{"start":{"line":11,"column":21},"end":{"line":11,"column":22}},"loc":{"start":{"line":12,"column":2},"end":{"line":21,"column":8}},"line":12}},"branchMap":{"0":{"loc":{"start":{"line":14,"column":10},"end":{"line":14,"column":47}},"type":"cond-expr","locations":[{"start":{"line":14,"column":24},"end":{"line":14,"column":35}},{"start":{"line":14,"column":38},"end":{"line":14,"column":47}}],"line":14}},"s":{"0":1,"1":2},"f":{"0":2},"b":{"0":[1,1]},"_coverageSchema":"1a1c01bbd47fc00a2c39e90264f33305004495a9","hash":"825d0088fdd3dca0368db02bb15617290db8d0e4"}
,"/home/sduball/Documents/school/senior/website/frontend/components/svg/icon/ResetIcon.tsx": {"path":"/home/sduball/Documents/school/senior/website/frontend/components/svg/icon/ResetIcon.tsx","statementMap":{"0":{"start":{"line":11,"column":18},"end":{"line":22,"column":1}},"1":{"start":{"line":12,"column":2},"end":{"line":21,"column":8}}},"fnMap":{"0":{"name":"(anonymous_0)","decl":{"start":{"line":11,"column":18},"end":{"line":11,"column":19}},"loc":{"start":{"line":12,"column":2},"end":{"line":21,"column":8}},"line":12}},"branchMap":{"0":{"loc":{"start":{"line":14,"column":10},"end":{"line":14,"column":47}},"type":"cond-expr","locations":[{"start":{"line":14,"column":24},"end":{"line":14,"column":35}},{"start":{"line":14,"column":38},"end":{"line":14,"column":47}}],"line":14}},"s":{"0":1,"1":2},"f":{"0":2},"b":{"0":[1,1]},"_coverageSchema":"1a1c01bbd47fc00a2c39e90264f33305004495a9","hash":"cb0566c3dc26f1230c03ad27190ba53235aae055"}
,"/home/sduball/Documents/school/senior/website/frontend/components/svg/icon/SaveIcon.tsx": {"path":"/home/sduball/Documents/school/senior/website/frontend/components/svg/icon/SaveIcon.tsx","statementMap":{"0":{"start":{"line":11,"column":17},"end":{"line":26,"column":1}},"1":{"start":{"line":12,"column":2},"end":{"line":25,"column":8}}},"fnMap":{"0":{"name":"(anonymous_0)","decl":{"start":{"line":11,"column":17},"end":{"line":11,"column":18}},"loc":{"start":{"line":12,"column":2},"end":{"line":25,"column":8}},"line":12}},"branchMap":{"0":{"loc":{"start":{"line":14,"column":10},"end":{"line":14,"column":47}},"type":"cond-expr","locations":[{"start":{"line":14,"column":24},"end":{"line":14,"column":35}},{"start":{"line":14,"column":38},"end":{"line":14,"column":47}}],"line":14}},"s":{"0":1,"1":2},"f":{"0":2},"b":{"0":[1,1]},"_coverageSchema":"1a1c01bbd47fc00a2c39e90264f33305004495a9","hash":"9811c52a17905b7bf8a54bbc6840d6752a5b67bf"}
,"/home/sduball/Documents/school/senior/website/frontend/components/svg/icon/SearchIcon.tsx": {"path":"/home/sduball/Documents/school/senior/website/frontend/components/svg/icon/SearchIcon.tsx","statementMap":{"0":{"start":{"line":11,"column":19},"end":{"line":26,"column":1}},"1":{"start":{"line":12,"column":2},"end":{"line":25,"column":8}}},"fnMap":{"0":{"name":"(anonymous_0)","decl":{"start":{"line":11,"column":19},"end":{"line":11,"column":20}},"loc":{"start":{"line":12,"column":2},"end":{"line":25,"column":8}},"line":12}},"branchMap":{"0":{"loc":{"start":{"line":14,"column":10},"end":{"line":14,"column":47}},"type":"cond-expr","locations":[{"start":{"line":14,"column":24},"end":{"line":14,"column":35}},{"start":{"line":14,"column":38},"end":{"line":14,"column":47}}],"line":14}},"s":{"0":1,"1":2},"f":{"0":2},"b":{"0":[1,1]},"_coverageSchema":"1a1c01bbd47fc00a2c39e90264f33305004495a9","hash":"7de56a3dd62afaeefd51ed69a1a5d16f03801881"}
,"/home/sduball/Documents/school/senior/website/frontend/components/svg/icon/SendIcon.tsx": {"path":"/home/sduball/Documents/school/senior/website/frontend/components/svg/icon/SendIcon.tsx","statementMap":{"0":{"start":{"line":11,"column":17},"end":{"line":22,"column":1}},"1":{"start":{"line":12,"column":2},"end":{"line":21,"column":8}}},"fnMap":{"0":{"name":"(anonymous_0)","decl":{"start":{"line":11,"column":17},"end":{"line":11,"column":18}},"loc":{"start":{"line":12,"column":2},"end":{"line":21,"column":8}},"line":12}},"branchMap":{"0":{"loc":{"start":{"line":14,"column":10},"end":{"line":14,"column":47}},"type":"cond-expr","locations":[{"start":{"line":14,"column":24},"end":{"line":14,"column":35}},{"start":{"line":14,"column":38},"end":{"line":14,"column":47}}],"line":14}},"s":{"0":1,"1":2},"f":{"0":2},"b":{"0":[1,1]},"_coverageSchema":"1a1c01bbd47fc00a2c39e90264f33305004495a9","hash":"1db23269a4716622514ee382ac110d341ca9720a"}
,"/home/sduball/Documents/school/senior/website/frontend/components/svg/icon/SettingsIcon.tsx": {"path":"/home/sduball/Documents/school/senior/website/frontend/components/svg/icon/SettingsIcon.tsx","statementMap":{"0":{"start":{"line":11,"column":21},"end":{"line":26,"column":1}},"1":{"start":{"line":12,"column":2},"end":{"line":25,"column":8}}},"fnMap":{"0":{"name":"(anonymous_0)","decl":{"start":{"line":11,"column":21},"end":{"line":11,"column":22}},"loc":{"start":{"line":12,"column":2},"end":{"line":25,"column":8}},"line":12}},"branchMap":{"0":{"loc":{"start":{"line":14,"column":10},"end":{"line":14,"column":47}},"type":"cond-expr","locations":[{"start":{"line":14,"column":24},"end":{"line":14,"column":35}},{"start":{"line":14,"column":38},"end":{"line":14,"column":47}}],"line":14}},"s":{"0":1,"1":2},"f":{"0":2},"b":{"0":[1,1]},"_coverageSchema":"1a1c01bbd47fc00a2c39e90264f33305004495a9","hash":"5c19eb026bb1e7f863a53d8a6f7c5b964c6f7f4e"}
,"/home/sduball/Documents/school/senior/website/frontend/components/svg/icon/ShieldIcon.tsx": {"path":"/home/sduball/Documents/school/senior/website/frontend/components/svg/icon/ShieldIcon.tsx","statementMap":{"0":{"start":{"line":11,"column":19},"end":{"line":31,"column":1}},"1":{"start":{"line":12,"column":2},"end":{"line":30,"column":8}}},"fnMap":{"0":{"name":"(anonymous_0)","decl":{"start":{"line":11,"column":19},"end":{"line":11,"column":20}},"loc":{"start":{"line":12,"column":2},"end":{"line":30,"column":8}},"line":12}},"branchMap":{"0":{"loc":{"start":{"line":14,"column":10},"end":{"line":14,"column":47}},"type":"cond-expr","locations":[{"start":{"line":14,"column":24},"end":{"line":14,"column":35}},{"start":{"line":14,"column":38},"end":{"line":14,"column":47}}],"line":14}},"s":{"0":1,"1":2},"f":{"0":2},"b":{"0":[1,1]},"_coverageSchema":"1a1c01bbd47fc00a2c39e90264f33305004495a9","hash":"2776b9969ac15b5d20b2ee637f5a3fde06f78298"}
,"/home/sduball/Documents/school/senior/website/frontend/components/svg/icon/SignInIcon.tsx": {"path":"/home/sduball/Documents/school/senior/website/frontend/components/svg/icon/SignInIcon.tsx","statementMap":{"0":{"start":{"line":11,"column":19},"end":{"line":26,"column":1}},"1":{"start":{"line":12,"column":2},"end":{"line":25,"column":8}}},"fnMap":{"0":{"name":"(anonymous_0)","decl":{"start":{"line":11,"column":19},"end":{"line":11,"column":20}},"loc":{"start":{"line":12,"column":2},"end":{"line":25,"column":8}},"line":12}},"branchMap":{"0":{"loc":{"start":{"line":14,"column":10},"end":{"line":14,"column":47}},"type":"cond-expr","locations":[{"start":{"line":14,"column":24},"end":{"line":14,"column":35}},{"start":{"line":14,"column":38},"end":{"line":14,"column":47}}],"line":14}},"s":{"0":1,"1":2},"f":{"0":2},"b":{"0":[1,1]},"_coverageSchema":"1a1c01bbd47fc00a2c39e90264f33305004495a9","hash":"03698adee2027d170db6844ecbf7b617a1987c4b"}
,"/home/sduball/Documents/school/senior/website/frontend/components/svg/icon/SignOutIcon.tsx": {"path":"/home/sduball/Documents/school/senior/website/frontend/components/svg/icon/SignOutIcon.tsx","statementMap":{"0":{"start":{"line":11,"column":20},"end":{"line":26,"column":1}},"1":{"start":{"line":12,"column":2},"end":{"line":25,"column":8}}},"fnMap":{"0":{"name":"(anonymous_0)","decl":{"start":{"line":11,"column":20},"end":{"line":11,"column":21}},"loc":{"start":{"line":12,"column":2},"end":{"line":25,"column":8}},"line":12}},"branchMap":{"0":{"loc":{"start":{"line":14,"column":10},"end":{"line":14,"column":47}},"type":"cond-expr","locations":[{"start":{"line":14,"column":24},"end":{"line":14,"column":35}},{"start":{"line":14,"column":38},"end":{"line":14,"column":47}}],"line":14}},"s":{"0":1,"1":2},"f":{"0":2},"b":{"0":[1,1]},"_coverageSchema":"1a1c01bbd47fc00a2c39e90264f33305004495a9","hash":"4c7544574749efc27e08468b0d13135837fe07b4"}
,"/home/sduball/Documents/school/senior/website/frontend/components/svg/icon/SignUpIcon.tsx": {"path":"/home/sduball/Documents/school/senior/website/frontend/components/svg/icon/SignUpIcon.tsx","statementMap":{"0":{"start":{"line":11,"column":19},"end":{"line":26,"column":1}},"1":{"start":{"line":12,"column":2},"end":{"line":25,"column":8}}},"fnMap":{"0":{"name":"(anonymous_0)","decl":{"start":{"line":11,"column":19},"end":{"line":11,"column":20}},"loc":{"start":{"line":12,"column":2},"end":{"line":25,"column":8}},"line":12}},"branchMap":{"0":{"loc":{"start":{"line":14,"column":10},"end":{"line":14,"column":47}},"type":"cond-expr","locations":[{"start":{"line":14,"column":24},"end":{"line":14,"column":35}},{"start":{"line":14,"column":38},"end":{"line":14,"column":47}}],"line":14}},"s":{"0":1,"1":2},"f":{"0":2},"b":{"0":[1,1]},"_coverageSchema":"1a1c01bbd47fc00a2c39e90264f33305004495a9","hash":"2c8c6d6877ac099efc2a17956894cfa34b1cc830"}
,"/home/sduball/Documents/school/senior/website/frontend/components/svg/icon/SuccessIcon.tsx": {"path":"/home/sduball/Documents/school/senior/website/frontend/components/svg/icon/SuccessIcon.tsx","statementMap":{"0":{"start":{"line":11,"column":20},"end":{"line":26,"column":1}},"1":{"start":{"line":12,"column":2},"end":{"line":25,"column":8}}},"fnMap":{"0":{"name":"(anonymous_0)","decl":{"start":{"line":11,"column":20},"end":{"line":11,"column":21}},"loc":{"start":{"line":12,"column":2},"end":{"line":25,"column":8}},"line":12}},"branchMap":{"0":{"loc":{"start":{"line":14,"column":10},"end":{"line":14,"column":47}},"type":"cond-expr","locations":[{"start":{"line":14,"column":24},"end":{"line":14,"column":35}},{"start":{"line":14,"column":38},"end":{"line":14,"column":47}}],"line":14}},"s":{"0":1,"1":2},"f":{"0":2},"b":{"0":[1,1]},"_coverageSchema":"1a1c01bbd47fc00a2c39e90264f33305004495a9","hash":"927b4086dd113fbafd4cf49218c5ff0a15a271fd"}
,"/home/sduball/Documents/school/senior/website/frontend/components/svg/icon/TargetIcon.tsx": {"path":"/home/sduball/Documents/school/senior/website/frontend/components/svg/icon/TargetIcon.tsx","statementMap":{"0":{"start":{"line":11,"column":19},"end":{"line":31,"column":1}},"1":{"start":{"line":12,"column":2},"end":{"line":30,"column":8}}},"fnMap":{"0":{"name":"(anonymous_0)","decl":{"start":{"line":11,"column":19},"end":{"line":11,"column":20}},"loc":{"start":{"line":12,"column":2},"end":{"line":30,"column":8}},"line":12}},"branchMap":{"0":{"loc":{"start":{"line":14,"column":10},"end":{"line":14,"column":47}},"type":"cond-expr","locations":[{"start":{"line":14,"column":24},"end":{"line":14,"column":35}},{"start":{"line":14,"column":38},"end":{"line":14,"column":47}}],"line":14}},"s":{"0":1,"1":2},"f":{"0":2},"b":{"0":[1,1]},"_coverageSchema":"1a1c01bbd47fc00a2c39e90264f33305004495a9","hash":"2b004b4b8d8c0e7979fecc7a9ce1946b1fe5e4f7"}
,"/home/sduball/Documents/school/senior/website/frontend/components/svg/icon/TitleIcon.tsx": {"path":"/home/sduball/Documents/school/senior/website/frontend/components/svg/icon/TitleIcon.tsx","statementMap":{"0":{"start":{"line":11,"column":18},"end":{"line":22,"column":1}},"1":{"start":{"line":12,"column":2},"end":{"line":21,"column":8}}},"fnMap":{"0":{"name":"(anonymous_0)","decl":{"start":{"line":11,"column":18},"end":{"line":11,"column":19}},"loc":{"start":{"line":12,"column":2},"end":{"line":21,"column":8}},"line":12}},"branchMap":{"0":{"loc":{"start":{"line":14,"column":10},"end":{"line":14,"column":47}},"type":"cond-expr","locations":[{"start":{"line":14,"column":24},"end":{"line":14,"column":35}},{"start":{"line":14,"column":38},"end":{"line":14,"column":47}}],"line":14}},"s":{"0":1,"1":2},"f":{"0":2},"b":{"0":[1,1]},"_coverageSchema":"1a1c01bbd47fc00a2c39e90264f33305004495a9","hash":"1425a402e58d2a89a733d39d9ec14113d89f920d"}
,"/home/sduball/Documents/school/senior/website/frontend/components/svg/icon/UnderlineIcon.tsx": {"path":"/home/sduball/Documents/school/senior/website/frontend/components/svg/icon/UnderlineIcon.tsx","statementMap":{"0":{"start":{"line":11,"column":22},"end":{"line":22,"column":1}},"1":{"start":{"line":12,"column":2},"end":{"line":21,"column":8}}},"fnMap":{"0":{"name":"(anonymous_0)","decl":{"start":{"line":11,"column":22},"end":{"line":11,"column":23}},"loc":{"start":{"line":12,"column":2},"end":{"line":21,"column":8}},"line":12}},"branchMap":{"0":{"loc":{"start":{"line":14,"column":10},"end":{"line":14,"column":47}},"type":"cond-expr","locations":[{"start":{"line":14,"column":24},"end":{"line":14,"column":35}},{"start":{"line":14,"column":38},"end":{"line":14,"column":47}}],"line":14}},"s":{"0":1,"1":2},"f":{"0":2},"b":{"0":[1,1]},"_coverageSchema":"1a1c01bbd47fc00a2c39e90264f33305004495a9","hash":"dfea0b7bb99b06b2a43d8123b2fdd672b5b0daf4"}
,"/home/sduball/Documents/school/senior/website/frontend/components/text/H1.tsx": {"path":"/home/sduball/Documents/school/senior/website/frontend/components/text/H1.tsx","statementMap":{"0":{"start":{"line":3,"column":11},"end":{"line":8,"column":1}},"1":{"start":{"line":6,"column":20},"end":{"line":6,"column":50}}},"fnMap":{"0":{"name":"(anonymous_0)","decl":{"start":{"line":6,"column":11},"end":{"line":6,"column":12}},"loc":{"start":{"line":6,"column":20},"end":{"line":6,"column":50}},"line":6}},"branchMap":{},"s":{"0":1,"1":1},"f":{"0":1},"b":{},"_coverageSchema":"1a1c01bbd47fc00a2c39e90264f33305004495a9","hash":"2e2e254d6f338ca7535d1bcce28ad99a4fe2ad13"}
,"/home/sduball/Documents/school/senior/website/frontend/components/text/P.tsx": {"path":"/home/sduball/Documents/school/senior/website/frontend/components/text/P.tsx","statementMap":{"0":{"start":{"line":3,"column":10},"end":{"line":8,"column":1}},"1":{"start":{"line":6,"column":20},"end":{"line":6,"column":50}}},"fnMap":{"0":{"name":"(anonymous_0)","decl":{"start":{"line":6,"column":11},"end":{"line":6,"column":12}},"loc":{"start":{"line":6,"column":20},"end":{"line":6,"column":50}},"line":6}},"branchMap":{},"s":{"0":1,"1":1},"f":{"0":1},"b":{},"_coverageSchema":"1a1c01bbd47fc00a2c39e90264f33305004495a9","hash":"293e9475be13dc14ec3d0a798c4a5767f3259105"}
}
