{"/Users/sduball/Documents/school/spring2020/senior/website/frontend/components/helpers.tsx": {"path":"/Users/sduball/Documents/school/spring2020/senior/website/frontend/components/helpers.tsx","statementMap":{"0":{"start":{"line":7,"column":27},"end":{"line":20,"column":1}},"1":{"start":{"line":9,"column":22},"end":{"line":9,"column":24}},"2":{"start":{"line":12,"column":2},"end":{"line":16,"column":5}},"3":{"start":{"line":13,"column":4},"end":{"line":15,"column":5}},"4":{"start":{"line":14,"column":6},"end":{"line":14,"column":24}},"5":{"start":{"line":19,"column":2},"end":{"line":19,"column":16}},"6":{"start":{"line":29,"column":34},"end":{"line":42,"column":1}},"7":{"start":{"line":31,"column":27},"end":{"line":31,"column":43}},"8":{"start":{"line":34,"column":2},"end":{"line":41,"column":3}},"9":{"start":{"line":35,"column":15},"end":{"line":35,"column":59}},"10":{"start":{"line":36,"column":4},"end":{"line":36,"column":29}},"11":{"start":{"line":38,"column":4},"end":{"line":40,"column":6}}},"fnMap":{"0":{"name":"(anonymous_0)","decl":{"start":{"line":7,"column":27},"end":{"line":7,"column":28}},"loc":{"start":{"line":7,"column":71},"end":{"line":20,"column":1}},"line":7},"1":{"name":"(anonymous_1)","decl":{"start":{"line":12,"column":32},"end":{"line":12,"column":33}},"loc":{"start":{"line":12,"column":48},"end":{"line":16,"column":3}},"line":12},"2":{"name":"(anonymous_2)","decl":{"start":{"line":29,"column":34},"end":{"line":29,"column":35}},"loc":{"start":{"line":29,"column":72},"end":{"line":42,"column":1}},"line":29}},"branchMap":{"0":{"loc":{"start":{"line":13,"column":4},"end":{"line":15,"column":5}},"type":"if","locations":[{"start":{"line":13,"column":4},"end":{"line":15,"column":5}},{"start":{"line":13,"column":4},"end":{"line":15,"column":5}}],"line":13},"1":{"loc":{"start":{"line":34,"column":2},"end":{"line":41,"column":3}},"type":"if","locations":[{"start":{"line":34,"column":2},"end":{"line":41,"column":3}},{"start":{"line":34,"column":2},"end":{"line":41,"column":3}}],"line":34}},"s":{"0":56,"1":120,"2":120,"3":305,"4":128,"5":120,"6":56,"7":14,"8":14,"9":11,"10":11,"11":3},"f":{"0":120,"1":305,"2":14},"b":{"0":[128,177],"1":[11,3]},"_coverageSchema":"1a1c01bbd47fc00a2c39e90264f33305004495a9","hash":"301e45aba1a28a9b04de1f4214d07fff951efde9"}
,"/Users/sduball/Documents/school/spring2020/senior/website/frontend/components/a/RectangleLink.tsx": {"path":"/Users/sduball/Documents/school/spring2020/senior/website/frontend/components/a/RectangleLink.tsx","statementMap":{"0":{"start":{"line":3,"column":22},"end":{"line":24,"column":1}},"1":{"start":{"line":7,"column":31},"end":{"line":7,"column":65}},"2":{"start":{"line":10,"column":20},"end":{"line":10,"column":50}}},"fnMap":{"0":{"name":"(anonymous_0)","decl":{"start":{"line":7,"column":22},"end":{"line":7,"column":23}},"loc":{"start":{"line":7,"column":31},"end":{"line":7,"column":65}},"line":7},"1":{"name":"(anonymous_1)","decl":{"start":{"line":10,"column":11},"end":{"line":10,"column":12}},"loc":{"start":{"line":10,"column":20},"end":{"line":10,"column":50}},"line":10}},"branchMap":{},"s":{"0":1,"1":1,"2":1},"f":{"0":1,"1":1},"b":{},"_coverageSchema":"1a1c01bbd47fc00a2c39e90264f33305004495a9","hash":"a600b4a25c01b1d5560b1ceec0b6c53afb7795b4"}
,"/Users/sduball/Documents/school/spring2020/senior/website/frontend/components/a/RoundedLink.tsx": {"path":"/Users/sduball/Documents/school/spring2020/senior/website/frontend/components/a/RoundedLink.tsx","statementMap":{"0":{"start":{"line":3,"column":20},"end":{"line":26,"column":1}},"1":{"start":{"line":9,"column":31},"end":{"line":9,"column":69}},"2":{"start":{"line":10,"column":20},"end":{"line":10,"column":50}},"3":{"start":{"line":17,"column":17},"end":{"line":17,"column":52}},"4":{"start":{"line":23,"column":19},"end":{"line":23,"column":54}}},"fnMap":{"0":{"name":"(anonymous_0)","decl":{"start":{"line":9,"column":22},"end":{"line":9,"column":23}},"loc":{"start":{"line":9,"column":31},"end":{"line":9,"column":69}},"line":9},"1":{"name":"(anonymous_1)","decl":{"start":{"line":10,"column":11},"end":{"line":10,"column":12}},"loc":{"start":{"line":10,"column":20},"end":{"line":10,"column":50}},"line":10},"2":{"name":"(anonymous_2)","decl":{"start":{"line":17,"column":8},"end":{"line":17,"column":9}},"loc":{"start":{"line":17,"column":17},"end":{"line":17,"column":52}},"line":17},"3":{"name":"(anonymous_3)","decl":{"start":{"line":23,"column":10},"end":{"line":23,"column":11}},"loc":{"start":{"line":23,"column":19},"end":{"line":23,"column":54}},"line":23}},"branchMap":{},"s":{"0":1,"1":1,"2":1,"3":1,"4":1},"f":{"0":1,"1":1,"2":1,"3":1},"b":{},"_coverageSchema":"1a1c01bbd47fc00a2c39e90264f33305004495a9","hash":"4c50c8e939789b55867fc4b92dbc274c11a9790e"}
,"/Users/sduball/Documents/school/spring2020/senior/website/frontend/components/button/SvgButton.tsx": {"path":"/Users/sduball/Documents/school/spring2020/senior/website/frontend/components/button/SvgButton.tsx","statementMap":{"0":{"start":{"line":5,"column":18},"end":{"line":13,"column":1}},"1":{"start":{"line":11,"column":21},"end":{"line":11,"column":33}},"2":{"start":{"line":12,"column":20},"end":{"line":12,"column":31}},"3":{"start":{"line":27,"column":18},"end":{"line":35,"column":1}},"4":{"start":{"line":28,"column":2},"end":{"line":34,"column":14}}},"fnMap":{"0":{"name":"(anonymous_0)","decl":{"start":{"line":11,"column":12},"end":{"line":11,"column":13}},"loc":{"start":{"line":11,"column":21},"end":{"line":11,"column":33}},"line":11},"1":{"name":"(anonymous_1)","decl":{"start":{"line":12,"column":11},"end":{"line":12,"column":12}},"loc":{"start":{"line":12,"column":20},"end":{"line":12,"column":31}},"line":12},"2":{"name":"(anonymous_2)","decl":{"start":{"line":27,"column":18},"end":{"line":27,"column":19}},"loc":{"start":{"line":28,"column":2},"end":{"line":34,"column":14}},"line":28}},"branchMap":{},"s":{"0":2,"1":3,"2":3,"3":2,"4":3},"f":{"0":3,"1":3,"2":3},"b":{},"_coverageSchema":"1a1c01bbd47fc00a2c39e90264f33305004495a9","hash":"577c4fd20673fac1f006b498b777f916d54cbd4f"}
,"/Users/sduball/Documents/school/spring2020/senior/website/frontend/components/composed/DecoratedIntro.tsx": {"path":"/Users/sduball/Documents/school/spring2020/senior/website/frontend/components/composed/DecoratedIntro.tsx","statementMap":{"0":{"start":{"line":8,"column":18},"end":{"line":13,"column":1}},"1":{"start":{"line":15,"column":19},"end":{"line":17,"column":1}},"2":{"start":{"line":18,"column":18},"end":{"line":20,"column":1}},"3":{"start":{"line":34,"column":23},"end":{"line":40,"column":1}},"4":{"start":{"line":35,"column":2},"end":{"line":39,"column":14}}},"fnMap":{"0":{"name":"(anonymous_0)","decl":{"start":{"line":34,"column":23},"end":{"line":34,"column":24}},"loc":{"start":{"line":35,"column":2},"end":{"line":39,"column":14}},"line":35}},"branchMap":{},"s":{"0":1,"1":1,"2":1,"3":1,"4":1},"f":{"0":1},"b":{},"_coverageSchema":"1a1c01bbd47fc00a2c39e90264f33305004495a9","hash":"aa8b2a7336412a001719248d8f8d8e86f9d25267"}
,"/Users/sduball/Documents/school/spring2020/senior/website/frontend/components/composed/Footer.tsx": {"path":"/Users/sduball/Documents/school/spring2020/senior/website/frontend/components/composed/Footer.tsx","statementMap":{"0":{"start":{"line":5,"column":18},"end":{"line":12,"column":1}},"1":{"start":{"line":8,"column":31},"end":{"line":8,"column":69}},"2":{"start":{"line":15,"column":15},"end":{"line":19,"column":1}},"3":{"start":{"line":16,"column":2},"end":{"line":18,"column":14}}},"fnMap":{"0":{"name":"(anonymous_0)","decl":{"start":{"line":8,"column":22},"end":{"line":8,"column":23}},"loc":{"start":{"line":8,"column":31},"end":{"line":8,"column":69}},"line":8},"1":{"name":"(anonymous_1)","decl":{"start":{"line":15,"column":15},"end":{"line":15,"column":16}},"loc":{"start":{"line":16,"column":2},"end":{"line":18,"column":14}},"line":16}},"branchMap":{},"s":{"0":1,"1":1,"2":1,"3":1},"f":{"0":1,"1":1},"b":{},"_coverageSchema":"1a1c01bbd47fc00a2c39e90264f33305004495a9","hash":"136584c0ddeb0947be2da1b2be37015e2ec92a94"}
,"/Users/sduball/Documents/school/spring2020/senior/website/frontend/components/composed/Header.tsx": {"path":"/Users/sduball/Documents/school/spring2020/senior/website/frontend/components/composed/Header.tsx","statementMap":{"0":{"start":{"line":8,"column":18},"end":{"line":16,"column":1}},"1":{"start":{"line":9,"column":31},"end":{"line":9,"column":69}},"2":{"start":{"line":12,"column":24},"end":{"line":12,"column":55}},"3":{"start":{"line":18,"column":23},"end":{"line":20,"column":1}},"4":{"start":{"line":22,"column":17},"end":{"line":26,"column":1}},"5":{"start":{"line":27,"column":30},"end":{"line":29,"column":1}},"6":{"start":{"line":37,"column":15},"end":{"line":59,"column":1}},"7":{"start":{"line":38,"column":2},"end":{"line":58,"column":14}}},"fnMap":{"0":{"name":"(anonymous_0)","decl":{"start":{"line":9,"column":22},"end":{"line":9,"column":23}},"loc":{"start":{"line":9,"column":31},"end":{"line":9,"column":69}},"line":9},"1":{"name":"(anonymous_1)","decl":{"start":{"line":12,"column":15},"end":{"line":12,"column":16}},"loc":{"start":{"line":12,"column":24},"end":{"line":12,"column":55}},"line":12},"2":{"name":"(anonymous_2)","decl":{"start":{"line":37,"column":15},"end":{"line":37,"column":16}},"loc":{"start":{"line":38,"column":2},"end":{"line":58,"column":14}},"line":38}},"branchMap":{},"s":{"0":1,"1":1,"2":1,"3":1,"4":1,"5":1,"6":1,"7":1},"f":{"0":1,"1":1,"2":1},"b":{},"_coverageSchema":"1a1c01bbd47fc00a2c39e90264f33305004495a9","hash":"cf8c3e397e5796fa70c19b0ef851dd5031227bf9"}
,"/Users/sduball/Documents/school/spring2020/senior/website/frontend/components/composed/PageBanner.tsx": {"path":"/Users/sduball/Documents/school/spring2020/senior/website/frontend/components/composed/PageBanner.tsx","statementMap":{"0":{"start":{"line":7,"column":18},"end":{"line":19,"column":1}},"1":{"start":{"line":8,"column":31},"end":{"line":8,"column":42}},"2":{"start":{"line":16,"column":32},"end":{"line":16,"column":68}},"3":{"start":{"line":21,"column":25},"end":{"line":26,"column":1}},"4":{"start":{"line":27,"column":19},"end":{"line":35,"column":1}},"5":{"start":{"line":31,"column":32},"end":{"line":31,"column":68}},"6":{"start":{"line":36,"column":12},"end":{"line":44,"column":1}},"7":{"start":{"line":40,"column":32},"end":{"line":40,"column":68}},"8":{"start":{"line":55,"column":19},"end":{"line":62,"column":1}},"9":{"start":{"line":56,"column":2},"end":{"line":61,"column":14}}},"fnMap":{"0":{"name":"(anonymous_0)","decl":{"start":{"line":8,"column":22},"end":{"line":8,"column":23}},"loc":{"start":{"line":8,"column":31},"end":{"line":8,"column":42}},"line":8},"1":{"name":"(anonymous_1)","decl":{"start":{"line":16,"column":23},"end":{"line":16,"column":24}},"loc":{"start":{"line":16,"column":32},"end":{"line":16,"column":68}},"line":16},"2":{"name":"(anonymous_2)","decl":{"start":{"line":31,"column":23},"end":{"line":31,"column":24}},"loc":{"start":{"line":31,"column":32},"end":{"line":31,"column":68}},"line":31},"3":{"name":"(anonymous_3)","decl":{"start":{"line":40,"column":23},"end":{"line":40,"column":24}},"loc":{"start":{"line":40,"column":32},"end":{"line":40,"column":68}},"line":40},"4":{"name":"(anonymous_4)","decl":{"start":{"line":55,"column":19},"end":{"line":55,"column":20}},"loc":{"start":{"line":56,"column":2},"end":{"line":61,"column":14}},"line":56}},"branchMap":{},"s":{"0":1,"1":1,"2":1,"3":1,"4":1,"5":1,"6":1,"7":1,"8":1,"9":1},"f":{"0":1,"1":1,"2":1,"3":1,"4":1},"b":{},"_coverageSchema":"1a1c01bbd47fc00a2c39e90264f33305004495a9","hash":"422873f84fad1ad85aaaade65ff2238c4bc54b1b"}
,"/Users/sduball/Documents/school/spring2020/senior/website/frontend/components/decoration/SvgCircle.tsx": {"path":"/Users/sduball/Documents/school/spring2020/senior/website/frontend/components/decoration/SvgCircle.tsx","statementMap":{"0":{"start":{"line":5,"column":18},"end":{"line":14,"column":1}},"1":{"start":{"line":7,"column":4},"end":{"line":7,"column":70}},"2":{"start":{"line":8,"column":22},"end":{"line":8,"column":54}},"3":{"start":{"line":9,"column":21},"end":{"line":9,"column":53}},"4":{"start":{"line":26,"column":18},"end":{"line":34,"column":1}},"5":{"start":{"line":27,"column":2},"end":{"line":33,"column":14}}},"fnMap":{"0":{"name":"(anonymous_0)","decl":{"start":{"line":6,"column":22},"end":{"line":6,"column":23}},"loc":{"start":{"line":7,"column":4},"end":{"line":7,"column":70}},"line":7},"1":{"name":"(anonymous_1)","decl":{"start":{"line":8,"column":12},"end":{"line":8,"column":13}},"loc":{"start":{"line":8,"column":22},"end":{"line":8,"column":54}},"line":8},"2":{"name":"(anonymous_2)","decl":{"start":{"line":9,"column":11},"end":{"line":9,"column":12}},"loc":{"start":{"line":9,"column":21},"end":{"line":9,"column":53}},"line":9},"3":{"name":"(anonymous_3)","decl":{"start":{"line":26,"column":18},"end":{"line":26,"column":19}},"loc":{"start":{"line":27,"column":2},"end":{"line":33,"column":14}},"line":27}},"branchMap":{"0":{"loc":{"start":{"line":7,"column":4},"end":{"line":7,"column":70}},"type":"cond-expr","locations":[{"start":{"line":7,"column":18},"end":{"line":7,"column":29}},{"start":{"line":7,"column":32},"end":{"line":7,"column":70}}],"line":7},"1":{"loc":{"start":{"line":8,"column":22},"end":{"line":8,"column":54}},"type":"cond-expr","locations":[{"start":{"line":8,"column":35},"end":{"line":8,"column":45}},{"start":{"line":8,"column":48},"end":{"line":8,"column":54}}],"line":8},"2":{"loc":{"start":{"line":9,"column":21},"end":{"line":9,"column":53}},"type":"cond-expr","locations":[{"start":{"line":9,"column":34},"end":{"line":9,"column":44}},{"start":{"line":9,"column":47},"end":{"line":9,"column":53}}],"line":9}},"s":{"0":3,"1":4,"2":4,"3":4,"4":3,"5":4},"f":{"0":4,"1":4,"2":4,"3":4},"b":{"0":[2,2],"1":[3,1],"2":[3,1]},"_coverageSchema":"1a1c01bbd47fc00a2c39e90264f33305004495a9","hash":"b5ea8b1117e762a0e1a51a1b22c01d406c85e810"}
,"/Users/sduball/Documents/school/spring2020/senior/website/frontend/components/decoration/UnderlineTitle.tsx": {"path":"/Users/sduball/Documents/school/spring2020/senior/website/frontend/components/decoration/UnderlineTitle.tsx","statementMap":{"0":{"start":{"line":5,"column":18},"end":{"line":10,"column":1}},"1":{"start":{"line":12,"column":19},"end":{"line":14,"column":1}},"2":{"start":{"line":16,"column":18},"end":{"line":21,"column":1}},"3":{"start":{"line":19,"column":31},"end":{"line":19,"column":42}},"4":{"start":{"line":30,"column":23},"end":{"line":35,"column":1}},"5":{"start":{"line":31,"column":2},"end":{"line":34,"column":14}}},"fnMap":{"0":{"name":"(anonymous_0)","decl":{"start":{"line":19,"column":22},"end":{"line":19,"column":23}},"loc":{"start":{"line":19,"column":31},"end":{"line":19,"column":42}},"line":19},"1":{"name":"(anonymous_1)","decl":{"start":{"line":30,"column":23},"end":{"line":30,"column":24}},"loc":{"start":{"line":31,"column":2},"end":{"line":34,"column":14}},"line":31}},"branchMap":{},"s":{"0":1,"1":1,"2":1,"3":2,"4":1,"5":2},"f":{"0":2,"1":2},"b":{},"_coverageSchema":"1a1c01bbd47fc00a2c39e90264f33305004495a9","hash":"b5dd2e0bd43a1018bc8aa38ec11dd07f5d0df183"}
,"/Users/sduball/Documents/school/spring2020/senior/website/frontend/components/decoration/WaveTransition.tsx": {"path":"/Users/sduball/Documents/school/spring2020/senior/website/frontend/components/decoration/WaveTransition.tsx","statementMap":{"0":{"start":{"line":3,"column":23},"end":{"line":7,"column":1}},"1":{"start":{"line":6,"column":36},"end":{"line":6,"column":45}}},"fnMap":{"0":{"name":"(anonymous_0)","decl":{"start":{"line":6,"column":27},"end":{"line":6,"column":28}},"loc":{"start":{"line":6,"column":36},"end":{"line":6,"column":45}},"line":6}},"branchMap":{},"s":{"0":1,"1":1},"f":{"0":1},"b":{},"_coverageSchema":"1a1c01bbd47fc00a2c39e90264f33305004495a9","hash":"1f9a939e2633496648c9167ad15ba17b01bd8f84"}
,"/Users/sduball/Documents/school/spring2020/senior/website/frontend/components/layout/MWC.tsx": {"path":"/Users/sduball/Documents/school/spring2020/senior/website/frontend/components/layout/MWC.tsx","statementMap":{"0":{"start":{"line":3,"column":12},"end":{"line":14,"column":1}},"1":{"start":{"line":11,"column":22},"end":{"line":11,"column":53}},"2":{"start":{"line":12,"column":25},"end":{"line":12,"column":52}},"3":{"start":{"line":13,"column":22},"end":{"line":13,"column":53}}},"fnMap":{"0":{"name":"(anonymous_0)","decl":{"start":{"line":11,"column":13},"end":{"line":11,"column":14}},"loc":{"start":{"line":11,"column":22},"end":{"line":11,"column":53}},"line":11},"1":{"name":"(anonymous_1)","decl":{"start":{"line":12,"column":16},"end":{"line":12,"column":17}},"loc":{"start":{"line":12,"column":25},"end":{"line":12,"column":52}},"line":12},"2":{"name":"(anonymous_2)","decl":{"start":{"line":13,"column":13},"end":{"line":13,"column":14}},"loc":{"start":{"line":13,"column":22},"end":{"line":13,"column":53}},"line":13}},"branchMap":{},"s":{"0":1,"1":1,"2":1,"3":1},"f":{"0":1,"1":1,"2":1},"b":{},"_coverageSchema":"1a1c01bbd47fc00a2c39e90264f33305004495a9","hash":"2301ea8a8c0b55d03fc7ad69036de9cfff90e4ef"}
,"/Users/sduball/Documents/school/spring2020/senior/website/frontend/components/li/BulletListItem.tsx": {"path":"/Users/sduball/Documents/school/spring2020/senior/website/frontend/components/li/BulletListItem.tsx","statementMap":{"0":{"start":{"line":5,"column":18},"end":{"line":11,"column":1}},"1":{"start":{"line":14,"column":15},"end":{"line":22,"column":1}},"2":{"start":{"line":17,"column":31},"end":{"line":17,"column":69}},"3":{"start":{"line":25,"column":16},"end":{"line":30,"column":1}},"4":{"start":{"line":28,"column":20},"end":{"line":28,"column":50}},"5":{"start":{"line":37,"column":23},"end":{"line":42,"column":1}},"6":{"start":{"line":38,"column":2},"end":{"line":41,"column":14}}},"fnMap":{"0":{"name":"(anonymous_0)","decl":{"start":{"line":17,"column":22},"end":{"line":17,"column":23}},"loc":{"start":{"line":17,"column":31},"end":{"line":17,"column":69}},"line":17},"1":{"name":"(anonymous_1)","decl":{"start":{"line":28,"column":11},"end":{"line":28,"column":12}},"loc":{"start":{"line":28,"column":20},"end":{"line":28,"column":50}},"line":28},"2":{"name":"(anonymous_2)","decl":{"start":{"line":37,"column":23},"end":{"line":37,"column":24}},"loc":{"start":{"line":38,"column":2},"end":{"line":41,"column":14}},"line":38}},"branchMap":{},"s":{"0":1,"1":1,"2":1,"3":1,"4":1,"5":1,"6":1},"f":{"0":1,"1":1,"2":1},"b":{},"_coverageSchema":"1a1c01bbd47fc00a2c39e90264f33305004495a9","hash":"53d7a9db599d0247694e9eafe2069536cffcb460"}
,"/Users/sduball/Documents/school/spring2020/senior/website/frontend/components/li/CircleNumberListItem.tsx": {"path":"/Users/sduball/Documents/school/spring2020/senior/website/frontend/components/li/CircleNumberListItem.tsx","statementMap":{"0":{"start":{"line":5,"column":18},"end":{"line":11,"column":1}},"1":{"start":{"line":14,"column":15},"end":{"line":22,"column":1}},"2":{"start":{"line":17,"column":31},"end":{"line":17,"column":69}},"3":{"start":{"line":23,"column":15},"end":{"line":28,"column":1}},"4":{"start":{"line":26,"column":20},"end":{"line":26,"column":50}},"5":{"start":{"line":31,"column":16},"end":{"line":36,"column":1}},"6":{"start":{"line":34,"column":20},"end":{"line":34,"column":50}},"7":{"start":{"line":46,"column":29},"end":{"line":53,"column":1}},"8":{"start":{"line":47,"column":2},"end":{"line":52,"column":14}}},"fnMap":{"0":{"name":"(anonymous_0)","decl":{"start":{"line":17,"column":22},"end":{"line":17,"column":23}},"loc":{"start":{"line":17,"column":31},"end":{"line":17,"column":69}},"line":17},"1":{"name":"(anonymous_1)","decl":{"start":{"line":26,"column":11},"end":{"line":26,"column":12}},"loc":{"start":{"line":26,"column":20},"end":{"line":26,"column":50}},"line":26},"2":{"name":"(anonymous_2)","decl":{"start":{"line":34,"column":11},"end":{"line":34,"column":12}},"loc":{"start":{"line":34,"column":20},"end":{"line":34,"column":50}},"line":34},"3":{"name":"(anonymous_3)","decl":{"start":{"line":46,"column":29},"end":{"line":46,"column":30}},"loc":{"start":{"line":47,"column":2},"end":{"line":52,"column":14}},"line":47}},"branchMap":{},"s":{"0":1,"1":1,"2":1,"3":1,"4":1,"5":1,"6":1,"7":1,"8":1},"f":{"0":1,"1":1,"2":1,"3":1},"b":{},"_coverageSchema":"1a1c01bbd47fc00a2c39e90264f33305004495a9","hash":"c3291672334bf1d4972d7974cf5ce9068e656a91"}
,"/Users/sduball/Documents/school/spring2020/senior/website/frontend/components/styled/lightTheme.tsx": {"path":"/Users/sduball/Documents/school/spring2020/senior/website/frontend/components/styled/lightTheme.tsx","statementMap":{"0":{"start":{"line":3,"column":33},"end":{"line":47,"column":1}}},"fnMap":{},"branchMap":{},"s":{"0":13},"f":{},"b":{},"_coverageSchema":"1a1c01bbd47fc00a2c39e90264f33305004495a9","hash":"6ca60fbd99a3d2974779f22344251cdc3ebc3d11"}
,"/Users/sduball/Documents/school/spring2020/senior/website/frontend/components/svg/brand/LymphedemaCenterLogo.tsx": {"path":"/Users/sduball/Documents/school/spring2020/senior/website/frontend/components/svg/brand/LymphedemaCenterLogo.tsx","statementMap":{"0":{"start":{"line":11,"column":29},"end":{"line":159,"column":1}},"1":{"start":{"line":12,"column":2},"end":{"line":158,"column":8}}},"fnMap":{"0":{"name":"(anonymous_0)","decl":{"start":{"line":11,"column":29},"end":{"line":11,"column":30}},"loc":{"start":{"line":12,"column":2},"end":{"line":158,"column":8}},"line":12}},"branchMap":{"0":{"loc":{"start":{"line":15,"column":6},"end":{"line":19,"column":14}},"type":"cond-expr","locations":[{"start":{"line":16,"column":10},"end":{"line":16,"column":21}},{"start":{"line":17,"column":10},"end":{"line":19,"column":14}}],"line":15},"1":{"loc":{"start":{"line":17,"column":10},"end":{"line":19,"column":14}},"type":"cond-expr","locations":[{"start":{"line":18,"column":10},"end":{"line":18,"column":54}},{"start":{"line":19,"column":10},"end":{"line":19,"column":14}}],"line":17},"2":{"loc":{"start":{"line":22,"column":6},"end":{"line":26,"column":14}},"type":"cond-expr","locations":[{"start":{"line":23,"column":10},"end":{"line":23,"column":22}},{"start":{"line":24,"column":10},"end":{"line":26,"column":14}}],"line":22},"3":{"loc":{"start":{"line":24,"column":10},"end":{"line":26,"column":14}},"type":"cond-expr","locations":[{"start":{"line":25,"column":10},"end":{"line":25,"column":53}},{"start":{"line":26,"column":10},"end":{"line":26,"column":14}}],"line":24}},"s":{"0":2,"1":4},"f":{"0":4},"b":{"0":[1,3],"1":[2,1],"2":[2,2],"3":[1,1]},"_coverageSchema":"1a1c01bbd47fc00a2c39e90264f33305004495a9","hash":"175f274aa87b8393089ceb05eb8d62d7e2911bcc"}
,"/Users/sduball/Documents/school/spring2020/senior/website/frontend/components/svg/brand/TheUofILogo.tsx": {"path":"/Users/sduball/Documents/school/spring2020/senior/website/frontend/components/svg/brand/TheUofILogo.tsx","statementMap":{"0":{"start":{"line":3,"column":19},"end":{"line":34,"column":1}},"1":{"start":{"line":4,"column":2},"end":{"line":33,"column":8}}},"fnMap":{"0":{"name":"(anonymous_0)","decl":{"start":{"line":3,"column":19},"end":{"line":3,"column":20}},"loc":{"start":{"line":4,"column":2},"end":{"line":33,"column":8}},"line":4}},"branchMap":{},"s":{"0":1,"1":1},"f":{"0":1},"b":{},"_coverageSchema":"1a1c01bbd47fc00a2c39e90264f33305004495a9","hash":"7a8967e9886e2dfea7b5bb46d8afdae9172d5383"}
,"/Users/sduball/Documents/school/spring2020/senior/website/frontend/components/svg/graphic/LymphaticSystem.tsx": {"path":"/Users/sduball/Documents/school/spring2020/senior/website/frontend/components/svg/graphic/LymphaticSystem.tsx","statementMap":{"0":{"start":{"line":11,"column":24},"end":{"line":1210,"column":1}},"1":{"start":{"line":12,"column":2},"end":{"line":1209,"column":8}}},"fnMap":{"0":{"name":"(anonymous_0)","decl":{"start":{"line":11,"column":24},"end":{"line":11,"column":25}},"loc":{"start":{"line":12,"column":2},"end":{"line":1209,"column":8}},"line":12}},"branchMap":{"0":{"loc":{"start":{"line":15,"column":6},"end":{"line":19,"column":14}},"type":"cond-expr","locations":[{"start":{"line":16,"column":10},"end":{"line":16,"column":21}},{"start":{"line":17,"column":10},"end":{"line":19,"column":14}}],"line":15},"1":{"loc":{"start":{"line":17,"column":10},"end":{"line":19,"column":14}},"type":"cond-expr","locations":[{"start":{"line":18,"column":10},"end":{"line":18,"column":53}},{"start":{"line":19,"column":10},"end":{"line":19,"column":14}}],"line":17},"2":{"loc":{"start":{"line":22,"column":6},"end":{"line":26,"column":14}},"type":"cond-expr","locations":[{"start":{"line":23,"column":10},"end":{"line":23,"column":22}},{"start":{"line":24,"column":10},"end":{"line":26,"column":14}}],"line":22},"3":{"loc":{"start":{"line":24,"column":10},"end":{"line":26,"column":14}},"type":"cond-expr","locations":[{"start":{"line":25,"column":10},"end":{"line":25,"column":52}},{"start":{"line":26,"column":10},"end":{"line":26,"column":14}}],"line":24}},"s":{"0":1,"1":3},"f":{"0":3},"b":{"0":[1,2],"1":[1,1],"2":[1,2],"3":[1,1]},"_coverageSchema":"1a1c01bbd47fc00a2c39e90264f33305004495a9","hash":"6e9ce17fef079ca8e36345a75efab51da2587f7a"}
,"/Users/sduball/Documents/school/spring2020/senior/website/frontend/components/svg/graphic/LymphedemaLeg.tsx": {"path":"/Users/sduball/Documents/school/spring2020/senior/website/frontend/components/svg/graphic/LymphedemaLeg.tsx","statementMap":{"0":{"start":{"line":11,"column":22},"end":{"line":62,"column":1}},"1":{"start":{"line":12,"column":2},"end":{"line":61,"column":8}}},"fnMap":{"0":{"name":"(anonymous_0)","decl":{"start":{"line":11,"column":22},"end":{"line":11,"column":23}},"loc":{"start":{"line":12,"column":2},"end":{"line":61,"column":8}},"line":12}},"branchMap":{"0":{"loc":{"start":{"line":15,"column":6},"end":{"line":19,"column":14}},"type":"cond-expr","locations":[{"start":{"line":16,"column":10},"end":{"line":16,"column":21}},{"start":{"line":17,"column":10},"end":{"line":19,"column":14}}],"line":15},"1":{"loc":{"start":{"line":17,"column":10},"end":{"line":19,"column":14}},"type":"cond-expr","locations":[{"start":{"line":18,"column":10},"end":{"line":18,"column":52}},{"start":{"line":19,"column":10},"end":{"line":19,"column":14}}],"line":17},"2":{"loc":{"start":{"line":22,"column":6},"end":{"line":26,"column":14}},"type":"cond-expr","locations":[{"start":{"line":23,"column":10},"end":{"line":23,"column":22}},{"start":{"line":24,"column":10},"end":{"line":26,"column":14}}],"line":22},"3":{"loc":{"start":{"line":24,"column":10},"end":{"line":26,"column":14}},"type":"cond-expr","locations":[{"start":{"line":25,"column":10},"end":{"line":25,"column":51}},{"start":{"line":26,"column":10},"end":{"line":26,"column":14}}],"line":24}},"s":{"0":1,"1":3},"f":{"0":3},"b":{"0":[1,2],"1":[1,1],"2":[1,2],"3":[1,1]},"_coverageSchema":"1a1c01bbd47fc00a2c39e90264f33305004495a9","hash":"d7944ad760027ed0173c99f7a73ea8249bab6a26"}
,"/Users/sduball/Documents/school/spring2020/senior/website/frontend/components/svg/icon/AvatarIcon.tsx": {"path":"/Users/sduball/Documents/school/spring2020/senior/website/frontend/components/svg/icon/AvatarIcon.tsx","statementMap":{"0":{"start":{"line":11,"column":19},"end":{"line":26,"column":1}},"1":{"start":{"line":12,"column":2},"end":{"line":25,"column":8}}},"fnMap":{"0":{"name":"(anonymous_0)","decl":{"start":{"line":11,"column":19},"end":{"line":11,"column":20}},"loc":{"start":{"line":12,"column":2},"end":{"line":25,"column":8}},"line":12}},"branchMap":{"0":{"loc":{"start":{"line":14,"column":10},"end":{"line":14,"column":47}},"type":"cond-expr","locations":[{"start":{"line":14,"column":24},"end":{"line":14,"column":35}},{"start":{"line":14,"column":38},"end":{"line":14,"column":47}}],"line":14}},"s":{"0":1,"1":2},"f":{"0":2},"b":{"0":[1,1]},"_coverageSchema":"1a1c01bbd47fc00a2c39e90264f33305004495a9","hash":"69611ae14ca60b7efaabd4d3bfeaef09820e2377"}
,"/Users/sduball/Documents/school/spring2020/senior/website/frontend/components/svg/icon/BoldIcon.tsx": {"path":"/Users/sduball/Documents/school/spring2020/senior/website/frontend/components/svg/icon/BoldIcon.tsx","statementMap":{"0":{"start":{"line":11,"column":17},"end":{"line":26,"column":1}},"1":{"start":{"line":12,"column":2},"end":{"line":25,"column":8}}},"fnMap":{"0":{"name":"(anonymous_0)","decl":{"start":{"line":11,"column":17},"end":{"line":11,"column":18}},"loc":{"start":{"line":12,"column":2},"end":{"line":25,"column":8}},"line":12}},"branchMap":{"0":{"loc":{"start":{"line":14,"column":10},"end":{"line":14,"column":47}},"type":"cond-expr","locations":[{"start":{"line":14,"column":24},"end":{"line":14,"column":35}},{"start":{"line":14,"column":38},"end":{"line":14,"column":47}}],"line":14}},"s":{"0":1,"1":2},"f":{"0":2},"b":{"0":[1,1]},"_coverageSchema":"1a1c01bbd47fc00a2c39e90264f33305004495a9","hash":"8d7c4af3ff72dc4ac00358607a4c3862d4909ce7"}
,"/Users/sduball/Documents/school/spring2020/senior/website/frontend/components/svg/icon/CenterAlignIcon.tsx": {"path":"/Users/sduball/Documents/school/spring2020/senior/website/frontend/components/svg/icon/CenterAlignIcon.tsx","statementMap":{"0":{"start":{"line":11,"column":24},"end":{"line":26,"column":1}},"1":{"start":{"line":12,"column":2},"end":{"line":25,"column":8}}},"fnMap":{"0":{"name":"(anonymous_0)","decl":{"start":{"line":11,"column":24},"end":{"line":11,"column":25}},"loc":{"start":{"line":12,"column":2},"end":{"line":25,"column":8}},"line":12}},"branchMap":{"0":{"loc":{"start":{"line":14,"column":10},"end":{"line":14,"column":47}},"type":"cond-expr","locations":[{"start":{"line":14,"column":24},"end":{"line":14,"column":35}},{"start":{"line":14,"column":38},"end":{"line":14,"column":47}}],"line":14}},"s":{"0":1,"1":2},"f":{"0":2},"b":{"0":[1,1]},"_coverageSchema":"1a1c01bbd47fc00a2c39e90264f33305004495a9","hash":"32cf408f91f0f59b1425652a4a39d032732fbad3"}
,"/Users/sduball/Documents/school/spring2020/senior/website/frontend/components/svg/icon/CheckIcon.tsx": {"path":"/Users/sduball/Documents/school/spring2020/senior/website/frontend/components/svg/icon/CheckIcon.tsx","statementMap":{"0":{"start":{"line":11,"column":18},"end":{"line":22,"column":1}},"1":{"start":{"line":12,"column":2},"end":{"line":21,"column":8}}},"fnMap":{"0":{"name":"(anonymous_0)","decl":{"start":{"line":11,"column":18},"end":{"line":11,"column":19}},"loc":{"start":{"line":12,"column":2},"end":{"line":21,"column":8}},"line":12}},"branchMap":{"0":{"loc":{"start":{"line":14,"column":10},"end":{"line":14,"column":47}},"type":"cond-expr","locations":[{"start":{"line":14,"column":24},"end":{"line":14,"column":35}},{"start":{"line":14,"column":38},"end":{"line":14,"column":47}}],"line":14}},"s":{"0":1,"1":2},"f":{"0":2},"b":{"0":[1,1]},"_coverageSchema":"1a1c01bbd47fc00a2c39e90264f33305004495a9","hash":"fa082b918a21a08b12682f2fcc90accc1a485928"}
,"/Users/sduball/Documents/school/spring2020/senior/website/frontend/components/svg/icon/CloseIcon.tsx": {"path":"/Users/sduball/Documents/school/spring2020/senior/website/frontend/components/svg/icon/CloseIcon.tsx","statementMap":{"0":{"start":{"line":11,"column":18},"end":{"line":22,"column":1}},"1":{"start":{"line":12,"column":2},"end":{"line":21,"column":8}}},"fnMap":{"0":{"name":"(anonymous_0)","decl":{"start":{"line":11,"column":18},"end":{"line":11,"column":19}},"loc":{"start":{"line":12,"column":2},"end":{"line":21,"column":8}},"line":12}},"branchMap":{"0":{"loc":{"start":{"line":14,"column":10},"end":{"line":14,"column":47}},"type":"cond-expr","locations":[{"start":{"line":14,"column":24},"end":{"line":14,"column":35}},{"start":{"line":14,"column":38},"end":{"line":14,"column":47}}],"line":14}},"s":{"0":1,"1":2},"f":{"0":2},"b":{"0":[1,1]},"_coverageSchema":"1a1c01bbd47fc00a2c39e90264f33305004495a9","hash":"bbc719b404b2901ebc62c8669084a614e0871899"}
,"/Users/sduball/Documents/school/spring2020/senior/website/frontend/components/svg/icon/CodeIcon.tsx": {"path":"/Users/sduball/Documents/school/spring2020/senior/website/frontend/components/svg/icon/CodeIcon.tsx","statementMap":{"0":{"start":{"line":11,"column":17},"end":{"line":26,"column":1}},"1":{"start":{"line":12,"column":2},"end":{"line":25,"column":8}}},"fnMap":{"0":{"name":"(anonymous_0)","decl":{"start":{"line":11,"column":17},"end":{"line":11,"column":18}},"loc":{"start":{"line":12,"column":2},"end":{"line":25,"column":8}},"line":12}},"branchMap":{"0":{"loc":{"start":{"line":14,"column":10},"end":{"line":14,"column":47}},"type":"cond-expr","locations":[{"start":{"line":14,"column":24},"end":{"line":14,"column":35}},{"start":{"line":14,"column":38},"end":{"line":14,"column":47}}],"line":14}},"s":{"0":1,"1":2},"f":{"0":2},"b":{"0":[1,1]},"_coverageSchema":"1a1c01bbd47fc00a2c39e90264f33305004495a9","hash":"d5be2bbcad859557fda575a465334c83227ddfa3"}
,"/Users/sduball/Documents/school/spring2020/senior/website/frontend/components/svg/icon/CommentCheckIcon.tsx": {"path":"/Users/sduball/Documents/school/spring2020/senior/website/frontend/components/svg/icon/CommentCheckIcon.tsx","statementMap":{"0":{"start":{"line":11,"column":25},"end":{"line":27,"column":1}},"1":{"start":{"line":12,"column":2},"end":{"line":26,"column":8}}},"fnMap":{"0":{"name":"(anonymous_0)","decl":{"start":{"line":11,"column":25},"end":{"line":11,"column":26}},"loc":{"start":{"line":12,"column":2},"end":{"line":26,"column":8}},"line":12}},"branchMap":{"0":{"loc":{"start":{"line":14,"column":10},"end":{"line":14,"column":47}},"type":"cond-expr","locations":[{"start":{"line":14,"column":24},"end":{"line":14,"column":35}},{"start":{"line":14,"column":38},"end":{"line":14,"column":47}}],"line":14}},"s":{"0":1,"1":2},"f":{"0":2},"b":{"0":[1,1]},"_coverageSchema":"1a1c01bbd47fc00a2c39e90264f33305004495a9","hash":"63348edca920442661abd072bb532b8c9c47afcf"}
,"/Users/sduball/Documents/school/spring2020/senior/website/frontend/components/svg/icon/CommentIcon.tsx": {"path":"/Users/sduball/Documents/school/spring2020/senior/website/frontend/components/svg/icon/CommentIcon.tsx","statementMap":{"0":{"start":{"line":11,"column":19},"end":{"line":26,"column":1}},"1":{"start":{"line":12,"column":2},"end":{"line":25,"column":8}}},"fnMap":{"0":{"name":"(anonymous_0)","decl":{"start":{"line":11,"column":19},"end":{"line":11,"column":20}},"loc":{"start":{"line":12,"column":2},"end":{"line":25,"column":8}},"line":12}},"branchMap":{"0":{"loc":{"start":{"line":14,"column":10},"end":{"line":14,"column":47}},"type":"cond-expr","locations":[{"start":{"line":14,"column":24},"end":{"line":14,"column":35}},{"start":{"line":14,"column":38},"end":{"line":14,"column":47}}],"line":14}},"s":{"0":1,"1":2},"f":{"0":2},"b":{"0":[1,1]},"_coverageSchema":"1a1c01bbd47fc00a2c39e90264f33305004495a9","hash":"0d6623bee46a4d0df9098f55ee1ee5faa502a751"}
,"/Users/sduball/Documents/school/spring2020/senior/website/frontend/components/svg/icon/DeltaIcon.tsx": {"path":"/Users/sduball/Documents/school/spring2020/senior/website/frontend/components/svg/icon/DeltaIcon.tsx","statementMap":{"0":{"start":{"line":11,"column":18},"end":{"line":26,"column":1}},"1":{"start":{"line":12,"column":2},"end":{"line":25,"column":8}}},"fnMap":{"0":{"name":"(anonymous_0)","decl":{"start":{"line":11,"column":18},"end":{"line":11,"column":19}},"loc":{"start":{"line":12,"column":2},"end":{"line":25,"column":8}},"line":12}},"branchMap":{"0":{"loc":{"start":{"line":14,"column":10},"end":{"line":14,"column":47}},"type":"cond-expr","locations":[{"start":{"line":14,"column":24},"end":{"line":14,"column":35}},{"start":{"line":14,"column":38},"end":{"line":14,"column":47}}],"line":14}},"s":{"0":1,"1":2},"f":{"0":2},"b":{"0":[1,1]},"_coverageSchema":"1a1c01bbd47fc00a2c39e90264f33305004495a9","hash":"1e308bb9f6c0c259670e17abe610031e1dcfc2ad"}
,"/Users/sduball/Documents/school/spring2020/senior/website/frontend/components/svg/icon/DialogIcon.tsx": {"path":"/Users/sduball/Documents/school/spring2020/senior/website/frontend/components/svg/icon/DialogIcon.tsx","statementMap":{"0":{"start":{"line":11,"column":19},"end":{"line":36,"column":1}},"1":{"start":{"line":12,"column":2},"end":{"line":35,"column":8}}},"fnMap":{"0":{"name":"(anonymous_0)","decl":{"start":{"line":11,"column":19},"end":{"line":11,"column":20}},"loc":{"start":{"line":12,"column":2},"end":{"line":35,"column":8}},"line":12}},"branchMap":{"0":{"loc":{"start":{"line":14,"column":10},"end":{"line":14,"column":47}},"type":"cond-expr","locations":[{"start":{"line":14,"column":24},"end":{"line":14,"column":35}},{"start":{"line":14,"column":38},"end":{"line":14,"column":47}}],"line":14}},"s":{"0":1,"1":2},"f":{"0":2},"b":{"0":[1,1]},"_coverageSchema":"1a1c01bbd47fc00a2c39e90264f33305004495a9","hash":"b7f62414a0f8de038730e7caf921fc4578db2b07"}
,"/Users/sduball/Documents/school/spring2020/senior/website/frontend/components/svg/icon/EditIcon.tsx": {"path":"/Users/sduball/Documents/school/spring2020/senior/website/frontend/components/svg/icon/EditIcon.tsx","statementMap":{"0":{"start":{"line":11,"column":19},"end":{"line":26,"column":1}},"1":{"start":{"line":12,"column":2},"end":{"line":25,"column":8}}},"fnMap":{"0":{"name":"(anonymous_0)","decl":{"start":{"line":11,"column":19},"end":{"line":11,"column":20}},"loc":{"start":{"line":12,"column":2},"end":{"line":25,"column":8}},"line":12}},"branchMap":{"0":{"loc":{"start":{"line":14,"column":10},"end":{"line":14,"column":47}},"type":"cond-expr","locations":[{"start":{"line":14,"column":24},"end":{"line":14,"column":35}},{"start":{"line":14,"column":38},"end":{"line":14,"column":47}}],"line":14}},"s":{"0":1,"1":2},"f":{"0":2},"b":{"0":[1,1]},"_coverageSchema":"1a1c01bbd47fc00a2c39e90264f33305004495a9","hash":"9c16b4e2ed4fe88001bece981bf652d5c03763b5"}
,"/Users/sduball/Documents/school/spring2020/senior/website/frontend/components/svg/icon/EllipsisIcon.tsx": {"path":"/Users/sduball/Documents/school/spring2020/senior/website/frontend/components/svg/icon/EllipsisIcon.tsx","statementMap":{"0":{"start":{"line":11,"column":21},"end":{"line":26,"column":1}},"1":{"start":{"line":12,"column":2},"end":{"line":25,"column":8}}},"fnMap":{"0":{"name":"(anonymous_0)","decl":{"start":{"line":11,"column":21},"end":{"line":11,"column":22}},"loc":{"start":{"line":12,"column":2},"end":{"line":25,"column":8}},"line":12}},"branchMap":{"0":{"loc":{"start":{"line":14,"column":10},"end":{"line":14,"column":47}},"type":"cond-expr","locations":[{"start":{"line":14,"column":24},"end":{"line":14,"column":35}},{"start":{"line":14,"column":38},"end":{"line":14,"column":47}}],"line":14}},"s":{"0":1,"1":2},"f":{"0":2},"b":{"0":[1,1]},"_coverageSchema":"1a1c01bbd47fc00a2c39e90264f33305004495a9","hash":"002cc3f7862def81d1250ce6934246711ab152dd"}
,"/Users/sduball/Documents/school/spring2020/senior/website/frontend/components/svg/icon/EmailCardIcon.tsx": {"path":"/Users/sduball/Documents/school/spring2020/senior/website/frontend/components/svg/icon/EmailCardIcon.tsx","statementMap":{"0":{"start":{"line":11,"column":22},"end":{"line":26,"column":1}},"1":{"start":{"line":12,"column":2},"end":{"line":25,"column":8}}},"fnMap":{"0":{"name":"(anonymous_0)","decl":{"start":{"line":11,"column":22},"end":{"line":11,"column":23}},"loc":{"start":{"line":12,"column":2},"end":{"line":25,"column":8}},"line":12}},"branchMap":{"0":{"loc":{"start":{"line":14,"column":10},"end":{"line":14,"column":47}},"type":"cond-expr","locations":[{"start":{"line":14,"column":24},"end":{"line":14,"column":35}},{"start":{"line":14,"column":38},"end":{"line":14,"column":47}}],"line":14}},"s":{"0":1,"1":2},"f":{"0":2},"b":{"0":[1,1]},"_coverageSchema":"1a1c01bbd47fc00a2c39e90264f33305004495a9","hash":"5af2ee2a74446cd0510e9f96bfaca48ddc56ddd8"}
,"/Users/sduball/Documents/school/spring2020/senior/website/frontend/components/svg/icon/EmailIcon.tsx": {"path":"/Users/sduball/Documents/school/spring2020/senior/website/frontend/components/svg/icon/EmailIcon.tsx","statementMap":{"0":{"start":{"line":11,"column":18},"end":{"line":26,"column":1}},"1":{"start":{"line":12,"column":2},"end":{"line":25,"column":8}}},"fnMap":{"0":{"name":"(anonymous_0)","decl":{"start":{"line":11,"column":18},"end":{"line":11,"column":19}},"loc":{"start":{"line":12,"column":2},"end":{"line":25,"column":8}},"line":12}},"branchMap":{"0":{"loc":{"start":{"line":14,"column":10},"end":{"line":14,"column":47}},"type":"cond-expr","locations":[{"start":{"line":14,"column":24},"end":{"line":14,"column":35}},{"start":{"line":14,"column":38},"end":{"line":14,"column":47}}],"line":14}},"s":{"0":1,"1":2},"f":{"0":2},"b":{"0":[1,1]},"_coverageSchema":"1a1c01bbd47fc00a2c39e90264f33305004495a9","hash":"0313640973a1377ebceaa4fce758d2cd5bf81faa"}
,"/Users/sduball/Documents/school/spring2020/senior/website/frontend/components/svg/icon/ErrorIcon.tsx": {"path":"/Users/sduball/Documents/school/spring2020/senior/website/frontend/components/svg/icon/ErrorIcon.tsx","statementMap":{"0":{"start":{"line":11,"column":18},"end":{"line":26,"column":1}},"1":{"start":{"line":12,"column":2},"end":{"line":25,"column":8}}},"fnMap":{"0":{"name":"(anonymous_0)","decl":{"start":{"line":11,"column":18},"end":{"line":11,"column":19}},"loc":{"start":{"line":12,"column":2},"end":{"line":25,"column":8}},"line":12}},"branchMap":{"0":{"loc":{"start":{"line":14,"column":10},"end":{"line":14,"column":47}},"type":"cond-expr","locations":[{"start":{"line":14,"column":24},"end":{"line":14,"column":35}},{"start":{"line":14,"column":38},"end":{"line":14,"column":47}}],"line":14}},"s":{"0":1,"1":2},"f":{"0":2},"b":{"0":[1,1]},"_coverageSchema":"1a1c01bbd47fc00a2c39e90264f33305004495a9","hash":"9a70429e50d5adf7f50b0dacf625ad7198c7d6b0"}
,"/Users/sduball/Documents/school/spring2020/senior/website/frontend/components/svg/icon/FingerprintIcon.tsx": {"path":"/Users/sduball/Documents/school/spring2020/senior/website/frontend/components/svg/icon/FingerprintIcon.tsx","statementMap":{"0":{"start":{"line":11,"column":24},"end":{"line":26,"column":1}},"1":{"start":{"line":12,"column":2},"end":{"line":25,"column":8}}},"fnMap":{"0":{"name":"(anonymous_0)","decl":{"start":{"line":11,"column":24},"end":{"line":11,"column":25}},"loc":{"start":{"line":12,"column":2},"end":{"line":25,"column":8}},"line":12}},"branchMap":{"0":{"loc":{"start":{"line":14,"column":10},"end":{"line":14,"column":47}},"type":"cond-expr","locations":[{"start":{"line":14,"column":24},"end":{"line":14,"column":35}},{"start":{"line":14,"column":38},"end":{"line":14,"column":47}}],"line":14}},"s":{"0":1,"1":2},"f":{"0":2},"b":{"0":[1,1]},"_coverageSchema":"1a1c01bbd47fc00a2c39e90264f33305004495a9","hash":"0bf3a769e0086547c7e686e798aa6edbeeee53e4"}
,"/Users/sduball/Documents/school/spring2020/senior/website/frontend/components/svg/icon/FirstNameIcon.tsx": {"path":"/Users/sduball/Documents/school/spring2020/senior/website/frontend/components/svg/icon/FirstNameIcon.tsx","statementMap":{"0":{"start":{"line":11,"column":22},"end":{"line":23,"column":1}},"1":{"start":{"line":12,"column":2},"end":{"line":22,"column":8}}},"fnMap":{"0":{"name":"(anonymous_0)","decl":{"start":{"line":11,"column":22},"end":{"line":11,"column":23}},"loc":{"start":{"line":12,"column":2},"end":{"line":22,"column":8}},"line":12}},"branchMap":{"0":{"loc":{"start":{"line":14,"column":10},"end":{"line":14,"column":47}},"type":"cond-expr","locations":[{"start":{"line":14,"column":24},"end":{"line":14,"column":35}},{"start":{"line":14,"column":38},"end":{"line":14,"column":47}}],"line":14}},"s":{"0":1,"1":2},"f":{"0":2},"b":{"0":[1,1]},"_coverageSchema":"1a1c01bbd47fc00a2c39e90264f33305004495a9","hash":"cb7686a6f767a6549c6a1e83febf2d0d7024d345"}
,"/Users/sduball/Documents/school/spring2020/senior/website/frontend/components/svg/icon/ForumPostIcon.tsx": {"path":"/Users/sduball/Documents/school/spring2020/senior/website/frontend/components/svg/icon/ForumPostIcon.tsx","statementMap":{"0":{"start":{"line":11,"column":22},"end":{"line":26,"column":1}},"1":{"start":{"line":12,"column":2},"end":{"line":25,"column":8}}},"fnMap":{"0":{"name":"(anonymous_0)","decl":{"start":{"line":11,"column":22},"end":{"line":11,"column":23}},"loc":{"start":{"line":12,"column":2},"end":{"line":25,"column":8}},"line":12}},"branchMap":{"0":{"loc":{"start":{"line":14,"column":10},"end":{"line":14,"column":47}},"type":"cond-expr","locations":[{"start":{"line":14,"column":24},"end":{"line":14,"column":35}},{"start":{"line":14,"column":38},"end":{"line":14,"column":47}}],"line":14}},"s":{"0":1,"1":2},"f":{"0":2},"b":{"0":[1,1]},"_coverageSchema":"1a1c01bbd47fc00a2c39e90264f33305004495a9","hash":"0b8a2da646c45aef348bdc167a152e1316d9927d"}
,"/Users/sduball/Documents/school/spring2020/senior/website/frontend/components/svg/icon/HamburgerIcon.tsx": {"path":"/Users/sduball/Documents/school/spring2020/senior/website/frontend/components/svg/icon/HamburgerIcon.tsx","statementMap":{"0":{"start":{"line":11,"column":22},"end":{"line":26,"column":1}},"1":{"start":{"line":12,"column":2},"end":{"line":25,"column":8}}},"fnMap":{"0":{"name":"(anonymous_0)","decl":{"start":{"line":11,"column":22},"end":{"line":11,"column":23}},"loc":{"start":{"line":12,"column":2},"end":{"line":25,"column":8}},"line":12}},"branchMap":{"0":{"loc":{"start":{"line":14,"column":10},"end":{"line":14,"column":47}},"type":"cond-expr","locations":[{"start":{"line":14,"column":24},"end":{"line":14,"column":35}},{"start":{"line":14,"column":38},"end":{"line":14,"column":47}}],"line":14}},"s":{"0":3,"1":5},"f":{"0":5},"b":{"0":[1,4]},"_coverageSchema":"1a1c01bbd47fc00a2c39e90264f33305004495a9","hash":"f2ab9c950c787f78d321aa7ca500143e4ddf3e14"}
,"/Users/sduball/Documents/school/spring2020/senior/website/frontend/components/svg/icon/Header1Icon.tsx": {"path":"/Users/sduball/Documents/school/spring2020/senior/website/frontend/components/svg/icon/Header1Icon.tsx","statementMap":{"0":{"start":{"line":11,"column":20},"end":{"line":26,"column":1}},"1":{"start":{"line":12,"column":2},"end":{"line":25,"column":8}}},"fnMap":{"0":{"name":"(anonymous_0)","decl":{"start":{"line":11,"column":20},"end":{"line":11,"column":21}},"loc":{"start":{"line":12,"column":2},"end":{"line":25,"column":8}},"line":12}},"branchMap":{"0":{"loc":{"start":{"line":14,"column":10},"end":{"line":14,"column":47}},"type":"cond-expr","locations":[{"start":{"line":14,"column":24},"end":{"line":14,"column":35}},{"start":{"line":14,"column":38},"end":{"line":14,"column":47}}],"line":14}},"s":{"0":1,"1":2},"f":{"0":2},"b":{"0":[1,1]},"_coverageSchema":"1a1c01bbd47fc00a2c39e90264f33305004495a9","hash":"5ae3a82b43d93a49cf5c3f129b0d9758634ab257"}
,"/Users/sduball/Documents/school/spring2020/senior/website/frontend/components/svg/icon/Header2Icon.tsx": {"path":"/Users/sduball/Documents/school/spring2020/senior/website/frontend/components/svg/icon/Header2Icon.tsx","statementMap":{"0":{"start":{"line":11,"column":20},"end":{"line":26,"column":1}},"1":{"start":{"line":12,"column":2},"end":{"line":25,"column":8}}},"fnMap":{"0":{"name":"(anonymous_0)","decl":{"start":{"line":11,"column":20},"end":{"line":11,"column":21}},"loc":{"start":{"line":12,"column":2},"end":{"line":25,"column":8}},"line":12}},"branchMap":{"0":{"loc":{"start":{"line":14,"column":10},"end":{"line":14,"column":47}},"type":"cond-expr","locations":[{"start":{"line":14,"column":24},"end":{"line":14,"column":35}},{"start":{"line":14,"column":38},"end":{"line":14,"column":47}}],"line":14}},"s":{"0":1,"1":2},"f":{"0":2},"b":{"0":[1,1]},"_coverageSchema":"1a1c01bbd47fc00a2c39e90264f33305004495a9","hash":"dfce351da9e63afa5adff605cdeea17dbcebb548"}
,"/Users/sduball/Documents/school/spring2020/senior/website/frontend/components/svg/icon/ImageIcon.tsx": {"path":"/Users/sduball/Documents/school/spring2020/senior/website/frontend/components/svg/icon/ImageIcon.tsx","statementMap":{"0":{"start":{"line":11,"column":18},"end":{"line":26,"column":1}},"1":{"start":{"line":12,"column":2},"end":{"line":25,"column":8}}},"fnMap":{"0":{"name":"(anonymous_0)","decl":{"start":{"line":11,"column":18},"end":{"line":11,"column":19}},"loc":{"start":{"line":12,"column":2},"end":{"line":25,"column":8}},"line":12}},"branchMap":{"0":{"loc":{"start":{"line":14,"column":10},"end":{"line":14,"column":47}},"type":"cond-expr","locations":[{"start":{"line":14,"column":24},"end":{"line":14,"column":35}},{"start":{"line":14,"column":38},"end":{"line":14,"column":47}}],"line":14}},"s":{"0":1,"1":2},"f":{"0":2},"b":{"0":[1,1]},"_coverageSchema":"1a1c01bbd47fc00a2c39e90264f33305004495a9","hash":"e5b1d275aa9acd12491c885c2bcc4856c39fc723"}
,"/Users/sduball/Documents/school/spring2020/senior/website/frontend/components/svg/icon/InfoIcon.tsx": {"path":"/Users/sduball/Documents/school/spring2020/senior/website/frontend/components/svg/icon/InfoIcon.tsx","statementMap":{"0":{"start":{"line":11,"column":17},"end":{"line":26,"column":1}},"1":{"start":{"line":12,"column":2},"end":{"line":25,"column":8}}},"fnMap":{"0":{"name":"(anonymous_0)","decl":{"start":{"line":11,"column":17},"end":{"line":11,"column":18}},"loc":{"start":{"line":12,"column":2},"end":{"line":25,"column":8}},"line":12}},"branchMap":{"0":{"loc":{"start":{"line":14,"column":10},"end":{"line":14,"column":47}},"type":"cond-expr","locations":[{"start":{"line":14,"column":24},"end":{"line":14,"column":35}},{"start":{"line":14,"column":38},"end":{"line":14,"column":47}}],"line":14}},"s":{"0":1,"1":2},"f":{"0":2},"b":{"0":[1,1]},"_coverageSchema":"1a1c01bbd47fc00a2c39e90264f33305004495a9","hash":"b63950abc7f06527eeab46b83322a72e99424214"}
,"/Users/sduball/Documents/school/spring2020/senior/website/frontend/components/svg/icon/ItalicIcon.tsx": {"path":"/Users/sduball/Documents/school/spring2020/senior/website/frontend/components/svg/icon/ItalicIcon.tsx","statementMap":{"0":{"start":{"line":11,"column":19},"end":{"line":22,"column":1}},"1":{"start":{"line":12,"column":2},"end":{"line":21,"column":8}}},"fnMap":{"0":{"name":"(anonymous_0)","decl":{"start":{"line":11,"column":19},"end":{"line":11,"column":20}},"loc":{"start":{"line":12,"column":2},"end":{"line":21,"column":8}},"line":12}},"branchMap":{"0":{"loc":{"start":{"line":14,"column":10},"end":{"line":14,"column":47}},"type":"cond-expr","locations":[{"start":{"line":14,"column":24},"end":{"line":14,"column":35}},{"start":{"line":14,"column":38},"end":{"line":14,"column":47}}],"line":14}},"s":{"0":1,"1":2},"f":{"0":2},"b":{"0":[1,1]},"_coverageSchema":"1a1c01bbd47fc00a2c39e90264f33305004495a9","hash":"8c94c0c7afa8c8e35814fb596985ed9708dbaa6a"}
,"/Users/sduball/Documents/school/spring2020/senior/website/frontend/components/svg/icon/LastNameIcon.tsx": {"path":"/Users/sduball/Documents/school/spring2020/senior/website/frontend/components/svg/icon/LastNameIcon.tsx","statementMap":{"0":{"start":{"line":11,"column":21},"end":{"line":26,"column":1}},"1":{"start":{"line":12,"column":2},"end":{"line":25,"column":8}}},"fnMap":{"0":{"name":"(anonymous_0)","decl":{"start":{"line":11,"column":21},"end":{"line":11,"column":22}},"loc":{"start":{"line":12,"column":2},"end":{"line":25,"column":8}},"line":12}},"branchMap":{"0":{"loc":{"start":{"line":14,"column":10},"end":{"line":14,"column":47}},"type":"cond-expr","locations":[{"start":{"line":14,"column":24},"end":{"line":14,"column":35}},{"start":{"line":14,"column":38},"end":{"line":14,"column":47}}],"line":14}},"s":{"0":1,"1":2},"f":{"0":2},"b":{"0":[1,1]},"_coverageSchema":"1a1c01bbd47fc00a2c39e90264f33305004495a9","hash":"8aaaf0ca16045c9cdbec341a3b525e0cccb8e990"}
,"/Users/sduball/Documents/school/spring2020/senior/website/frontend/components/svg/icon/LightbulbIcon.tsx": {"path":"/Users/sduball/Documents/school/spring2020/senior/website/frontend/components/svg/icon/LightbulbIcon.tsx","statementMap":{"0":{"start":{"line":11,"column":19},"end":{"line":66,"column":1}},"1":{"start":{"line":12,"column":2},"end":{"line":65,"column":8}}},"fnMap":{"0":{"name":"(anonymous_0)","decl":{"start":{"line":11,"column":19},"end":{"line":11,"column":20}},"loc":{"start":{"line":12,"column":2},"end":{"line":65,"column":8}},"line":12}},"branchMap":{"0":{"loc":{"start":{"line":14,"column":10},"end":{"line":14,"column":47}},"type":"cond-expr","locations":[{"start":{"line":14,"column":24},"end":{"line":14,"column":35}},{"start":{"line":14,"column":38},"end":{"line":14,"column":47}}],"line":14}},"s":{"0":4,"1":6},"f":{"0":6},"b":{"0":[1,5]},"_coverageSchema":"1a1c01bbd47fc00a2c39e90264f33305004495a9","hash":"a6ccf03bd28e575f63ce9450e92bfc1e39a52f86"}
,"/Users/sduball/Documents/school/spring2020/senior/website/frontend/components/svg/icon/LogPostIcon.tsx": {"path":"/Users/sduball/Documents/school/spring2020/senior/website/frontend/components/svg/icon/LogPostIcon.tsx","statementMap":{"0":{"start":{"line":11,"column":20},"end":{"line":26,"column":1}},"1":{"start":{"line":12,"column":2},"end":{"line":25,"column":8}}},"fnMap":{"0":{"name":"(anonymous_0)","decl":{"start":{"line":11,"column":20},"end":{"line":11,"column":21}},"loc":{"start":{"line":12,"column":2},"end":{"line":25,"column":8}},"line":12}},"branchMap":{"0":{"loc":{"start":{"line":14,"column":10},"end":{"line":14,"column":47}},"type":"cond-expr","locations":[{"start":{"line":14,"column":24},"end":{"line":14,"column":35}},{"start":{"line":14,"column":38},"end":{"line":14,"column":47}}],"line":14}},"s":{"0":1,"1":2},"f":{"0":2},"b":{"0":[1,1]},"_coverageSchema":"1a1c01bbd47fc00a2c39e90264f33305004495a9","hash":"5b176d97caef53ddf2dea0aad17864b5b33f6bf1"}
,"/Users/sduball/Documents/school/spring2020/senior/website/frontend/components/svg/icon/NameCardIcon.tsx": {"path":"/Users/sduball/Documents/school/spring2020/senior/website/frontend/components/svg/icon/NameCardIcon.tsx","statementMap":{"0":{"start":{"line":11,"column":21},"end":{"line":26,"column":1}},"1":{"start":{"line":12,"column":2},"end":{"line":25,"column":8}}},"fnMap":{"0":{"name":"(anonymous_0)","decl":{"start":{"line":11,"column":21},"end":{"line":11,"column":22}},"loc":{"start":{"line":12,"column":2},"end":{"line":25,"column":8}},"line":12}},"branchMap":{"0":{"loc":{"start":{"line":14,"column":10},"end":{"line":14,"column":47}},"type":"cond-expr","locations":[{"start":{"line":14,"column":24},"end":{"line":14,"column":35}},{"start":{"line":14,"column":38},"end":{"line":14,"column":47}}],"line":14}},"s":{"0":1,"1":2},"f":{"0":2},"b":{"0":[1,1]},"_coverageSchema":"1a1c01bbd47fc00a2c39e90264f33305004495a9","hash":"4d74c95ee7aaa8f26c39e3597f3c82c3d591fde8"}
,"/Users/sduball/Documents/school/spring2020/senior/website/frontend/components/svg/icon/NextIcon.tsx": {"path":"/Users/sduball/Documents/school/spring2020/senior/website/frontend/components/svg/icon/NextIcon.tsx","statementMap":{"0":{"start":{"line":11,"column":17},"end":{"line":22,"column":1}},"1":{"start":{"line":12,"column":2},"end":{"line":21,"column":8}}},"fnMap":{"0":{"name":"(anonymous_0)","decl":{"start":{"line":11,"column":17},"end":{"line":11,"column":18}},"loc":{"start":{"line":12,"column":2},"end":{"line":21,"column":8}},"line":12}},"branchMap":{"0":{"loc":{"start":{"line":14,"column":10},"end":{"line":14,"column":47}},"type":"cond-expr","locations":[{"start":{"line":14,"column":24},"end":{"line":14,"column":35}},{"start":{"line":14,"column":38},"end":{"line":14,"column":47}}],"line":14}},"s":{"0":1,"1":2},"f":{"0":2},"b":{"0":[1,1]},"_coverageSchema":"1a1c01bbd47fc00a2c39e90264f33305004495a9","hash":"f7689a4e330c79edc02d7eb4db5f089fd9f18b08"}
,"/Users/sduball/Documents/school/spring2020/senior/website/frontend/components/svg/icon/NotebookIcon.tsx": {"path":"/Users/sduball/Documents/school/spring2020/senior/website/frontend/components/svg/icon/NotebookIcon.tsx","statementMap":{"0":{"start":{"line":11,"column":21},"end":{"line":31,"column":1}},"1":{"start":{"line":12,"column":2},"end":{"line":30,"column":8}}},"fnMap":{"0":{"name":"(anonymous_0)","decl":{"start":{"line":11,"column":21},"end":{"line":11,"column":22}},"loc":{"start":{"line":12,"column":2},"end":{"line":30,"column":8}},"line":12}},"branchMap":{"0":{"loc":{"start":{"line":14,"column":10},"end":{"line":14,"column":47}},"type":"cond-expr","locations":[{"start":{"line":14,"column":24},"end":{"line":14,"column":35}},{"start":{"line":14,"column":38},"end":{"line":14,"column":47}}],"line":14}},"s":{"0":1,"1":2},"f":{"0":2},"b":{"0":[1,1]},"_coverageSchema":"1a1c01bbd47fc00a2c39e90264f33305004495a9","hash":"c5859d2a68bf7fd1087ffe3e64d18b8e34cdb960"}
,"/Users/sduball/Documents/school/spring2020/senior/website/frontend/components/svg/icon/PasswordCardIcon.tsx": {"path":"/Users/sduball/Documents/school/spring2020/senior/website/frontend/components/svg/icon/PasswordCardIcon.tsx","statementMap":{"0":{"start":{"line":11,"column":25},"end":{"line":26,"column":1}},"1":{"start":{"line":12,"column":2},"end":{"line":25,"column":8}}},"fnMap":{"0":{"name":"(anonymous_0)","decl":{"start":{"line":11,"column":25},"end":{"line":11,"column":26}},"loc":{"start":{"line":12,"column":2},"end":{"line":25,"column":8}},"line":12}},"branchMap":{"0":{"loc":{"start":{"line":14,"column":10},"end":{"line":14,"column":47}},"type":"cond-expr","locations":[{"start":{"line":14,"column":24},"end":{"line":14,"column":35}},{"start":{"line":14,"column":38},"end":{"line":14,"column":47}}],"line":14}},"s":{"0":1,"1":2},"f":{"0":2},"b":{"0":[1,1]},"_coverageSchema":"1a1c01bbd47fc00a2c39e90264f33305004495a9","hash":"c9394966dde629a6330b24e4494e266477daa8ec"}
,"/Users/sduball/Documents/school/spring2020/senior/website/frontend/components/svg/icon/PreviousIcon.tsx": {"path":"/Users/sduball/Documents/school/spring2020/senior/website/frontend/components/svg/icon/PreviousIcon.tsx","statementMap":{"0":{"start":{"line":11,"column":21},"end":{"line":22,"column":1}},"1":{"start":{"line":12,"column":2},"end":{"line":21,"column":8}}},"fnMap":{"0":{"name":"(anonymous_0)","decl":{"start":{"line":11,"column":21},"end":{"line":11,"column":22}},"loc":{"start":{"line":12,"column":2},"end":{"line":21,"column":8}},"line":12}},"branchMap":{"0":{"loc":{"start":{"line":14,"column":10},"end":{"line":14,"column":47}},"type":"cond-expr","locations":[{"start":{"line":14,"column":24},"end":{"line":14,"column":35}},{"start":{"line":14,"column":38},"end":{"line":14,"column":47}}],"line":14}},"s":{"0":1,"1":2},"f":{"0":2},"b":{"0":[1,1]},"_coverageSchema":"1a1c01bbd47fc00a2c39e90264f33305004495a9","hash":"f22d76629944c673decef0a06142be7e2d911739"}
,"/Users/sduball/Documents/school/spring2020/senior/website/frontend/components/svg/icon/ResetIcon.tsx": {"path":"/Users/sduball/Documents/school/spring2020/senior/website/frontend/components/svg/icon/ResetIcon.tsx","statementMap":{"0":{"start":{"line":11,"column":18},"end":{"line":22,"column":1}},"1":{"start":{"line":12,"column":2},"end":{"line":21,"column":8}}},"fnMap":{"0":{"name":"(anonymous_0)","decl":{"start":{"line":11,"column":18},"end":{"line":11,"column":19}},"loc":{"start":{"line":12,"column":2},"end":{"line":21,"column":8}},"line":12}},"branchMap":{"0":{"loc":{"start":{"line":14,"column":10},"end":{"line":14,"column":47}},"type":"cond-expr","locations":[{"start":{"line":14,"column":24},"end":{"line":14,"column":35}},{"start":{"line":14,"column":38},"end":{"line":14,"column":47}}],"line":14}},"s":{"0":1,"1":2},"f":{"0":2},"b":{"0":[1,1]},"_coverageSchema":"1a1c01bbd47fc00a2c39e90264f33305004495a9","hash":"0ec7411e127d3c5fd7e83b6a93f86b11e001ebbe"}
,"/Users/sduball/Documents/school/spring2020/senior/website/frontend/components/svg/icon/SaveIcon.tsx": {"path":"/Users/sduball/Documents/school/spring2020/senior/website/frontend/components/svg/icon/SaveIcon.tsx","statementMap":{"0":{"start":{"line":11,"column":17},"end":{"line":26,"column":1}},"1":{"start":{"line":12,"column":2},"end":{"line":25,"column":8}}},"fnMap":{"0":{"name":"(anonymous_0)","decl":{"start":{"line":11,"column":17},"end":{"line":11,"column":18}},"loc":{"start":{"line":12,"column":2},"end":{"line":25,"column":8}},"line":12}},"branchMap":{"0":{"loc":{"start":{"line":14,"column":10},"end":{"line":14,"column":47}},"type":"cond-expr","locations":[{"start":{"line":14,"column":24},"end":{"line":14,"column":35}},{"start":{"line":14,"column":38},"end":{"line":14,"column":47}}],"line":14}},"s":{"0":1,"1":2},"f":{"0":2},"b":{"0":[1,1]},"_coverageSchema":"1a1c01bbd47fc00a2c39e90264f33305004495a9","hash":"c884dd4be86d7fc829d88e91113dce871eaee1cb"}
,"/Users/sduball/Documents/school/spring2020/senior/website/frontend/components/svg/icon/SearchIcon.tsx": {"path":"/Users/sduball/Documents/school/spring2020/senior/website/frontend/components/svg/icon/SearchIcon.tsx","statementMap":{"0":{"start":{"line":11,"column":19},"end":{"line":26,"column":1}},"1":{"start":{"line":12,"column":2},"end":{"line":25,"column":8}}},"fnMap":{"0":{"name":"(anonymous_0)","decl":{"start":{"line":11,"column":19},"end":{"line":11,"column":20}},"loc":{"start":{"line":12,"column":2},"end":{"line":25,"column":8}},"line":12}},"branchMap":{"0":{"loc":{"start":{"line":14,"column":10},"end":{"line":14,"column":47}},"type":"cond-expr","locations":[{"start":{"line":14,"column":24},"end":{"line":14,"column":35}},{"start":{"line":14,"column":38},"end":{"line":14,"column":47}}],"line":14}},"s":{"0":1,"1":2},"f":{"0":2},"b":{"0":[1,1]},"_coverageSchema":"1a1c01bbd47fc00a2c39e90264f33305004495a9","hash":"d112fa6c17575158d1ce717f3ea732c878f310c3"}
,"/Users/sduball/Documents/school/spring2020/senior/website/frontend/components/svg/icon/SendIcon.tsx": {"path":"/Users/sduball/Documents/school/spring2020/senior/website/frontend/components/svg/icon/SendIcon.tsx","statementMap":{"0":{"start":{"line":11,"column":17},"end":{"line":22,"column":1}},"1":{"start":{"line":12,"column":2},"end":{"line":21,"column":8}}},"fnMap":{"0":{"name":"(anonymous_0)","decl":{"start":{"line":11,"column":17},"end":{"line":11,"column":18}},"loc":{"start":{"line":12,"column":2},"end":{"line":21,"column":8}},"line":12}},"branchMap":{"0":{"loc":{"start":{"line":14,"column":10},"end":{"line":14,"column":47}},"type":"cond-expr","locations":[{"start":{"line":14,"column":24},"end":{"line":14,"column":35}},{"start":{"line":14,"column":38},"end":{"line":14,"column":47}}],"line":14}},"s":{"0":1,"1":2},"f":{"0":2},"b":{"0":[1,1]},"_coverageSchema":"1a1c01bbd47fc00a2c39e90264f33305004495a9","hash":"aa51e55b41c01036c9d9a42c6761adb0f48f665d"}
,"/Users/sduball/Documents/school/spring2020/senior/website/frontend/components/svg/icon/SettingsIcon.tsx": {"path":"/Users/sduball/Documents/school/spring2020/senior/website/frontend/components/svg/icon/SettingsIcon.tsx","statementMap":{"0":{"start":{"line":11,"column":21},"end":{"line":26,"column":1}},"1":{"start":{"line":12,"column":2},"end":{"line":25,"column":8}}},"fnMap":{"0":{"name":"(anonymous_0)","decl":{"start":{"line":11,"column":21},"end":{"line":11,"column":22}},"loc":{"start":{"line":12,"column":2},"end":{"line":25,"column":8}},"line":12}},"branchMap":{"0":{"loc":{"start":{"line":14,"column":10},"end":{"line":14,"column":47}},"type":"cond-expr","locations":[{"start":{"line":14,"column":24},"end":{"line":14,"column":35}},{"start":{"line":14,"column":38},"end":{"line":14,"column":47}}],"line":14}},"s":{"0":1,"1":2},"f":{"0":2},"b":{"0":[1,1]},"_coverageSchema":"1a1c01bbd47fc00a2c39e90264f33305004495a9","hash":"a4d9f3d070451c082e6035cdb43f4c3eb792edf3"}
,"/Users/sduball/Documents/school/spring2020/senior/website/frontend/components/svg/icon/ShieldIcon.tsx": {"path":"/Users/sduball/Documents/school/spring2020/senior/website/frontend/components/svg/icon/ShieldIcon.tsx","statementMap":{"0":{"start":{"line":11,"column":19},"end":{"line":31,"column":1}},"1":{"start":{"line":12,"column":2},"end":{"line":30,"column":8}}},"fnMap":{"0":{"name":"(anonymous_0)","decl":{"start":{"line":11,"column":19},"end":{"line":11,"column":20}},"loc":{"start":{"line":12,"column":2},"end":{"line":30,"column":8}},"line":12}},"branchMap":{"0":{"loc":{"start":{"line":14,"column":10},"end":{"line":14,"column":47}},"type":"cond-expr","locations":[{"start":{"line":14,"column":24},"end":{"line":14,"column":35}},{"start":{"line":14,"column":38},"end":{"line":14,"column":47}}],"line":14}},"s":{"0":1,"1":2},"f":{"0":2},"b":{"0":[1,1]},"_coverageSchema":"1a1c01bbd47fc00a2c39e90264f33305004495a9","hash":"9a0ff5966207b92572957c297609b0b777d324ff"}
,"/Users/sduball/Documents/school/spring2020/senior/website/frontend/components/svg/icon/SignInIcon.tsx": {"path":"/Users/sduball/Documents/school/spring2020/senior/website/frontend/components/svg/icon/SignInIcon.tsx","statementMap":{"0":{"start":{"line":11,"column":19},"end":{"line":26,"column":1}},"1":{"start":{"line":12,"column":2},"end":{"line":25,"column":8}}},"fnMap":{"0":{"name":"(anonymous_0)","decl":{"start":{"line":11,"column":19},"end":{"line":11,"column":20}},"loc":{"start":{"line":12,"column":2},"end":{"line":25,"column":8}},"line":12}},"branchMap":{"0":{"loc":{"start":{"line":14,"column":10},"end":{"line":14,"column":47}},"type":"cond-expr","locations":[{"start":{"line":14,"column":24},"end":{"line":14,"column":35}},{"start":{"line":14,"column":38},"end":{"line":14,"column":47}}],"line":14}},"s":{"0":1,"1":2},"f":{"0":2},"b":{"0":[1,1]},"_coverageSchema":"1a1c01bbd47fc00a2c39e90264f33305004495a9","hash":"e0d78aef9211be8a5a41bb9d12561b3d42d878d5"}
,"/Users/sduball/Documents/school/spring2020/senior/website/frontend/components/svg/icon/SignOutIcon.tsx": {"path":"/Users/sduball/Documents/school/spring2020/senior/website/frontend/components/svg/icon/SignOutIcon.tsx","statementMap":{"0":{"start":{"line":11,"column":20},"end":{"line":26,"column":1}},"1":{"start":{"line":12,"column":2},"end":{"line":25,"column":8}}},"fnMap":{"0":{"name":"(anonymous_0)","decl":{"start":{"line":11,"column":20},"end":{"line":11,"column":21}},"loc":{"start":{"line":12,"column":2},"end":{"line":25,"column":8}},"line":12}},"branchMap":{"0":{"loc":{"start":{"line":14,"column":10},"end":{"line":14,"column":47}},"type":"cond-expr","locations":[{"start":{"line":14,"column":24},"end":{"line":14,"column":35}},{"start":{"line":14,"column":38},"end":{"line":14,"column":47}}],"line":14}},"s":{"0":1,"1":2},"f":{"0":2},"b":{"0":[1,1]},"_coverageSchema":"1a1c01bbd47fc00a2c39e90264f33305004495a9","hash":"51412cd8cc9deec06f2289d3c8a96d5fc751c275"}
,"/Users/sduball/Documents/school/spring2020/senior/website/frontend/components/svg/icon/SignUpIcon.tsx": {"path":"/Users/sduball/Documents/school/spring2020/senior/website/frontend/components/svg/icon/SignUpIcon.tsx","statementMap":{"0":{"start":{"line":11,"column":19},"end":{"line":26,"column":1}},"1":{"start":{"line":12,"column":2},"end":{"line":25,"column":8}}},"fnMap":{"0":{"name":"(anonymous_0)","decl":{"start":{"line":11,"column":19},"end":{"line":11,"column":20}},"loc":{"start":{"line":12,"column":2},"end":{"line":25,"column":8}},"line":12}},"branchMap":{"0":{"loc":{"start":{"line":14,"column":10},"end":{"line":14,"column":47}},"type":"cond-expr","locations":[{"start":{"line":14,"column":24},"end":{"line":14,"column":35}},{"start":{"line":14,"column":38},"end":{"line":14,"column":47}}],"line":14}},"s":{"0":1,"1":2},"f":{"0":2},"b":{"0":[1,1]},"_coverageSchema":"1a1c01bbd47fc00a2c39e90264f33305004495a9","hash":"977eb7f9bb14126d4776db04e59a48dca31344b0"}
,"/Users/sduball/Documents/school/spring2020/senior/website/frontend/components/svg/icon/SuccessIcon.tsx": {"path":"/Users/sduball/Documents/school/spring2020/senior/website/frontend/components/svg/icon/SuccessIcon.tsx","statementMap":{"0":{"start":{"line":11,"column":20},"end":{"line":26,"column":1}},"1":{"start":{"line":12,"column":2},"end":{"line":25,"column":8}}},"fnMap":{"0":{"name":"(anonymous_0)","decl":{"start":{"line":11,"column":20},"end":{"line":11,"column":21}},"loc":{"start":{"line":12,"column":2},"end":{"line":25,"column":8}},"line":12}},"branchMap":{"0":{"loc":{"start":{"line":14,"column":10},"end":{"line":14,"column":47}},"type":"cond-expr","locations":[{"start":{"line":14,"column":24},"end":{"line":14,"column":35}},{"start":{"line":14,"column":38},"end":{"line":14,"column":47}}],"line":14}},"s":{"0":1,"1":2},"f":{"0":2},"b":{"0":[1,1]},"_coverageSchema":"1a1c01bbd47fc00a2c39e90264f33305004495a9","hash":"e5da8e1fc868c8b2d310c10a5b0bace3023e9e5c"}
,"/Users/sduball/Documents/school/spring2020/senior/website/frontend/components/svg/icon/TargetIcon.tsx": {"path":"/Users/sduball/Documents/school/spring2020/senior/website/frontend/components/svg/icon/TargetIcon.tsx","statementMap":{"0":{"start":{"line":11,"column":19},"end":{"line":31,"column":1}},"1":{"start":{"line":12,"column":2},"end":{"line":30,"column":8}}},"fnMap":{"0":{"name":"(anonymous_0)","decl":{"start":{"line":11,"column":19},"end":{"line":11,"column":20}},"loc":{"start":{"line":12,"column":2},"end":{"line":30,"column":8}},"line":12}},"branchMap":{"0":{"loc":{"start":{"line":14,"column":10},"end":{"line":14,"column":47}},"type":"cond-expr","locations":[{"start":{"line":14,"column":24},"end":{"line":14,"column":35}},{"start":{"line":14,"column":38},"end":{"line":14,"column":47}}],"line":14}},"s":{"0":1,"1":2},"f":{"0":2},"b":{"0":[1,1]},"_coverageSchema":"1a1c01bbd47fc00a2c39e90264f33305004495a9","hash":"b6636d3a1a320a100500f5a5a0e2f7d52bd43f24"}
,"/Users/sduball/Documents/school/spring2020/senior/website/frontend/components/svg/icon/TitleIcon.tsx": {"path":"/Users/sduball/Documents/school/spring2020/senior/website/frontend/components/svg/icon/TitleIcon.tsx","statementMap":{"0":{"start":{"line":11,"column":18},"end":{"line":22,"column":1}},"1":{"start":{"line":12,"column":2},"end":{"line":21,"column":8}}},"fnMap":{"0":{"name":"(anonymous_0)","decl":{"start":{"line":11,"column":18},"end":{"line":11,"column":19}},"loc":{"start":{"line":12,"column":2},"end":{"line":21,"column":8}},"line":12}},"branchMap":{"0":{"loc":{"start":{"line":14,"column":10},"end":{"line":14,"column":47}},"type":"cond-expr","locations":[{"start":{"line":14,"column":24},"end":{"line":14,"column":35}},{"start":{"line":14,"column":38},"end":{"line":14,"column":47}}],"line":14}},"s":{"0":1,"1":2},"f":{"0":2},"b":{"0":[1,1]},"_coverageSchema":"1a1c01bbd47fc00a2c39e90264f33305004495a9","hash":"0246d1f458252f4093252be500bc189373a59f2e"}
,"/Users/sduball/Documents/school/spring2020/senior/website/frontend/components/svg/icon/UnderlineIcon.tsx": {"path":"/Users/sduball/Documents/school/spring2020/senior/website/frontend/components/svg/icon/UnderlineIcon.tsx","statementMap":{"0":{"start":{"line":11,"column":22},"end":{"line":22,"column":1}},"1":{"start":{"line":12,"column":2},"end":{"line":21,"column":8}}},"fnMap":{"0":{"name":"(anonymous_0)","decl":{"start":{"line":11,"column":22},"end":{"line":11,"column":23}},"loc":{"start":{"line":12,"column":2},"end":{"line":21,"column":8}},"line":12}},"branchMap":{"0":{"loc":{"start":{"line":14,"column":10},"end":{"line":14,"column":47}},"type":"cond-expr","locations":[{"start":{"line":14,"column":24},"end":{"line":14,"column":35}},{"start":{"line":14,"column":38},"end":{"line":14,"column":47}}],"line":14}},"s":{"0":1,"1":2},"f":{"0":2},"b":{"0":[1,1]},"_coverageSchema":"1a1c01bbd47fc00a2c39e90264f33305004495a9","hash":"f123bee8f21704c6efdd527ea1533ccdf2b9a6bf"}
,"/Users/sduball/Documents/school/spring2020/senior/website/frontend/components/text/H1.tsx": {"path":"/Users/sduball/Documents/school/spring2020/senior/website/frontend/components/text/H1.tsx","statementMap":{"0":{"start":{"line":3,"column":11},"end":{"line":8,"column":1}},"1":{"start":{"line":6,"column":20},"end":{"line":6,"column":50}}},"fnMap":{"0":{"name":"(anonymous_0)","decl":{"start":{"line":6,"column":11},"end":{"line":6,"column":12}},"loc":{"start":{"line":6,"column":20},"end":{"line":6,"column":50}},"line":6}},"branchMap":{},"s":{"0":3,"1":4},"f":{"0":4},"b":{},"_coverageSchema":"1a1c01bbd47fc00a2c39e90264f33305004495a9","hash":"4b81c5d8a1e708d19fa9d31a97102a5114faeb2a"}
,"/Users/sduball/Documents/school/spring2020/senior/website/frontend/components/text/P.tsx": {"path":"/Users/sduball/Documents/school/spring2020/senior/website/frontend/components/text/P.tsx","statementMap":{"0":{"start":{"line":3,"column":10},"end":{"line":8,"column":1}},"1":{"start":{"line":6,"column":20},"end":{"line":6,"column":50}}},"fnMap":{"0":{"name":"(anonymous_0)","decl":{"start":{"line":6,"column":11},"end":{"line":6,"column":12}},"loc":{"start":{"line":6,"column":20},"end":{"line":6,"column":50}},"line":6}},"branchMap":{},"s":{"0":1,"1":1},"f":{"0":1},"b":{},"_coverageSchema":"1a1c01bbd47fc00a2c39e90264f33305004495a9","hash":"549ef508fd4e79c0d44fb8f5871903b96fb0a62d"}
}
